{"/Users/ancient0328/Development/MCPserver/HARCA/modules/memory-corpus/src/index.js": {"path":"/Users/ancient0328/Development/MCPserver/HARCA/modules/memory-corpus/src/index.js","statementMap":{"0":{"start":{"line":28,"column":4},"end":{"line":28,"column":27}},"1":{"start":{"line":31,"column":4},"end":{"line":31,"column":52}},"2":{"start":{"line":32,"column":4},"end":{"line":32,"column":50}},"3":{"start":{"line":33,"column":4},"end":{"line":33,"column":56}},"4":{"start":{"line":35,"column":4},"end":{"line":35,"column":44}},"5":{"start":{"line":44,"column":4},"end":{"line":44,"column":55}},"6":{"start":{"line":53,"column":4},"end":{"line":53,"column":50}},"7":{"start":{"line":63,"column":4},"end":{"line":63,"column":65}},"8":{"start":{"line":72,"column":4},"end":{"line":72,"column":53}},"9":{"start":{"line":82,"column":4},"end":{"line":82,"column":59}},"10":{"start":{"line":95,"column":4},"end":{"line":95,"column":51}},"11":{"start":{"line":105,"column":4},"end":{"line":105,"column":68}},"12":{"start":{"line":115,"column":4},"end":{"line":115,"column":57}},"13":{"start":{"line":124,"column":4},"end":{"line":124,"column":58}},"14":{"start":{"line":133,"column":23},"end":{"line":133,"column":75}},"15":{"start":{"line":135,"column":4},"end":{"line":138,"column":8}},"16":{"start":{"line":135,"column":36},"end":{"line":138,"column":5}},"17":{"start":{"line":147,"column":4},"end":{"line":147,"column":56}},"18":{"start":{"line":156,"column":4},"end":{"line":156,"column":61}},"19":{"start":{"line":164,"column":4},"end":{"line":164,"column":53}},"20":{"start":{"line":172,"column":4},"end":{"line":172,"column":50}},"21":{"start":{"line":180,"column":4},"end":{"line":180,"column":57}},"22":{"start":{"line":189,"column":16},"end":{"line":189,"column":18}},"23":{"start":{"line":190,"column":4},"end":{"line":193,"column":5}},"24":{"start":{"line":191,"column":17},"end":{"line":191,"column":52}},"25":{"start":{"line":192,"column":6},"end":{"line":192,"column":19}},"26":{"start":{"line":194,"column":4},"end":{"line":194,"column":15}},"27":{"start":{"line":203,"column":18},"end":{"line":203,"column":19}},"28":{"start":{"line":204,"column":17},"end":{"line":204,"column":18}},"29":{"start":{"line":206,"column":4},"end":{"line":213,"column":5}},"30":{"start":{"line":207,"column":21},"end":{"line":207,"column":48}},"31":{"start":{"line":208,"column":6},"end":{"line":212,"column":7}},"32":{"start":{"line":209,"column":8},"end":{"line":209,"column":18}},"33":{"start":{"line":211,"column":8},"end":{"line":211,"column":17}},"34":{"start":{"line":215,"column":4},"end":{"line":215,"column":31}}},"fnMap":{"0":{"name":"(anonymous_0)","decl":{"start":{"line":27,"column":2},"end":{"line":27,"column":3}},"loc":{"start":{"line":27,"column":28},"end":{"line":36,"column":3}},"line":27},"1":{"name":"(anonymous_1)","decl":{"start":{"line":43,"column":2},"end":{"line":43,"column":3}},"loc":{"start":{"line":43,"column":33},"end":{"line":45,"column":3}},"line":43},"2":{"name":"(anonymous_2)","decl":{"start":{"line":52,"column":2},"end":{"line":52,"column":3}},"loc":{"start":{"line":52,"column":28},"end":{"line":54,"column":3}},"line":52},"3":{"name":"(anonymous_3)","decl":{"start":{"line":62,"column":2},"end":{"line":62,"column":3}},"loc":{"start":{"line":62,"column":43},"end":{"line":64,"column":3}},"line":62},"4":{"name":"(anonymous_4)","decl":{"start":{"line":71,"column":2},"end":{"line":71,"column":3}},"loc":{"start":{"line":71,"column":31},"end":{"line":73,"column":3}},"line":71},"5":{"name":"(anonymous_5)","decl":{"start":{"line":81,"column":2},"end":{"line":81,"column":3}},"loc":{"start":{"line":81,"column":47},"end":{"line":83,"column":3}},"line":81},"6":{"name":"(anonymous_6)","decl":{"start":{"line":94,"column":2},"end":{"line":94,"column":3}},"loc":{"start":{"line":94,"column":31},"end":{"line":96,"column":3}},"line":94},"7":{"name":"(anonymous_7)","decl":{"start":{"line":104,"column":2},"end":{"line":104,"column":3}},"loc":{"start":{"line":104,"column":52},"end":{"line":106,"column":3}},"line":104},"8":{"name":"(anonymous_8)","decl":{"start":{"line":114,"column":2},"end":{"line":114,"column":3}},"loc":{"start":{"line":114,"column":41},"end":{"line":116,"column":3}},"line":114},"9":{"name":"(anonymous_9)","decl":{"start":{"line":123,"column":2},"end":{"line":123,"column":3}},"loc":{"start":{"line":123,"column":46},"end":{"line":125,"column":3}},"line":123},"10":{"name":"(anonymous_10)","decl":{"start":{"line":132,"column":2},"end":{"line":132,"column":3}},"loc":{"start":{"line":132,"column":44},"end":{"line":139,"column":3}},"line":132},"11":{"name":"(anonymous_11)","decl":{"start":{"line":135,"column":26},"end":{"line":135,"column":27}},"loc":{"start":{"line":135,"column":36},"end":{"line":138,"column":5}},"line":135},"12":{"name":"(anonymous_12)","decl":{"start":{"line":146,"column":2},"end":{"line":146,"column":3}},"loc":{"start":{"line":146,"column":32},"end":{"line":148,"column":3}},"line":146},"13":{"name":"(anonymous_13)","decl":{"start":{"line":155,"column":2},"end":{"line":155,"column":3}},"loc":{"start":{"line":155,"column":42},"end":{"line":157,"column":3}},"line":155},"14":{"name":"(anonymous_14)","decl":{"start":{"line":163,"column":2},"end":{"line":163,"column":3}},"loc":{"start":{"line":163,"column":29},"end":{"line":165,"column":3}},"line":163},"15":{"name":"(anonymous_15)","decl":{"start":{"line":171,"column":2},"end":{"line":171,"column":3}},"loc":{"start":{"line":171,"column":27},"end":{"line":173,"column":3}},"line":171},"16":{"name":"(anonymous_16)","decl":{"start":{"line":179,"column":2},"end":{"line":179,"column":3}},"loc":{"start":{"line":179,"column":33},"end":{"line":181,"column":3}},"line":179},"17":{"name":"(anonymous_17)","decl":{"start":{"line":188,"column":2},"end":{"line":188,"column":3}},"loc":{"start":{"line":188,"column":41},"end":{"line":195,"column":3}},"line":188},"18":{"name":"(anonymous_18)","decl":{"start":{"line":202,"column":2},"end":{"line":202,"column":3}},"loc":{"start":{"line":202,"column":38},"end":{"line":216,"column":3}},"line":202}},"branchMap":{"0":{"loc":{"start":{"line":27,"column":14},"end":{"line":27,"column":26}},"type":"default-arg","locations":[{"start":{"line":27,"column":24},"end":{"line":27,"column":26}}],"line":27},"1":{"loc":{"start":{"line":81,"column":21},"end":{"line":81,"column":31}},"type":"default-arg","locations":[{"start":{"line":81,"column":29},"end":{"line":81,"column":31}}],"line":81},"2":{"loc":{"start":{"line":81,"column":33},"end":{"line":81,"column":45}},"type":"default-arg","locations":[{"start":{"line":81,"column":43},"end":{"line":81,"column":45}}],"line":81},"3":{"loc":{"start":{"line":104,"column":38},"end":{"line":104,"column":50}},"type":"default-arg","locations":[{"start":{"line":104,"column":48},"end":{"line":104,"column":50}}],"line":104},"4":{"loc":{"start":{"line":114,"column":27},"end":{"line":114,"column":39}},"type":"default-arg","locations":[{"start":{"line":114,"column":37},"end":{"line":114,"column":39}}],"line":114},"5":{"loc":{"start":{"line":123,"column":32},"end":{"line":123,"column":44}},"type":"default-arg","locations":[{"start":{"line":123,"column":42},"end":{"line":123,"column":44}}],"line":123},"6":{"loc":{"start":{"line":132,"column":30},"end":{"line":132,"column":42}},"type":"default-arg","locations":[{"start":{"line":132,"column":40},"end":{"line":132,"column":42}}],"line":132},"7":{"loc":{"start":{"line":155,"column":28},"end":{"line":155,"column":40}},"type":"default-arg","locations":[{"start":{"line":155,"column":38},"end":{"line":155,"column":40}}],"line":155},"8":{"loc":{"start":{"line":208,"column":6},"end":{"line":212,"column":7}},"type":"if","locations":[{"start":{"line":208,"column":6},"end":{"line":212,"column":7}},{"start":{"line":210,"column":13},"end":{"line":212,"column":7}}],"line":208}},"s":{"0":0,"1":0,"2":0,"3":0,"4":0,"5":0,"6":0,"7":0,"8":0,"9":0,"10":0,"11":0,"12":0,"13":0,"14":0,"15":0,"16":0,"17":0,"18":0,"19":0,"20":0,"21":0,"22":0,"23":0,"24":0,"25":0,"26":0,"27":0,"28":0,"29":0,"30":0,"31":0,"32":0,"33":0,"34":0},"f":{"0":0,"1":0,"2":0,"3":0,"4":0,"5":0,"6":0,"7":0,"8":0,"9":0,"10":0,"11":0,"12":0,"13":0,"14":0,"15":0,"16":0,"17":0,"18":0},"b":{"0":[0],"1":[0],"2":[0],"3":[0],"4":[0],"5":[0],"6":[0],"7":[0],"8":[0,0]},"inputSourceMap":null}
,"/Users/ancient0328/Development/MCPserver/HARCA/modules/memory-corpus/src/memory-integration.js": {"path":"/Users/ancient0328/Development/MCPserver/HARCA/modules/memory-corpus/src/memory-integration.js","statementMap":{"0":{"start":{"line":21,"column":4},"end":{"line":21,"column":45}},"1":{"start":{"line":22,"column":4},"end":{"line":22,"column":47}},"2":{"start":{"line":23,"column":4},"end":{"line":23,"column":45}},"3":{"start":{"line":24,"column":4},"end":{"line":24,"column":51}},"4":{"start":{"line":27,"column":4},"end":{"line":38,"column":6}},"5":{"start":{"line":48,"column":4},"end":{"line":77,"column":5}},"6":{"start":{"line":50,"column":6},"end":{"line":52,"column":7}},"7":{"start":{"line":51,"column":8},"end":{"line":51,"column":60}},"8":{"start":{"line":55,"column":23},"end":{"line":55,"column":69}},"9":{"start":{"line":58,"column":33},"end":{"line":58,"column":35}},"10":{"start":{"line":60,"column":6},"end":{"line":71,"column":7}},"11":{"start":{"line":62,"column":8},"end":{"line":66,"column":9}},"12":{"start":{"line":64,"column":10},"end":{"line":64,"column":46}},"13":{"start":{"line":65,"column":10},"end":{"line":65,"column":19}},"14":{"start":{"line":69,"column":27},"end":{"line":69,"column":73}},"15":{"start":{"line":70,"column":8},"end":{"line":70,"column":44}},"16":{"start":{"line":73,"column":6},"end":{"line":73,"column":32}},"17":{"start":{"line":75,"column":6},"end":{"line":75,"column":70}},"18":{"start":{"line":76,"column":6},"end":{"line":76,"column":22}},"19":{"start":{"line":87,"column":4},"end":{"line":130,"column":5}},"20":{"start":{"line":89,"column":6},"end":{"line":91,"column":7}},"21":{"start":{"line":90,"column":8},"end":{"line":90,"column":60}},"22":{"start":{"line":94,"column":23},"end":{"line":102,"column":8}},"23":{"start":{"line":95,"column":8},"end":{"line":101,"column":10}},"24":{"start":{"line":105,"column":22},"end":{"line":105,"column":68}},"25":{"start":{"line":108,"column":28},"end":{"line":118,"column":7}},"26":{"start":{"line":111,"column":38},"end":{"line":111,"column":42}},"27":{"start":{"line":121,"column":24},"end":{"line":121,"column":75}},"28":{"start":{"line":123,"column":6},"end":{"line":126,"column":8}},"29":{"start":{"line":128,"column":6},"end":{"line":128,"column":70}},"30":{"start":{"line":129,"column":6},"end":{"line":129,"column":18}},"31":{"start":{"line":142,"column":22},"end":{"line":142,"column":84}},"32":{"start":{"line":145,"column":21},"end":{"line":145,"column":23}},"33":{"start":{"line":148,"column":24},"end":{"line":148,"column":37}},"34":{"start":{"line":150,"column":4},"end":{"line":174,"column":5}},"35":{"start":{"line":152,"column":19},"end":{"line":152,"column":38}},"36":{"start":{"line":155,"column":22},"end":{"line":155,"column":28}},"37":{"start":{"line":158,"column":6},"end":{"line":170,"column":7}},"38":{"start":{"line":158,"column":19},"end":{"line":158,"column":20}},"39":{"start":{"line":159,"column":23},"end":{"line":159,"column":37}},"40":{"start":{"line":162,"column":27},"end":{"line":162,"column":72}},"41":{"start":{"line":165,"column":8},"end":{"line":169,"column":9}},"42":{"start":{"line":166,"column":10},"end":{"line":166,"column":31}},"43":{"start":{"line":167,"column":10},"end":{"line":167,"column":35}},"44":{"start":{"line":168,"column":10},"end":{"line":168,"column":14}},"45":{"start":{"line":173,"column":6},"end":{"line":173,"column":29}},"46":{"start":{"line":176,"column":4},"end":{"line":176,"column":20}},"47":{"start":{"line":188,"column":4},"end":{"line":190,"column":5}},"48":{"start":{"line":189,"column":6},"end":{"line":189,"column":24}},"49":{"start":{"line":193,"column":19},"end":{"line":197,"column":6}},"50":{"start":{"line":194,"column":20},"end":{"line":194,"column":47}},"51":{"start":{"line":195,"column":20},"end":{"line":195,"column":47}},"52":{"start":{"line":196,"column":6},"end":{"line":196,"column":27}},"53":{"start":{"line":200,"column":28},"end":{"line":200,"column":66}},"54":{"start":{"line":203,"column":4},"end":{"line":219,"column":5}},"55":{"start":{"line":206,"column":8},"end":{"line":206,"column":55}},"56":{"start":{"line":210,"column":8},"end":{"line":210,"column":52}},"57":{"start":{"line":214,"column":8},"end":{"line":214,"column":41}},"58":{"start":{"line":218,"column":8},"end":{"line":218,"column":55}},"59":{"start":{"line":230,"column":18},"end":{"line":230,"column":52}},"60":{"start":{"line":230,"column":44},"end":{"line":230,"column":50}},"61":{"start":{"line":233,"column":4},"end":{"line":259,"column":5}},"62":{"start":{"line":234,"column":19},"end":{"line":234,"column":39}},"63":{"start":{"line":237,"column":6},"end":{"line":258,"column":7}},"64":{"start":{"line":239,"column":10},"end":{"line":239,"column":29}},"65":{"start":{"line":242,"column":10},"end":{"line":242,"column":25}},"66":{"start":{"line":245,"column":10},"end":{"line":245,"column":25}},"67":{"start":{"line":248,"column":10},"end":{"line":248,"column":26}},"68":{"start":{"line":251,"column":10},"end":{"line":251,"column":29}},"69":{"start":{"line":254,"column":10},"end":{"line":254,"column":29}},"70":{"start":{"line":257,"column":10},"end":{"line":257,"column":29}},"71":{"start":{"line":262,"column":4},"end":{"line":262,"column":23}},"72":{"start":{"line":274,"column":19},"end":{"line":274,"column":48}},"73":{"start":{"line":277,"column":26},"end":{"line":277,"column":55}},"74":{"start":{"line":280,"column":27},"end":{"line":280,"column":56}},"75":{"start":{"line":283,"column":25},"end":{"line":292,"column":5}},"76":{"start":{"line":286,"column":36},"end":{"line":286,"column":40}},"77":{"start":{"line":295,"column":21},"end":{"line":295,"column":71}},"78":{"start":{"line":297,"column":4},"end":{"line":300,"column":6}},"79":{"start":{"line":311,"column":17},"end":{"line":311,"column":33}},"80":{"start":{"line":314,"column":4},"end":{"line":326,"column":5}},"81":{"start":{"line":317,"column":8},"end":{"line":317,"column":53}},"82":{"start":{"line":321,"column":8},"end":{"line":321,"column":53}},"83":{"start":{"line":325,"column":8},"end":{"line":325,"column":57}},"84":{"start":{"line":325,"column":33},"end":{"line":325,"column":42}},"85":{"start":{"line":337,"column":25},"end":{"line":342,"column":5}},"86":{"start":{"line":345,"column":27},"end":{"line":345,"column":71}},"87":{"start":{"line":348,"column":4},"end":{"line":351,"column":6}},"88":{"start":{"line":362,"column":4},"end":{"line":383,"column":5}},"89":{"start":{"line":364,"column":22},"end":{"line":367,"column":8}},"90":{"start":{"line":369,"column":6},"end":{"line":369,"column":21}},"91":{"start":{"line":371,"column":6},"end":{"line":371,"column":68}},"92":{"start":{"line":374,"column":28},"end":{"line":374,"column":65}},"93":{"start":{"line":376,"column":6},"end":{"line":382,"column":8}},"94":{"start":{"line":394,"column":28},"end":{"line":394,"column":66}},"95":{"start":{"line":394,"column":46},"end":{"line":394,"column":55}},"96":{"start":{"line":397,"column":22},"end":{"line":397,"column":50}},"97":{"start":{"line":399,"column":4},"end":{"line":401,"column":5}},"98":{"start":{"line":400,"column":6},"end":{"line":400,"column":29}},"99":{"start":{"line":404,"column":4},"end":{"line":404,"column":63}},"100":{"start":{"line":415,"column":24},"end":{"line":415,"column":72}},"101":{"start":{"line":415,"column":42},"end":{"line":415,"column":71}},"102":{"start":{"line":418,"column":16},"end":{"line":418,"column":62}},"103":{"start":{"line":418,"column":49},"end":{"line":418,"column":58}},"104":{"start":{"line":419,"column":20},"end":{"line":419,"column":44}},"105":{"start":{"line":426,"column":4},"end":{"line":426,"column":19}},"106":{"start":{"line":437,"column":24},"end":{"line":437,"column":72}},"107":{"start":{"line":437,"column":42},"end":{"line":437,"column":71}},"108":{"start":{"line":440,"column":16},"end":{"line":440,"column":62}},"109":{"start":{"line":440,"column":49},"end":{"line":440,"column":58}},"110":{"start":{"line":441,"column":4},"end":{"line":441,"column":36}},"111":{"start":{"line":452,"column":4},"end":{"line":460,"column":5}},"112":{"start":{"line":454,"column":6},"end":{"line":454,"column":78}},"113":{"start":{"line":456,"column":6},"end":{"line":456,"column":72}},"114":{"start":{"line":459,"column":6},"end":{"line":459,"column":63}},"115":{"start":{"line":472,"column":4},"end":{"line":474,"column":5}},"116":{"start":{"line":473,"column":6},"end":{"line":473,"column":17}},"117":{"start":{"line":477,"column":4},"end":{"line":479,"column":5}},"118":{"start":{"line":478,"column":6},"end":{"line":478,"column":17}},"119":{"start":{"line":482,"column":21},"end":{"line":482,"column":42}},"120":{"start":{"line":483,"column":21},"end":{"line":483,"column":42}},"121":{"start":{"line":486,"column":4},"end":{"line":488,"column":5}},"122":{"start":{"line":487,"column":6},"end":{"line":487,"column":17}},"123":{"start":{"line":491,"column":19},"end":{"line":491,"column":63}},"124":{"start":{"line":492,"column":19},"end":{"line":492,"column":63}},"125":{"start":{"line":495,"column":22},"end":{"line":495,"column":23}},"126":{"start":{"line":496,"column":4},"end":{"line":500,"column":5}},"127":{"start":{"line":497,"column":6},"end":{"line":499,"column":7}},"128":{"start":{"line":498,"column":8},"end":{"line":498,"column":22}},"129":{"start":{"line":503,"column":18},"end":{"line":503,"column":49}},"130":{"start":{"line":504,"column":4},"end":{"line":504,"column":36}}},"fnMap":{"0":{"name":"(anonymous_0)","decl":{"start":{"line":19,"column":2},"end":{"line":19,"column":3}},"loc":{"start":{"line":19,"column":28},"end":{"line":39,"column":3}},"line":19},"1":{"name":"(anonymous_1)","decl":{"start":{"line":47,"column":2},"end":{"line":47,"column":3}},"loc":{"start":{"line":47,"column":50},"end":{"line":78,"column":3}},"line":47},"2":{"name":"(anonymous_2)","decl":{"start":{"line":86,"column":2},"end":{"line":86,"column":3}},"loc":{"start":{"line":86,"column":50},"end":{"line":131,"column":3}},"line":86},"3":{"name":"(anonymous_3)","decl":{"start":{"line":94,"column":36},"end":{"line":94,"column":37}},"loc":{"start":{"line":94,"column":46},"end":{"line":102,"column":7}},"line":94},"4":{"name":"(anonymous_4)","decl":{"start":{"line":111,"column":33},"end":{"line":111,"column":34}},"loc":{"start":{"line":111,"column":38},"end":{"line":111,"column":42}},"line":111},"5":{"name":"(anonymous_5)","decl":{"start":{"line":140,"column":2},"end":{"line":140,"column":3}},"loc":{"start":{"line":140,"column":49},"end":{"line":177,"column":3}},"line":140},"6":{"name":"(anonymous_6)","decl":{"start":{"line":186,"column":2},"end":{"line":186,"column":3}},"loc":{"start":{"line":186,"column":49},"end":{"line":220,"column":3}},"line":186},"7":{"name":"(anonymous_7)","decl":{"start":{"line":193,"column":32},"end":{"line":193,"column":33}},"loc":{"start":{"line":193,"column":42},"end":{"line":197,"column":5}},"line":193},"8":{"name":"(anonymous_8)","decl":{"start":{"line":228,"column":2},"end":{"line":228,"column":3}},"loc":{"start":{"line":228,"column":38},"end":{"line":263,"column":3}},"line":228},"9":{"name":"(anonymous_9)","decl":{"start":{"line":230,"column":39},"end":{"line":230,"column":40}},"loc":{"start":{"line":230,"column":44},"end":{"line":230,"column":50}},"line":230},"10":{"name":"(anonymous_10)","decl":{"start":{"line":272,"column":2},"end":{"line":272,"column":3}},"loc":{"start":{"line":272,"column":47},"end":{"line":301,"column":3}},"line":272},"11":{"name":"(anonymous_11)","decl":{"start":{"line":286,"column":31},"end":{"line":286,"column":32}},"loc":{"start":{"line":286,"column":36},"end":{"line":286,"column":40}},"line":286},"12":{"name":"(anonymous_12)","decl":{"start":{"line":309,"column":2},"end":{"line":309,"column":3}},"loc":{"start":{"line":309,"column":27},"end":{"line":327,"column":3}},"line":309},"13":{"name":"(anonymous_13)","decl":{"start":{"line":325,"column":28},"end":{"line":325,"column":29}},"loc":{"start":{"line":325,"column":33},"end":{"line":325,"column":42}},"line":325},"14":{"name":"(anonymous_14)","decl":{"start":{"line":335,"column":2},"end":{"line":335,"column":3}},"loc":{"start":{"line":335,"column":27},"end":{"line":352,"column":3}},"line":335},"15":{"name":"(anonymous_15)","decl":{"start":{"line":361,"column":2},"end":{"line":361,"column":3}},"loc":{"start":{"line":361,"column":49},"end":{"line":384,"column":3}},"line":361},"16":{"name":"(anonymous_16)","decl":{"start":{"line":392,"column":2},"end":{"line":392,"column":3}},"loc":{"start":{"line":392,"column":35},"end":{"line":405,"column":3}},"line":392},"17":{"name":"(anonymous_17)","decl":{"start":{"line":394,"column":41},"end":{"line":394,"column":42}},"loc":{"start":{"line":394,"column":46},"end":{"line":394,"column":55}},"line":394},"18":{"name":"(anonymous_18)","decl":{"start":{"line":413,"column":2},"end":{"line":413,"column":3}},"loc":{"start":{"line":413,"column":33},"end":{"line":427,"column":3}},"line":413},"19":{"name":"(anonymous_19)","decl":{"start":{"line":415,"column":37},"end":{"line":415,"column":38}},"loc":{"start":{"line":415,"column":42},"end":{"line":415,"column":71}},"line":415},"20":{"name":"(anonymous_20)","decl":{"start":{"line":418,"column":35},"end":{"line":418,"column":36}},"loc":{"start":{"line":418,"column":49},"end":{"line":418,"column":58}},"line":418},"21":{"name":"(anonymous_21)","decl":{"start":{"line":435,"column":2},"end":{"line":435,"column":3}},"loc":{"start":{"line":435,"column":33},"end":{"line":442,"column":3}},"line":435},"22":{"name":"(anonymous_22)","decl":{"start":{"line":437,"column":37},"end":{"line":437,"column":38}},"loc":{"start":{"line":437,"column":42},"end":{"line":437,"column":71}},"line":437},"23":{"name":"(anonymous_23)","decl":{"start":{"line":440,"column":35},"end":{"line":440,"column":36}},"loc":{"start":{"line":440,"column":49},"end":{"line":440,"column":58}},"line":440},"24":{"name":"(anonymous_24)","decl":{"start":{"line":451,"column":2},"end":{"line":451,"column":3}},"loc":{"start":{"line":451,"column":47},"end":{"line":461,"column":3}},"line":451},"25":{"name":"(anonymous_25)","decl":{"start":{"line":470,"column":2},"end":{"line":470,"column":3}},"loc":{"start":{"line":470,"column":47},"end":{"line":505,"column":3}},"line":470}},"branchMap":{"0":{"loc":{"start":{"line":19,"column":14},"end":{"line":19,"column":26}},"type":"default-arg","locations":[{"start":{"line":19,"column":24},"end":{"line":19,"column":26}}],"line":19},"1":{"loc":{"start":{"line":29,"column":27},"end":{"line":29,"column":62}},"type":"binary-expr","locations":[{"start":{"line":29,"column":27},"end":{"line":29,"column":54}},{"start":{"line":29,"column":58},"end":{"line":29,"column":62}}],"line":29},"2":{"loc":{"start":{"line":31,"column":33},"end":{"line":31,"column":71}},"type":"binary-expr","locations":[{"start":{"line":31,"column":33},"end":{"line":31,"column":66}},{"start":{"line":31,"column":70},"end":{"line":31,"column":71}}],"line":31},"3":{"loc":{"start":{"line":33,"column":41},"end":{"line":33,"column":89}},"type":"binary-expr","locations":[{"start":{"line":33,"column":41},"end":{"line":33,"column":82}},{"start":{"line":33,"column":86},"end":{"line":33,"column":89}}],"line":33},"4":{"loc":{"start":{"line":35,"column":24},"end":{"line":35,"column":55}},"type":"binary-expr","locations":[{"start":{"line":35,"column":24},"end":{"line":35,"column":48}},{"start":{"line":35,"column":52},"end":{"line":35,"column":55}}],"line":35},"5":{"loc":{"start":{"line":37,"column":27},"end":{"line":37,"column":59}},"type":"binary-expr","locations":[{"start":{"line":37,"column":27},"end":{"line":37,"column":54}},{"start":{"line":37,"column":58},"end":{"line":37,"column":59}}],"line":37},"6":{"loc":{"start":{"line":47,"column":36},"end":{"line":47,"column":48}},"type":"default-arg","locations":[{"start":{"line":47,"column":46},"end":{"line":47,"column":48}}],"line":47},"7":{"loc":{"start":{"line":50,"column":6},"end":{"line":52,"column":7}},"type":"if","locations":[{"start":{"line":50,"column":6},"end":{"line":52,"column":7}},{"start":{},"end":{}}],"line":50},"8":{"loc":{"start":{"line":50,"column":10},"end":{"line":50,"column":78}},"type":"binary-expr","locations":[{"start":{"line":50,"column":10},"end":{"line":50,"column":19}},{"start":{"line":50,"column":23},"end":{"line":50,"column":78}}],"line":50},"9":{"loc":{"start":{"line":62,"column":8},"end":{"line":66,"column":9}},"type":"if","locations":[{"start":{"line":62,"column":8},"end":{"line":66,"column":9}},{"start":{},"end":{}}],"line":62},"10":{"loc":{"start":{"line":86,"column":36},"end":{"line":86,"column":48}},"type":"default-arg","locations":[{"start":{"line":86,"column":46},"end":{"line":86,"column":48}}],"line":86},"11":{"loc":{"start":{"line":89,"column":6},"end":{"line":91,"column":7}},"type":"if","locations":[{"start":{"line":89,"column":6},"end":{"line":91,"column":7}},{"start":{},"end":{}}],"line":89},"12":{"loc":{"start":{"line":89,"column":10},"end":{"line":89,"column":42}},"type":"binary-expr","locations":[{"start":{"line":89,"column":10},"end":{"line":89,"column":19}},{"start":{"line":89,"column":23},"end":{"line":89,"column":42}}],"line":89},"13":{"loc":{"start":{"line":114,"column":24},"end":{"line":114,"column":53}},"type":"binary-expr","locations":[{"start":{"line":114,"column":24},"end":{"line":114,"column":43}},{"start":{"line":114,"column":47},"end":{"line":114,"column":53}}],"line":114},"14":{"loc":{"start":{"line":140,"column":35},"end":{"line":140,"column":47}},"type":"default-arg","locations":[{"start":{"line":140,"column":45},"end":{"line":140,"column":47}}],"line":140},"15":{"loc":{"start":{"line":142,"column":22},"end":{"line":142,"column":84}},"type":"binary-expr","locations":[{"start":{"line":142,"column":22},"end":{"line":142,"column":49}},{"start":{"line":142,"column":53},"end":{"line":142,"column":84}}],"line":142},"16":{"loc":{"start":{"line":165,"column":8},"end":{"line":169,"column":9}},"type":"if","locations":[{"start":{"line":165,"column":8},"end":{"line":169,"column":9}},{"start":{},"end":{}}],"line":165},"17":{"loc":{"start":{"line":186,"column":35},"end":{"line":186,"column":47}},"type":"default-arg","locations":[{"start":{"line":186,"column":45},"end":{"line":186,"column":47}}],"line":186},"18":{"loc":{"start":{"line":188,"column":4},"end":{"line":190,"column":5}},"type":"if","locations":[{"start":{"line":188,"column":4},"end":{"line":190,"column":5}},{"start":{},"end":{}}],"line":188},"19":{"loc":{"start":{"line":194,"column":29},"end":{"line":194,"column":46}},"type":"binary-expr","locations":[{"start":{"line":194,"column":29},"end":{"line":194,"column":41}},{"start":{"line":194,"column":45},"end":{"line":194,"column":46}}],"line":194},"20":{"loc":{"start":{"line":195,"column":29},"end":{"line":195,"column":46}},"type":"binary-expr","locations":[{"start":{"line":195,"column":29},"end":{"line":195,"column":41}},{"start":{"line":195,"column":45},"end":{"line":195,"column":46}}],"line":195},"21":{"loc":{"start":{"line":203,"column":4},"end":{"line":219,"column":5}},"type":"switch","locations":[{"start":{"line":204,"column":6},"end":{"line":206,"column":55}},{"start":{"line":208,"column":6},"end":{"line":210,"column":52}},{"start":{"line":212,"column":6},"end":{"line":214,"column":41}},{"start":{"line":216,"column":6},"end":{"line":218,"column":55}}],"line":203},"22":{"loc":{"start":{"line":233,"column":4},"end":{"line":259,"column":5}},"type":"if","locations":[{"start":{"line":233,"column":4},"end":{"line":259,"column":5}},{"start":{},"end":{}}],"line":233},"23":{"loc":{"start":{"line":237,"column":6},"end":{"line":258,"column":7}},"type":"switch","locations":[{"start":{"line":238,"column":8},"end":{"line":239,"column":29}},{"start":{"line":241,"column":8},"end":{"line":242,"column":25}},{"start":{"line":244,"column":8},"end":{"line":245,"column":25}},{"start":{"line":247,"column":8},"end":{"line":248,"column":26}},{"start":{"line":250,"column":8},"end":{"line":251,"column":29}},{"start":{"line":253,"column":8},"end":{"line":254,"column":29}},{"start":{"line":256,"column":8},"end":{"line":257,"column":29}}],"line":237},"24":{"loc":{"start":{"line":272,"column":33},"end":{"line":272,"column":45}},"type":"default-arg","locations":[{"start":{"line":272,"column":43},"end":{"line":272,"column":45}}],"line":272},"25":{"loc":{"start":{"line":314,"column":4},"end":{"line":326,"column":5}},"type":"switch","locations":[{"start":{"line":315,"column":6},"end":{"line":317,"column":53}},{"start":{"line":319,"column":6},"end":{"line":321,"column":53}},{"start":{"line":323,"column":6},"end":{"line":325,"column":57}}],"line":314},"26":{"loc":{"start":{"line":345,"column":27},"end":{"line":345,"column":71}},"type":"binary-expr","locations":[{"start":{"line":345,"column":27},"end":{"line":345,"column":65}},{"start":{"line":345,"column":69},"end":{"line":345,"column":71}}],"line":345},"27":{"loc":{"start":{"line":361,"column":35},"end":{"line":361,"column":47}},"type":"default-arg","locations":[{"start":{"line":361,"column":45},"end":{"line":361,"column":47}}],"line":361},"28":{"loc":{"start":{"line":365,"column":19},"end":{"line":365,"column":75}},"type":"binary-expr","locations":[{"start":{"line":365,"column":19},"end":{"line":365,"column":43}},{"start":{"line":365,"column":47},"end":{"line":365,"column":75}}],"line":365},"29":{"loc":{"start":{"line":399,"column":4},"end":{"line":401,"column":5}},"type":"if","locations":[{"start":{"line":399,"column":4},"end":{"line":401,"column":5}},{"start":{},"end":{}}],"line":399},"30":{"loc":{"start":{"line":415,"column":42},"end":{"line":415,"column":71}},"type":"binary-expr","locations":[{"start":{"line":415,"column":42},"end":{"line":415,"column":64}},{"start":{"line":415,"column":68},"end":{"line":415,"column":71}}],"line":415},"31":{"loc":{"start":{"line":437,"column":42},"end":{"line":437,"column":71}},"type":"binary-expr","locations":[{"start":{"line":437,"column":42},"end":{"line":437,"column":64}},{"start":{"line":437,"column":68},"end":{"line":437,"column":71}}],"line":437},"32":{"loc":{"start":{"line":472,"column":4},"end":{"line":474,"column":5}},"type":"if","locations":[{"start":{"line":472,"column":4},"end":{"line":474,"column":5}},{"start":{},"end":{}}],"line":472},"33":{"loc":{"start":{"line":477,"column":4},"end":{"line":479,"column":5}},"type":"if","locations":[{"start":{"line":477,"column":4},"end":{"line":479,"column":5}},{"start":{},"end":{}}],"line":477},"34":{"loc":{"start":{"line":482,"column":21},"end":{"line":482,"column":42}},"type":"binary-expr","locations":[{"start":{"line":482,"column":21},"end":{"line":482,"column":36}},{"start":{"line":482,"column":40},"end":{"line":482,"column":42}}],"line":482},"35":{"loc":{"start":{"line":483,"column":21},"end":{"line":483,"column":42}},"type":"binary-expr","locations":[{"start":{"line":483,"column":21},"end":{"line":483,"column":36}},{"start":{"line":483,"column":40},"end":{"line":483,"column":42}}],"line":483},"36":{"loc":{"start":{"line":486,"column":4},"end":{"line":488,"column":5}},"type":"if","locations":[{"start":{"line":486,"column":4},"end":{"line":488,"column":5}},{"start":{},"end":{}}],"line":486},"37":{"loc":{"start":{"line":486,"column":8},"end":{"line":486,"column":30}},"type":"binary-expr","locations":[{"start":{"line":486,"column":8},"end":{"line":486,"column":17}},{"start":{"line":486,"column":21},"end":{"line":486,"column":30}}],"line":486},"38":{"loc":{"start":{"line":497,"column":6},"end":{"line":499,"column":7}},"type":"if","locations":[{"start":{"line":497,"column":6},"end":{"line":499,"column":7}},{"start":{},"end":{}}],"line":497}},"s":{"0":12,"1":12,"2":12,"3":12,"4":12,"5":0,"6":0,"7":0,"8":0,"9":0,"10":0,"11":0,"12":0,"13":0,"14":0,"15":0,"16":0,"17":0,"18":0,"19":0,"20":0,"21":0,"22":0,"23":0,"24":0,"25":0,"26":0,"27":0,"28":0,"29":0,"30":0,"31":1,"32":1,"33":1,"34":1,"35":2,"36":2,"37":2,"38":2,"39":2,"40":2,"41":2,"42":1,"43":1,"44":1,"45":2,"46":1,"47":0,"48":0,"49":0,"50":0,"51":0,"52":0,"53":0,"54":0,"55":0,"56":0,"57":0,"58":0,"59":0,"60":0,"61":0,"62":0,"63":0,"64":0,"65":0,"66":0,"67":0,"68":0,"69":0,"70":0,"71":0,"72":0,"73":0,"74":0,"75":0,"76":0,"77":0,"78":0,"79":0,"80":0,"81":0,"82":0,"83":0,"84":0,"85":0,"86":0,"87":0,"88":0,"89":0,"90":0,"91":0,"92":0,"93":0,"94":0,"95":0,"96":0,"97":0,"98":0,"99":0,"100":2,"101":4,"102":2,"103":4,"104":2,"105":2,"106":0,"107":0,"108":0,"109":0,"110":0,"111":4,"112":4,"113":1,"114":1,"115":3,"116":1,"117":2,"118":1,"119":1,"120":1,"121":1,"122":0,"123":1,"124":1,"125":1,"126":1,"127":3,"128":2,"129":1,"130":1},"f":{"0":12,"1":0,"2":0,"3":0,"4":0,"5":1,"6":0,"7":0,"8":0,"9":0,"10":0,"11":0,"12":0,"13":0,"14":0,"15":0,"16":0,"17":0,"18":2,"19":4,"20":4,"21":0,"22":0,"23":0,"24":4,"25":3},"b":{"0":[0],"1":[12,0],"2":[12,0],"3":[12,12],"4":[12,12],"5":[12,12],"6":[0],"7":[0,0],"8":[0,0],"9":[0,0],"10":[0],"11":[0,0],"12":[0,0],"13":[0,0],"14":[1],"15":[1,1],"16":[1,1],"17":[0],"18":[0,0],"19":[0,0],"20":[0,0],"21":[0,0,0,0],"22":[0,0],"23":[0,0,0,0,0,0,0],"24":[0],"25":[0,0,0],"26":[0,0],"27":[0],"28":[0,0],"29":[0,0],"30":[4,1],"31":[0,0],"32":[1,2],"33":[1,1],"34":[1,0],"35":[1,0],"36":[0,1],"37":[1,1],"38":[2,1]},"inputSourceMap":null,"_coverageSchema":"1a1c01bbd47fc00a2c39e90264f33305004495a9","hash":"58f5334aa8c486645077393f27c00865f01f80ae"}
,"/Users/ancient0328/Development/MCPserver/HARCA/modules/memory-corpus/src/memory-manager.js": {"path":"/Users/ancient0328/Development/MCPserver/HARCA/modules/memory-corpus/src/memory-manager.js","statementMap":{"0":{"start":{"line":13,"column":4},"end":{"line":13,"column":30}},"1":{"start":{"line":17,"column":4},"end":{"line":17,"column":16}},"2":{"start":{"line":21,"column":4},"end":{"line":21,"column":48}},"3":{"start":{"line":22,"column":4},"end":{"line":22,"column":21}},"4":{"start":{"line":26,"column":4},"end":{"line":26,"column":41}},"5":{"start":{"line":30,"column":19},"end":{"line":30,"column":40}},"6":{"start":{"line":31,"column":4},"end":{"line":31,"column":29}},"7":{"start":{"line":31,"column":17},"end":{"line":31,"column":29}},"8":{"start":{"line":33,"column":26},"end":{"line":33,"column":52}},"9":{"start":{"line":34,"column":4},"end":{"line":34,"column":41}},"10":{"start":{"line":35,"column":4},"end":{"line":35,"column":25}},"11":{"start":{"line":39,"column":19},"end":{"line":39,"column":40}},"12":{"start":{"line":40,"column":4},"end":{"line":40,"column":29}},"13":{"start":{"line":41,"column":4},"end":{"line":41,"column":18}},"14":{"start":{"line":45,"column":18},"end":{"line":45,"column":52}},"15":{"start":{"line":48,"column":4},"end":{"line":50,"column":5}},"16":{"start":{"line":49,"column":6},"end":{"line":49,"column":64}},"17":{"start":{"line":49,"column":38},"end":{"line":49,"column":62}},"18":{"start":{"line":52,"column":4},"end":{"line":56,"column":5}},"19":{"start":{"line":53,"column":6},"end":{"line":55,"column":8}},"20":{"start":{"line":54,"column":8},"end":{"line":54,"column":56}},"21":{"start":{"line":54,"column":33},"end":{"line":54,"column":55}},"22":{"start":{"line":59,"column":4},"end":{"line":69,"column":5}},"23":{"start":{"line":60,"column":6},"end":{"line":64,"column":9}},"24":{"start":{"line":61,"column":8},"end":{"line":61,"column":61}},"25":{"start":{"line":61,"column":51},"end":{"line":61,"column":61}},"26":{"start":{"line":62,"column":8},"end":{"line":62,"column":60}},"27":{"start":{"line":62,"column":51},"end":{"line":62,"column":60}},"28":{"start":{"line":63,"column":8},"end":{"line":63,"column":17}},"29":{"start":{"line":66,"column":6},"end":{"line":68,"column":7}},"30":{"start":{"line":67,"column":8},"end":{"line":67,"column":26}},"31":{"start":{"line":72,"column":18},"end":{"line":72,"column":49}},"32":{"start":{"line":73,"column":19},"end":{"line":73,"column":38}},"33":{"start":{"line":74,"column":4},"end":{"line":74,"column":52}},"34":{"start":{"line":76,"column":4},"end":{"line":81,"column":6}},"35":{"start":{"line":88,"column":4},"end":{"line":88,"column":27}},"36":{"start":{"line":92,"column":4},"end":{"line":92,"column":39}},"37":{"start":{"line":96,"column":4},"end":{"line":96,"column":31}},"38":{"start":{"line":97,"column":4},"end":{"line":97,"column":16}},"39":{"start":{"line":101,"column":4},"end":{"line":101,"column":34}},"40":{"start":{"line":106,"column":22},"end":{"line":106,"column":26}},"41":{"start":{"line":107,"column":25},"end":{"line":107,"column":29}},"42":{"start":{"line":110,"column":27},"end":{"line":115,"column":1}},"43":{"start":{"line":111,"column":2},"end":{"line":113,"column":3}},"44":{"start":{"line":112,"column":4},"end":{"line":112,"column":41}},"45":{"start":{"line":114,"column":2},"end":{"line":114,"column":25}},"46":{"start":{"line":118,"column":30},"end":{"line":123,"column":1}},"47":{"start":{"line":119,"column":2},"end":{"line":121,"column":3}},"48":{"start":{"line":120,"column":4},"end":{"line":120,"column":47}},"49":{"start":{"line":122,"column":2},"end":{"line":122,"column":28}},"50":{"start":{"line":136,"column":4},"end":{"line":136,"column":50}},"51":{"start":{"line":137,"column":4},"end":{"line":137,"column":59}},"52":{"start":{"line":140,"column":4},"end":{"line":140,"column":36}},"53":{"start":{"line":143,"column":4},"end":{"line":143,"column":45}},"54":{"start":{"line":153,"column":4},"end":{"line":153,"column":47}},"55":{"start":{"line":162,"column":4},"end":{"line":176,"column":5}},"56":{"start":{"line":164,"column":21},"end":{"line":164,"column":43}},"57":{"start":{"line":167,"column":6},"end":{"line":167,"column":45}},"58":{"start":{"line":170,"column":23},"end":{"line":170,"column":51}},"59":{"start":{"line":171,"column":6},"end":{"line":171,"column":51}},"60":{"start":{"line":173,"column":6},"end":{"line":173,"column":23}},"61":{"start":{"line":175,"column":6},"end":{"line":175,"column":67}},"62":{"start":{"line":185,"column":4},"end":{"line":210,"column":5}},"63":{"start":{"line":187,"column":23},"end":{"line":187,"column":50}},"64":{"start":{"line":188,"column":27},"end":{"line":188,"column":63}},"65":{"start":{"line":190,"column":6},"end":{"line":192,"column":7}},"66":{"start":{"line":191,"column":8},"end":{"line":191,"column":28}},"67":{"start":{"line":195,"column":25},"end":{"line":195,"column":64}},"68":{"start":{"line":197,"column":6},"end":{"line":199,"column":7}},"69":{"start":{"line":198,"column":8},"end":{"line":198,"column":20}},"70":{"start":{"line":202,"column":21},"end":{"line":202,"column":87}},"71":{"start":{"line":205,"column":6},"end":{"line":205,"column":66}},"72":{"start":{"line":207,"column":6},"end":{"line":207,"column":20}},"73":{"start":{"line":209,"column":6},"end":{"line":209,"column":64}},"74":{"start":{"line":220,"column":4},"end":{"line":241,"column":5}},"75":{"start":{"line":222,"column":28},"end":{"line":222,"column":58}},"76":{"start":{"line":224,"column":6},"end":{"line":226,"column":7}},"77":{"start":{"line":225,"column":8},"end":{"line":225,"column":20}},"78":{"start":{"line":229,"column":6},"end":{"line":229,"column":39}},"79":{"start":{"line":232,"column":6},"end":{"line":232,"column":64}},"80":{"start":{"line":235,"column":23},"end":{"line":235,"column":50}},"81":{"start":{"line":236,"column":6},"end":{"line":236,"column":73}},"82":{"start":{"line":238,"column":6},"end":{"line":238,"column":27}},"83":{"start":{"line":240,"column":6},"end":{"line":240,"column":67}},"84":{"start":{"line":250,"column":4},"end":{"line":265,"column":5}},"85":{"start":{"line":252,"column":21},"end":{"line":252,"column":63}},"86":{"start":{"line":254,"column":6},"end":{"line":256,"column":7}},"87":{"start":{"line":255,"column":8},"end":{"line":255,"column":21}},"88":{"start":{"line":259,"column":23},"end":{"line":259,"column":50}},"89":{"start":{"line":260,"column":6},"end":{"line":260,"column":46}},"90":{"start":{"line":262,"column":6},"end":{"line":262,"column":18}},"91":{"start":{"line":264,"column":6},"end":{"line":264,"column":67}},"92":{"start":{"line":275,"column":4},"end":{"line":279,"column":5}},"93":{"start":{"line":276,"column":6},"end":{"line":276,"column":63}},"94":{"start":{"line":278,"column":6},"end":{"line":278,"column":67}},"95":{"start":{"line":288,"column":4},"end":{"line":297,"column":5}},"96":{"start":{"line":289,"column":18},"end":{"line":289,"column":20}},"97":{"start":{"line":290,"column":6},"end":{"line":293,"column":7}},"98":{"start":{"line":291,"column":19},"end":{"line":291,"column":54}},"99":{"start":{"line":292,"column":8},"end":{"line":292,"column":21}},"100":{"start":{"line":294,"column":6},"end":{"line":294,"column":17}},"101":{"start":{"line":296,"column":6},"end":{"line":296,"column":74}},"102":{"start":{"line":306,"column":18},"end":{"line":306,"column":19}},"103":{"start":{"line":307,"column":17},"end":{"line":307,"column":18}},"104":{"start":{"line":309,"column":4},"end":{"line":322,"column":5}},"105":{"start":{"line":310,"column":6},"end":{"line":317,"column":7}},"106":{"start":{"line":311,"column":23},"end":{"line":311,"column":50}},"107":{"start":{"line":312,"column":8},"end":{"line":316,"column":9}},"108":{"start":{"line":313,"column":10},"end":{"line":313,"column":20}},"109":{"start":{"line":315,"column":10},"end":{"line":315,"column":19}},"110":{"start":{"line":319,"column":6},"end":{"line":319,"column":33}},"111":{"start":{"line":321,"column":6},"end":{"line":321,"column":74}}},"fnMap":{"0":{"name":"(anonymous_0)","decl":{"start":{"line":12,"column":2},"end":{"line":12,"column":3}},"loc":{"start":{"line":12,"column":16},"end":{"line":14,"column":3}},"line":12},"1":{"name":"(anonymous_1)","decl":{"start":{"line":16,"column":2},"end":{"line":16,"column":3}},"loc":{"start":{"line":16,"column":18},"end":{"line":18,"column":3}},"line":16},"2":{"name":"(anonymous_2)","decl":{"start":{"line":20,"column":2},"end":{"line":20,"column":3}},"loc":{"start":{"line":20,"column":27},"end":{"line":23,"column":3}},"line":20},"3":{"name":"(anonymous_3)","decl":{"start":{"line":25,"column":2},"end":{"line":25,"column":3}},"loc":{"start":{"line":25,"column":22},"end":{"line":27,"column":3}},"line":25},"4":{"name":"(anonymous_4)","decl":{"start":{"line":29,"column":2},"end":{"line":29,"column":3}},"loc":{"start":{"line":29,"column":31},"end":{"line":36,"column":3}},"line":29},"5":{"name":"(anonymous_5)","decl":{"start":{"line":38,"column":2},"end":{"line":38,"column":3}},"loc":{"start":{"line":38,"column":25},"end":{"line":42,"column":3}},"line":38},"6":{"name":"(anonymous_6)","decl":{"start":{"line":44,"column":2},"end":{"line":44,"column":3}},"loc":{"start":{"line":44,"column":48},"end":{"line":82,"column":3}},"line":44},"7":{"name":"(anonymous_7)","decl":{"start":{"line":49,"column":31},"end":{"line":49,"column":32}},"loc":{"start":{"line":49,"column":38},"end":{"line":49,"column":62}},"line":49},"8":{"name":"(anonymous_8)","decl":{"start":{"line":53,"column":31},"end":{"line":53,"column":32}},"loc":{"start":{"line":54,"column":8},"end":{"line":54,"column":56}},"line":54},"9":{"name":"(anonymous_9)","decl":{"start":{"line":54,"column":26},"end":{"line":54,"column":27}},"loc":{"start":{"line":54,"column":33},"end":{"line":54,"column":55}},"line":54},"10":{"name":"(anonymous_10)","decl":{"start":{"line":60,"column":19},"end":{"line":60,"column":20}},"loc":{"start":{"line":60,"column":29},"end":{"line":64,"column":7}},"line":60},"11":{"name":"(anonymous_11)","decl":{"start":{"line":87,"column":2},"end":{"line":87,"column":3}},"loc":{"start":{"line":87,"column":16},"end":{"line":89,"column":3}},"line":87},"12":{"name":"(anonymous_12)","decl":{"start":{"line":91,"column":2},"end":{"line":91,"column":3}},"loc":{"start":{"line":91,"column":17},"end":{"line":93,"column":3}},"line":91},"13":{"name":"(anonymous_13)","decl":{"start":{"line":95,"column":2},"end":{"line":95,"column":3}},"loc":{"start":{"line":95,"column":36},"end":{"line":98,"column":3}},"line":95},"14":{"name":"(anonymous_14)","decl":{"start":{"line":100,"column":2},"end":{"line":100,"column":3}},"loc":{"start":{"line":100,"column":20},"end":{"line":102,"column":3}},"line":100},"15":{"name":"(anonymous_15)","decl":{"start":{"line":110,"column":27},"end":{"line":110,"column":28}},"loc":{"start":{"line":110,"column":33},"end":{"line":115,"column":1}},"line":110},"16":{"name":"(anonymous_16)","decl":{"start":{"line":118,"column":30},"end":{"line":118,"column":31}},"loc":{"start":{"line":118,"column":36},"end":{"line":123,"column":1}},"line":118},"17":{"name":"(anonymous_17)","decl":{"start":{"line":135,"column":2},"end":{"line":135,"column":3}},"loc":{"start":{"line":135,"column":28},"end":{"line":144,"column":3}},"line":135},"18":{"name":"(anonymous_18)","decl":{"start":{"line":152,"column":2},"end":{"line":152,"column":3}},"loc":{"start":{"line":152,"column":25},"end":{"line":154,"column":3}},"line":152},"19":{"name":"(anonymous_19)","decl":{"start":{"line":161,"column":2},"end":{"line":161,"column":3}},"loc":{"start":{"line":161,"column":33},"end":{"line":177,"column":3}},"line":161},"20":{"name":"(anonymous_20)","decl":{"start":{"line":184,"column":2},"end":{"line":184,"column":3}},"loc":{"start":{"line":184,"column":28},"end":{"line":211,"column":3}},"line":184},"21":{"name":"(anonymous_21)","decl":{"start":{"line":219,"column":2},"end":{"line":219,"column":3}},"loc":{"start":{"line":219,"column":43},"end":{"line":242,"column":3}},"line":219},"22":{"name":"(anonymous_22)","decl":{"start":{"line":249,"column":2},"end":{"line":249,"column":3}},"loc":{"start":{"line":249,"column":31},"end":{"line":266,"column":3}},"line":249},"23":{"name":"(anonymous_23)","decl":{"start":{"line":274,"column":2},"end":{"line":274,"column":3}},"loc":{"start":{"line":274,"column":48},"end":{"line":280,"column":3}},"line":274},"24":{"name":"(anonymous_24)","decl":{"start":{"line":287,"column":2},"end":{"line":287,"column":3}},"loc":{"start":{"line":287,"column":41},"end":{"line":298,"column":3}},"line":287},"25":{"name":"(anonymous_25)","decl":{"start":{"line":305,"column":2},"end":{"line":305,"column":3}},"loc":{"start":{"line":305,"column":38},"end":{"line":323,"column":3}},"line":305}},"branchMap":{"0":{"loc":{"start":{"line":26,"column":11},"end":{"line":26,"column":40}},"type":"binary-expr","locations":[{"start":{"line":26,"column":11},"end":{"line":26,"column":32}},{"start":{"line":26,"column":36},"end":{"line":26,"column":40}}],"line":26},"1":{"loc":{"start":{"line":31,"column":4},"end":{"line":31,"column":29}},"type":"if","locations":[{"start":{"line":31,"column":4},"end":{"line":31,"column":29}},{"start":{},"end":{}}],"line":31},"2":{"loc":{"start":{"line":44,"column":21},"end":{"line":44,"column":32}},"type":"default-arg","locations":[{"start":{"line":44,"column":30},"end":{"line":44,"column":32}}],"line":44},"3":{"loc":{"start":{"line":44,"column":34},"end":{"line":44,"column":46}},"type":"default-arg","locations":[{"start":{"line":44,"column":44},"end":{"line":44,"column":46}}],"line":44},"4":{"loc":{"start":{"line":48,"column":4},"end":{"line":50,"column":5}},"type":"if","locations":[{"start":{"line":48,"column":4},"end":{"line":50,"column":5}},{"start":{},"end":{}}],"line":48},"5":{"loc":{"start":{"line":52,"column":4},"end":{"line":56,"column":5}},"type":"if","locations":[{"start":{"line":52,"column":4},"end":{"line":56,"column":5}},{"start":{},"end":{}}],"line":52},"6":{"loc":{"start":{"line":52,"column":8},"end":{"line":52,"column":45}},"type":"binary-expr","locations":[{"start":{"line":52,"column":8},"end":{"line":52,"column":19}},{"start":{"line":52,"column":23},"end":{"line":52,"column":45}}],"line":52},"7":{"loc":{"start":{"line":59,"column":4},"end":{"line":69,"column":5}},"type":"if","locations":[{"start":{"line":59,"column":4},"end":{"line":69,"column":5}},{"start":{},"end":{}}],"line":59},"8":{"loc":{"start":{"line":61,"column":8},"end":{"line":61,"column":61}},"type":"if","locations":[{"start":{"line":61,"column":8},"end":{"line":61,"column":61}},{"start":{},"end":{}}],"line":61},"9":{"loc":{"start":{"line":62,"column":8},"end":{"line":62,"column":60}},"type":"if","locations":[{"start":{"line":62,"column":8},"end":{"line":62,"column":60}},{"start":{},"end":{}}],"line":62},"10":{"loc":{"start":{"line":66,"column":6},"end":{"line":68,"column":7}},"type":"if","locations":[{"start":{"line":66,"column":6},"end":{"line":68,"column":7}},{"start":{},"end":{}}],"line":66},"11":{"loc":{"start":{"line":72,"column":18},"end":{"line":72,"column":49}},"type":"binary-expr","locations":[{"start":{"line":72,"column":18},"end":{"line":72,"column":31}},{"start":{"line":72,"column":35},"end":{"line":72,"column":49}}],"line":72},"12":{"loc":{"start":{"line":73,"column":19},"end":{"line":73,"column":38}},"type":"binary-expr","locations":[{"start":{"line":73,"column":19},"end":{"line":73,"column":33}},{"start":{"line":73,"column":37},"end":{"line":73,"column":38}}],"line":73},"13":{"loc":{"start":{"line":92,"column":11},"end":{"line":92,"column":38}},"type":"binary-expr","locations":[{"start":{"line":92,"column":11},"end":{"line":92,"column":30}},{"start":{"line":92,"column":34},"end":{"line":92,"column":38}}],"line":92},"14":{"loc":{"start":{"line":95,"column":24},"end":{"line":95,"column":34}},"type":"default-arg","locations":[{"start":{"line":95,"column":30},"end":{"line":95,"column":34}}],"line":95},"15":{"loc":{"start":{"line":111,"column":2},"end":{"line":113,"column":3}},"type":"if","locations":[{"start":{"line":111,"column":2},"end":{"line":113,"column":3}},{"start":{},"end":{}}],"line":111},"16":{"loc":{"start":{"line":119,"column":2},"end":{"line":121,"column":3}},"type":"if","locations":[{"start":{"line":119,"column":2},"end":{"line":121,"column":3}},{"start":{},"end":{}}],"line":119},"17":{"loc":{"start":{"line":135,"column":14},"end":{"line":135,"column":26}},"type":"default-arg","locations":[{"start":{"line":135,"column":24},"end":{"line":135,"column":26}}],"line":135},"18":{"loc":{"start":{"line":143,"column":20},"end":{"line":143,"column":44}},"type":"binary-expr","locations":[{"start":{"line":143,"column":20},"end":{"line":143,"column":36}},{"start":{"line":143,"column":40},"end":{"line":143,"column":44}}],"line":143},"19":{"loc":{"start":{"line":190,"column":6},"end":{"line":192,"column":7}},"type":"if","locations":[{"start":{"line":190,"column":6},"end":{"line":192,"column":7}},{"start":{},"end":{}}],"line":190},"20":{"loc":{"start":{"line":197,"column":6},"end":{"line":199,"column":7}},"type":"if","locations":[{"start":{"line":197,"column":6},"end":{"line":199,"column":7}},{"start":{},"end":{}}],"line":197},"21":{"loc":{"start":{"line":202,"column":21},"end":{"line":202,"column":87}},"type":"cond-expr","locations":[{"start":{"line":202,"column":52},"end":{"line":202,"column":62}},{"start":{"line":202,"column":65},"end":{"line":202,"column":87}}],"line":202},"22":{"loc":{"start":{"line":224,"column":6},"end":{"line":226,"column":7}},"type":"if","locations":[{"start":{"line":224,"column":6},"end":{"line":226,"column":7}},{"start":{},"end":{}}],"line":224},"23":{"loc":{"start":{"line":254,"column":6},"end":{"line":256,"column":7}},"type":"if","locations":[{"start":{"line":254,"column":6},"end":{"line":256,"column":7}},{"start":{},"end":{}}],"line":254},"24":{"loc":{"start":{"line":274,"column":21},"end":{"line":274,"column":32}},"type":"default-arg","locations":[{"start":{"line":274,"column":30},"end":{"line":274,"column":32}}],"line":274},"25":{"loc":{"start":{"line":274,"column":34},"end":{"line":274,"column":46}},"type":"default-arg","locations":[{"start":{"line":274,"column":44},"end":{"line":274,"column":46}}],"line":274},"26":{"loc":{"start":{"line":312,"column":8},"end":{"line":316,"column":9}},"type":"if","locations":[{"start":{"line":312,"column":8},"end":{"line":316,"column":9}},{"start":{"line":314,"column":15},"end":{"line":316,"column":9}}],"line":312}},"s":{"0":0,"1":0,"2":0,"3":0,"4":0,"5":0,"6":0,"7":0,"8":0,"9":0,"10":0,"11":0,"12":0,"13":0,"14":0,"15":0,"16":0,"17":0,"18":0,"19":0,"20":0,"21":0,"22":0,"23":0,"24":0,"25":0,"26":0,"27":0,"28":0,"29":0,"30":0,"31":0,"32":0,"33":0,"34":0,"35":0,"36":0,"37":0,"38":0,"39":0,"40":1,"41":1,"42":1,"43":0,"44":0,"45":0,"46":1,"47":0,"48":0,"49":0,"50":0,"51":0,"52":0,"53":0,"54":0,"55":0,"56":0,"57":0,"58":0,"59":0,"60":0,"61":0,"62":0,"63":0,"64":0,"65":0,"66":0,"67":0,"68":0,"69":0,"70":0,"71":0,"72":0,"73":0,"74":0,"75":0,"76":0,"77":0,"78":0,"79":0,"80":0,"81":0,"82":0,"83":0,"84":0,"85":0,"86":0,"87":0,"88":0,"89":0,"90":0,"91":0,"92":0,"93":0,"94":0,"95":0,"96":0,"97":0,"98":0,"99":0,"100":0,"101":0,"102":0,"103":0,"104":0,"105":0,"106":0,"107":0,"108":0,"109":0,"110":0,"111":0},"f":{"0":0,"1":0,"2":0,"3":0,"4":0,"5":0,"6":0,"7":0,"8":0,"9":0,"10":0,"11":0,"12":0,"13":0,"14":0,"15":0,"16":0,"17":0,"18":0,"19":0,"20":0,"21":0,"22":0,"23":0,"24":0,"25":0},"b":{"0":[0,0],"1":[0,0],"2":[0],"3":[0],"4":[0,0],"5":[0,0],"6":[0,0],"7":[0,0],"8":[0,0],"9":[0,0],"10":[0,0],"11":[0,0],"12":[0,0],"13":[0,0],"14":[0],"15":[0,0],"16":[0,0],"17":[0],"18":[0,0],"19":[0,0],"20":[0,0],"21":[0,0],"22":[0,0],"23":[0,0],"24":[0],"25":[0],"26":[0,0]},"inputSourceMap":null,"_coverageSchema":"1a1c01bbd47fc00a2c39e90264f33305004495a9","hash":"97a8e2eb24fb825c2182226a9107639d429c084d"}
,"/Users/ancient0328/Development/MCPserver/HARCA/modules/memory-corpus/src/memory-model.js": {"path":"/Users/ancient0328/Development/MCPserver/HARCA/modules/memory-corpus/src/memory-model.js","statementMap":{"0":{"start":{"line":11,"column":20},"end":{"line":14,"column":1}},"1":{"start":{"line":12,"column":2},"end":{"line":12,"column":26}},"2":{"start":{"line":12,"column":13},"end":{"line":12,"column":26}},"3":{"start":{"line":13,"column":2},"end":{"line":13,"column":42}},"4":{"start":{"line":20,"column":26},"end":{"line":27,"column":1}},"5":{"start":{"line":33,"column":30},"end":{"line":37,"column":1}},"6":{"start":{"line":43,"column":34},"end":{"line":50,"column":1}},"7":{"start":{"line":55,"column":28},"end":{"line":106,"column":1}},"8":{"start":{"line":59,"column":25},"end":{"line":59,"column":49}},"9":{"start":{"line":64,"column":25},"end":{"line":64,"column":66}},"10":{"start":{"line":69,"column":25},"end":{"line":69,"column":66}},"11":{"start":{"line":74,"column":25},"end":{"line":74,"column":49}},"12":{"start":{"line":79,"column":25},"end":{"line":79,"column":43}},"13":{"start":{"line":84,"column":25},"end":{"line":84,"column":43}},"14":{"start":{"line":89,"column":25},"end":{"line":89,"column":43}},"15":{"start":{"line":94,"column":25},"end":{"line":94,"column":70}},"16":{"start":{"line":99,"column":25},"end":{"line":99,"column":92}},"17":{"start":{"line":99,"column":68},"end":{"line":99,"column":91}},"18":{"start":{"line":104,"column":25},"end":{"line":104,"column":68}},"19":{"start":{"line":129,"column":4},"end":{"line":129,"column":61}},"20":{"start":{"line":132,"column":4},"end":{"line":132,"column":32}},"21":{"start":{"line":133,"column":4},"end":{"line":133,"column":26}},"22":{"start":{"line":134,"column":4},"end":{"line":134,"column":38}},"23":{"start":{"line":137,"column":16},"end":{"line":137,"column":26}},"24":{"start":{"line":138,"column":4},"end":{"line":138,"column":59}},"25":{"start":{"line":139,"column":4},"end":{"line":139,"column":59}},"26":{"start":{"line":142,"column":4},"end":{"line":148,"column":5}},"27":{"start":{"line":143,"column":6},"end":{"line":143,"column":40}},"28":{"start":{"line":145,"column":27},"end":{"line":145,"column":102}},"29":{"start":{"line":146,"column":29},"end":{"line":146,"column":67}},"30":{"start":{"line":147,"column":6},"end":{"line":147,"column":53}},"31":{"start":{"line":151,"column":4},"end":{"line":151,"column":59}},"32":{"start":{"line":152,"column":4},"end":{"line":152,"column":32}},"33":{"start":{"line":153,"column":4},"end":{"line":153,"column":40}},"34":{"start":{"line":156,"column":4},"end":{"line":156,"column":20}},"35":{"start":{"line":164,"column":4},"end":{"line":180,"column":5}},"36":{"start":{"line":166,"column":6},"end":{"line":168,"column":7}},"37":{"start":{"line":167,"column":8},"end":{"line":167,"column":48}},"38":{"start":{"line":171,"column":6},"end":{"line":174,"column":7}},"39":{"start":{"line":173,"column":8},"end":{"line":173,"column":67}},"40":{"start":{"line":177,"column":6},"end":{"line":179,"column":7}},"41":{"start":{"line":178,"column":8},"end":{"line":178,"column":54}},"42":{"start":{"line":182,"column":4},"end":{"line":182,"column":16}},"43":{"start":{"line":197,"column":4},"end":{"line":197,"column":64}},"44":{"start":{"line":197,"column":36},"end":{"line":197,"column":64}},"45":{"start":{"line":198,"column":4},"end":{"line":198,"column":73}},"46":{"start":{"line":198,"column":39},"end":{"line":198,"column":73}},"47":{"start":{"line":199,"column":4},"end":{"line":199,"column":67}},"48":{"start":{"line":199,"column":37},"end":{"line":199,"column":67}},"49":{"start":{"line":200,"column":4},"end":{"line":200,"column":55}},"50":{"start":{"line":200,"column":33},"end":{"line":200,"column":55}},"51":{"start":{"line":201,"column":4},"end":{"line":201,"column":67}},"52":{"start":{"line":201,"column":37},"end":{"line":201,"column":67}},"53":{"start":{"line":204,"column":4},"end":{"line":204,"column":47}},"54":{"start":{"line":207,"column":4},"end":{"line":207,"column":20}},"55":{"start":{"line":209,"column":4},"end":{"line":209,"column":16}},"56":{"start":{"line":217,"column":16},"end":{"line":217,"column":26}},"57":{"start":{"line":218,"column":27},"end":{"line":218,"column":52}},"58":{"start":{"line":219,"column":4},"end":{"line":219,"column":32}},"59":{"start":{"line":227,"column":27},"end":{"line":227,"column":52}},"60":{"start":{"line":228,"column":4},"end":{"line":228,"column":60}},"61":{"start":{"line":229,"column":4},"end":{"line":229,"column":51}},"62":{"start":{"line":237,"column":4},"end":{"line":248,"column":6}},"63":{"start":{"line":257,"column":4},"end":{"line":257,"column":28}}},"fnMap":{"0":{"name":"(anonymous_0)","decl":{"start":{"line":11,"column":20},"end":{"line":11,"column":21}},"loc":{"start":{"line":11,"column":30},"end":{"line":14,"column":1}},"line":11},"1":{"name":"(anonymous_1)","decl":{"start":{"line":59,"column":14},"end":{"line":59,"column":15}},"loc":{"start":{"line":59,"column":25},"end":{"line":59,"column":49}},"line":59},"2":{"name":"(anonymous_2)","decl":{"start":{"line":64,"column":14},"end":{"line":64,"column":15}},"loc":{"start":{"line":64,"column":25},"end":{"line":64,"column":66}},"line":64},"3":{"name":"(anonymous_3)","decl":{"start":{"line":69,"column":14},"end":{"line":69,"column":15}},"loc":{"start":{"line":69,"column":25},"end":{"line":69,"column":66}},"line":69},"4":{"name":"(anonymous_4)","decl":{"start":{"line":74,"column":14},"end":{"line":74,"column":15}},"loc":{"start":{"line":74,"column":25},"end":{"line":74,"column":49}},"line":74},"5":{"name":"(anonymous_5)","decl":{"start":{"line":79,"column":14},"end":{"line":79,"column":15}},"loc":{"start":{"line":79,"column":25},"end":{"line":79,"column":43}},"line":79},"6":{"name":"(anonymous_6)","decl":{"start":{"line":84,"column":14},"end":{"line":84,"column":15}},"loc":{"start":{"line":84,"column":25},"end":{"line":84,"column":43}},"line":84},"7":{"name":"(anonymous_7)","decl":{"start":{"line":89,"column":14},"end":{"line":89,"column":15}},"loc":{"start":{"line":89,"column":25},"end":{"line":89,"column":43}},"line":89},"8":{"name":"(anonymous_8)","decl":{"start":{"line":94,"column":14},"end":{"line":94,"column":15}},"loc":{"start":{"line":94,"column":25},"end":{"line":94,"column":70}},"line":94},"9":{"name":"(anonymous_9)","decl":{"start":{"line":99,"column":14},"end":{"line":99,"column":15}},"loc":{"start":{"line":99,"column":25},"end":{"line":99,"column":92}},"line":99},"10":{"name":"(anonymous_10)","decl":{"start":{"line":99,"column":61},"end":{"line":99,"column":62}},"loc":{"start":{"line":99,"column":68},"end":{"line":99,"column":91}},"line":99},"11":{"name":"(anonymous_11)","decl":{"start":{"line":104,"column":14},"end":{"line":104,"column":15}},"loc":{"start":{"line":104,"column":25},"end":{"line":104,"column":68}},"line":104},"12":{"name":"(anonymous_12)","decl":{"start":{"line":127,"column":2},"end":{"line":127,"column":3}},"loc":{"start":{"line":127,"column":20},"end":{"line":157,"column":3}},"line":127},"13":{"name":"(anonymous_13)","decl":{"start":{"line":163,"column":2},"end":{"line":163,"column":3}},"loc":{"start":{"line":163,"column":13},"end":{"line":183,"column":3}},"line":163},"14":{"name":"(anonymous_14)","decl":{"start":{"line":195,"column":2},"end":{"line":195,"column":3}},"loc":{"start":{"line":195,"column":15},"end":{"line":210,"column":3}},"line":195},"15":{"name":"(anonymous_15)","decl":{"start":{"line":216,"column":2},"end":{"line":216,"column":3}},"loc":{"start":{"line":216,"column":14},"end":{"line":220,"column":3}},"line":216},"16":{"name":"(anonymous_16)","decl":{"start":{"line":226,"column":2},"end":{"line":226,"column":3}},"loc":{"start":{"line":226,"column":25},"end":{"line":230,"column":3}},"line":226},"17":{"name":"(anonymous_17)","decl":{"start":{"line":236,"column":2},"end":{"line":236,"column":3}},"loc":{"start":{"line":236,"column":11},"end":{"line":249,"column":3}},"line":236},"18":{"name":"(anonymous_18)","decl":{"start":{"line":256,"column":2},"end":{"line":256,"column":3}},"loc":{"start":{"line":256,"column":24},"end":{"line":258,"column":3}},"line":256}},"branchMap":{"0":{"loc":{"start":{"line":12,"column":2},"end":{"line":12,"column":26}},"type":"if","locations":[{"start":{"line":12,"column":2},"end":{"line":12,"column":26}},{"start":{},"end":{}}],"line":12},"1":{"loc":{"start":{"line":64,"column":25},"end":{"line":64,"column":66}},"type":"binary-expr","locations":[{"start":{"line":64,"column":25},"end":{"line":64,"column":41}},{"start":{"line":64,"column":45},"end":{"line":64,"column":66}}],"line":64},"2":{"loc":{"start":{"line":74,"column":25},"end":{"line":74,"column":49}},"type":"binary-expr","locations":[{"start":{"line":74,"column":25},"end":{"line":74,"column":35}},{"start":{"line":74,"column":39},"end":{"line":74,"column":49}}],"line":74},"3":{"loc":{"start":{"line":99,"column":25},"end":{"line":99,"column":92}},"type":"binary-expr","locations":[{"start":{"line":99,"column":25},"end":{"line":99,"column":45}},{"start":{"line":99,"column":49},"end":{"line":99,"column":92}}],"line":99},"4":{"loc":{"start":{"line":104,"column":25},"end":{"line":104,"column":68}},"type":"binary-expr","locations":[{"start":{"line":104,"column":25},"end":{"line":104,"column":50}},{"start":{"line":104,"column":54},"end":{"line":104,"column":68}}],"line":104},"5":{"loc":{"start":{"line":129,"column":14},"end":{"line":129,"column":60}},"type":"binary-expr","locations":[{"start":{"line":129,"column":14},"end":{"line":129,"column":21}},{"start":{"line":129,"column":25},"end":{"line":129,"column":60}}],"line":129},"6":{"loc":{"start":{"line":138,"column":22},"end":{"line":138,"column":58}},"type":"binary-expr","locations":[{"start":{"line":138,"column":22},"end":{"line":138,"column":37}},{"start":{"line":138,"column":41},"end":{"line":138,"column":58}}],"line":138},"7":{"loc":{"start":{"line":139,"column":22},"end":{"line":139,"column":58}},"type":"binary-expr","locations":[{"start":{"line":139,"column":22},"end":{"line":139,"column":37}},{"start":{"line":139,"column":41},"end":{"line":139,"column":58}}],"line":139},"8":{"loc":{"start":{"line":142,"column":4},"end":{"line":148,"column":5}},"type":"if","locations":[{"start":{"line":142,"column":4},"end":{"line":148,"column":5}},{"start":{"line":144,"column":11},"end":{"line":148,"column":5}}],"line":142},"9":{"loc":{"start":{"line":145,"column":27},"end":{"line":145,"column":102}},"type":"binary-expr","locations":[{"start":{"line":145,"column":27},"end":{"line":145,"column":56}},{"start":{"line":145,"column":60},"end":{"line":145,"column":102}}],"line":145},"10":{"loc":{"start":{"line":151,"column":20},"end":{"line":151,"column":58}},"type":"binary-expr","locations":[{"start":{"line":151,"column":20},"end":{"line":151,"column":33}},{"start":{"line":151,"column":37},"end":{"line":151,"column":58}}],"line":151},"11":{"loc":{"start":{"line":152,"column":16},"end":{"line":152,"column":31}},"type":"binary-expr","locations":[{"start":{"line":152,"column":16},"end":{"line":152,"column":25}},{"start":{"line":152,"column":29},"end":{"line":152,"column":31}}],"line":152},"12":{"loc":{"start":{"line":153,"column":20},"end":{"line":153,"column":39}},"type":"binary-expr","locations":[{"start":{"line":153,"column":20},"end":{"line":153,"column":33}},{"start":{"line":153,"column":37},"end":{"line":153,"column":39}}],"line":153},"13":{"loc":{"start":{"line":166,"column":6},"end":{"line":168,"column":7}},"type":"if","locations":[{"start":{"line":166,"column":6},"end":{"line":168,"column":7}},{"start":{},"end":{}}],"line":166},"14":{"loc":{"start":{"line":166,"column":10},"end":{"line":166,"column":80}},"type":"binary-expr","locations":[{"start":{"line":166,"column":10},"end":{"line":166,"column":25}},{"start":{"line":166,"column":30},"end":{"line":166,"column":55}},{"start":{"line":166,"column":59},"end":{"line":166,"column":79}}],"line":166},"15":{"loc":{"start":{"line":171,"column":6},"end":{"line":174,"column":7}},"type":"if","locations":[{"start":{"line":171,"column":6},"end":{"line":174,"column":7}},{"start":{},"end":{}}],"line":171},"16":{"loc":{"start":{"line":171,"column":10},"end":{"line":172,"column":66}},"type":"binary-expr","locations":[{"start":{"line":171,"column":10},"end":{"line":171,"column":35}},{"start":{"line":171,"column":39},"end":{"line":171,"column":73}},{"start":{"line":172,"column":10},"end":{"line":172,"column":66}}],"line":171},"17":{"loc":{"start":{"line":172,"column":12},"end":{"line":172,"column":65}},"type":"binary-expr","locations":[{"start":{"line":172,"column":12},"end":{"line":172,"column":35}},{"start":{"line":172,"column":39},"end":{"line":172,"column":65}}],"line":172},"18":{"loc":{"start":{"line":177,"column":6},"end":{"line":179,"column":7}},"type":"if","locations":[{"start":{"line":177,"column":6},"end":{"line":179,"column":7}},{"start":{},"end":{}}],"line":177},"19":{"loc":{"start":{"line":177,"column":10},"end":{"line":177,"column":87}},"type":"binary-expr","locations":[{"start":{"line":177,"column":10},"end":{"line":177,"column":35}},{"start":{"line":177,"column":39},"end":{"line":177,"column":54}},{"start":{"line":177,"column":58},"end":{"line":177,"column":87}}],"line":177},"20":{"loc":{"start":{"line":197,"column":4},"end":{"line":197,"column":64}},"type":"if","locations":[{"start":{"line":197,"column":4},"end":{"line":197,"column":64}},{"start":{},"end":{}}],"line":197},"21":{"loc":{"start":{"line":198,"column":4},"end":{"line":198,"column":73}},"type":"if","locations":[{"start":{"line":198,"column":4},"end":{"line":198,"column":73}},{"start":{},"end":{}}],"line":198},"22":{"loc":{"start":{"line":199,"column":4},"end":{"line":199,"column":67}},"type":"if","locations":[{"start":{"line":199,"column":4},"end":{"line":199,"column":67}},{"start":{},"end":{}}],"line":199},"23":{"loc":{"start":{"line":200,"column":4},"end":{"line":200,"column":55}},"type":"if","locations":[{"start":{"line":200,"column":4},"end":{"line":200,"column":55}},{"start":{},"end":{}}],"line":200},"24":{"loc":{"start":{"line":201,"column":4},"end":{"line":201,"column":67}},"type":"if","locations":[{"start":{"line":201,"column":4},"end":{"line":201,"column":67}},{"start":{},"end":{}}],"line":201}},"s":{"0":3,"1":0,"2":0,"3":0,"4":3,"5":3,"6":3,"7":3,"8":0,"9":0,"10":0,"11":0,"12":0,"13":0,"14":0,"15":0,"16":0,"17":0,"18":0,"19":0,"20":0,"21":0,"22":0,"23":0,"24":0,"25":0,"26":0,"27":0,"28":0,"29":0,"30":0,"31":0,"32":0,"33":0,"34":0,"35":0,"36":0,"37":0,"38":0,"39":0,"40":0,"41":0,"42":0,"43":0,"44":0,"45":0,"46":0,"47":0,"48":0,"49":0,"50":0,"51":0,"52":0,"53":0,"54":0,"55":0,"56":0,"57":0,"58":0,"59":0,"60":0,"61":0,"62":0,"63":0},"f":{"0":0,"1":0,"2":0,"3":0,"4":0,"5":0,"6":0,"7":0,"8":0,"9":0,"10":0,"11":0,"12":0,"13":0,"14":0,"15":0,"16":0,"17":0,"18":0},"b":{"0":[0,0],"1":[0,0],"2":[0,0],"3":[0,0],"4":[0,0],"5":[0,0],"6":[0,0],"7":[0,0],"8":[0,0],"9":[0,0],"10":[0,0],"11":[0,0],"12":[0,0],"13":[0,0],"14":[0,0,0],"15":[0,0],"16":[0,0,0],"17":[0,0],"18":[0,0],"19":[0,0,0],"20":[0,0],"21":[0,0],"22":[0,0],"23":[0,0],"24":[0,0]},"inputSourceMap":null,"_coverageSchema":"1a1c01bbd47fc00a2c39e90264f33305004495a9","hash":"b9f6e4b212089d92e2f002ba4ce55b30be166a74"}
,"/Users/ancient0328/Development/MCPserver/HARCA/modules/memory-corpus/src/memory-optimizer.js": {"path":"/Users/ancient0328/Development/MCPserver/HARCA/modules/memory-corpus/src/memory-optimizer.js","statementMap":{"0":{"start":{"line":15,"column":22},"end":{"line":15,"column":46}},"1":{"start":{"line":16,"column":4},"end":{"line":16,"column":46}},"2":{"start":{"line":16,"column":34},"end":{"line":16,"column":46}},"3":{"start":{"line":19,"column":4},"end":{"line":19,"column":48}},"4":{"start":{"line":24,"column":31},"end":{"line":24,"column":35}},"5":{"start":{"line":27,"column":36},"end":{"line":32,"column":1}},"6":{"start":{"line":28,"column":2},"end":{"line":30,"column":3}},"7":{"start":{"line":29,"column":4},"end":{"line":29,"column":59}},"8":{"start":{"line":31,"column":2},"end":{"line":31,"column":34}},"9":{"start":{"line":43,"column":4},"end":{"line":43,"column":70}},"10":{"start":{"line":44,"column":4},"end":{"line":44,"column":82}},"11":{"start":{"line":45,"column":4},"end":{"line":45,"column":101}},"12":{"start":{"line":46,"column":4},"end":{"line":46,"column":105}},"13":{"start":{"line":49,"column":4},"end":{"line":49,"column":65}},"14":{"start":{"line":52,"column":4},"end":{"line":52,"column":64}},"15":{"start":{"line":55,"column":4},"end":{"line":55,"column":65}},"16":{"start":{"line":58,"column":4},"end":{"line":58,"column":69}},"17":{"start":{"line":70,"column":4},"end":{"line":133,"column":5}},"18":{"start":{"line":71,"column":24},"end":{"line":71,"column":68}},"19":{"start":{"line":72,"column":20},"end":{"line":72,"column":40}},"20":{"start":{"line":75,"column":21},"end":{"line":75,"column":23}},"21":{"start":{"line":76,"column":6},"end":{"line":78,"column":7}},"22":{"start":{"line":77,"column":8},"end":{"line":77,"column":35}},"23":{"start":{"line":79,"column":6},"end":{"line":81,"column":7}},"24":{"start":{"line":80,"column":8},"end":{"line":80,"column":35}},"25":{"start":{"line":84,"column":26},"end":{"line":84,"column":66}},"26":{"start":{"line":85,"column":23},"end":{"line":85,"column":40}},"27":{"start":{"line":88,"column":30},"end":{"line":88,"column":32}},"28":{"start":{"line":91,"column":27},"end":{"line":91,"column":36}},"29":{"start":{"line":94,"column":6},"end":{"line":128,"column":7}},"30":{"start":{"line":96,"column":8},"end":{"line":98,"column":9}},"31":{"start":{"line":97,"column":10},"end":{"line":97,"column":19}},"32":{"start":{"line":101,"column":32},"end":{"line":101,"column":40}},"33":{"start":{"line":104,"column":8},"end":{"line":116,"column":9}},"34":{"start":{"line":105,"column":10},"end":{"line":107,"column":11}},"35":{"start":{"line":106,"column":12},"end":{"line":106,"column":21}},"36":{"start":{"line":110,"column":29},"end":{"line":110,"column":81}},"37":{"start":{"line":112,"column":10},"end":{"line":115,"column":11}},"38":{"start":{"line":113,"column":12},"end":{"line":113,"column":46}},"39":{"start":{"line":114,"column":12},"end":{"line":114,"column":45}},"40":{"start":{"line":119,"column":8},"end":{"line":127,"column":9}},"41":{"start":{"line":120,"column":10},"end":{"line":123,"column":13}},"42":{"start":{"line":126,"column":10},"end":{"line":126,"column":38}},"43":{"start":{"line":130,"column":6},"end":{"line":130,"column":29}},"44":{"start":{"line":132,"column":6},"end":{"line":132,"column":79}},"45":{"start":{"line":144,"column":4},"end":{"line":150,"column":5}},"46":{"start":{"line":146,"column":6},"end":{"line":146,"column":85}},"47":{"start":{"line":149,"column":6},"end":{"line":149,"column":80}},"48":{"start":{"line":165,"column":23},"end":{"line":165,"column":111}},"49":{"start":{"line":168,"column":19},"end":{"line":168,"column":63}},"50":{"start":{"line":169,"column":19},"end":{"line":169,"column":63}},"51":{"start":{"line":171,"column":22},"end":{"line":171,"column":23}},"52":{"start":{"line":172,"column":4},"end":{"line":176,"column":5}},"53":{"start":{"line":173,"column":6},"end":{"line":175,"column":7}},"54":{"start":{"line":174,"column":8},"end":{"line":174,"column":22}},"55":{"start":{"line":178,"column":27},"end":{"line":178,"column":75}},"56":{"start":{"line":181,"column":4},"end":{"line":181,"column":57}},"57":{"start":{"line":191,"column":4},"end":{"line":251,"column":5}},"58":{"start":{"line":192,"column":6},"end":{"line":194,"column":7}},"59":{"start":{"line":193,"column":8},"end":{"line":193,"column":50}},"60":{"start":{"line":197,"column":23},"end":{"line":197,"column":25}},"61":{"start":{"line":198,"column":6},"end":{"line":204,"column":7}},"62":{"start":{"line":199,"column":23},"end":{"line":199,"column":56}},"63":{"start":{"line":200,"column":8},"end":{"line":202,"column":9}},"64":{"start":{"line":201,"column":10},"end":{"line":201,"column":60}},"65":{"start":{"line":203,"column":8},"end":{"line":203,"column":30}},"66":{"start":{"line":206,"column":6},"end":{"line":208,"column":7}},"67":{"start":{"line":207,"column":8},"end":{"line":207,"column":27}},"68":{"start":{"line":211,"column":19},"end":{"line":211,"column":53}},"69":{"start":{"line":212,"column":6},"end":{"line":214,"column":7}},"70":{"start":{"line":213,"column":8},"end":{"line":213,"column":44}},"71":{"start":{"line":217,"column":22},"end":{"line":217,"column":67}},"72":{"start":{"line":217,"column":49},"end":{"line":217,"column":66}},"73":{"start":{"line":218,"column":6},"end":{"line":220,"column":7}},"74":{"start":{"line":219,"column":8},"end":{"line":219,"column":40}},"75":{"start":{"line":221,"column":25},"end":{"line":221,"column":46}},"76":{"start":{"line":224,"column":27},"end":{"line":234,"column":8}},"77":{"start":{"line":225,"column":56},"end":{"line":225,"column":65}},"78":{"start":{"line":227,"column":74},"end":{"line":227,"column":93}},"79":{"start":{"line":237,"column":6},"end":{"line":237,"column":51}},"80":{"start":{"line":240,"column":6},"end":{"line":246,"column":7}},"81":{"start":{"line":241,"column":8},"end":{"line":241,"column":45}},"82":{"start":{"line":244,"column":25},"end":{"line":244,"column":39}},"83":{"start":{"line":245,"column":8},"end":{"line":245,"column":48}},"84":{"start":{"line":248,"column":6},"end":{"line":248,"column":26}},"85":{"start":{"line":250,"column":6},"end":{"line":250,"column":68}},"86":{"start":{"line":264,"column":4},"end":{"line":300,"column":5}},"87":{"start":{"line":266,"column":25},"end":{"line":266,"column":59}},"88":{"start":{"line":269,"column":6},"end":{"line":274,"column":7}},"89":{"start":{"line":270,"column":8},"end":{"line":273,"column":10}},"90":{"start":{"line":277,"column":26},"end":{"line":277,"column":28}},"91":{"start":{"line":278,"column":6},"end":{"line":291,"column":7}},"92":{"start":{"line":279,"column":26},"end":{"line":279,"column":69}},"93":{"start":{"line":279,"column":59},"end":{"line":279,"column":68}},"94":{"start":{"line":282,"column":26},"end":{"line":286,"column":9}},"95":{"start":{"line":284,"column":65},"end":{"line":284,"column":82}},"96":{"start":{"line":285,"column":67},"end":{"line":285,"column":91}},"97":{"start":{"line":289,"column":29},"end":{"line":289,"column":75}},"98":{"start":{"line":290,"column":8},"end":{"line":290,"column":39}},"99":{"start":{"line":293,"column":6},"end":{"line":297,"column":8}},"100":{"start":{"line":299,"column":6},"end":{"line":299,"column":71}},"101":{"start":{"line":309,"column":4},"end":{"line":368,"column":5}},"102":{"start":{"line":310,"column":25},"end":{"line":310,"column":73}},"103":{"start":{"line":311,"column":23},"end":{"line":311,"column":67}},"104":{"start":{"line":312,"column":23},"end":{"line":312,"column":67}},"105":{"start":{"line":315,"column":25},"end":{"line":315,"column":35}},"106":{"start":{"line":316,"column":6},"end":{"line":316,"column":60}},"107":{"start":{"line":317,"column":31},"end":{"line":317,"column":55}},"108":{"start":{"line":320,"column":26},"end":{"line":322,"column":8}},"109":{"start":{"line":325,"column":33},"end":{"line":325,"column":35}},"110":{"start":{"line":328,"column":25},"end":{"line":328,"column":34}},"111":{"start":{"line":329,"column":6},"end":{"line":334,"column":7}},"112":{"start":{"line":330,"column":8},"end":{"line":332,"column":9}},"113":{"start":{"line":331,"column":10},"end":{"line":331,"column":42}},"114":{"start":{"line":333,"column":8},"end":{"line":333,"column":49}},"115":{"start":{"line":337,"column":6},"end":{"line":363,"column":7}},"116":{"start":{"line":338,"column":8},"end":{"line":340,"column":9}},"117":{"start":{"line":339,"column":10},"end":{"line":339,"column":19}},"118":{"start":{"line":343,"column":8},"end":{"line":343,"column":81}},"119":{"start":{"line":343,"column":32},"end":{"line":343,"column":79}},"120":{"start":{"line":346,"column":8},"end":{"line":362,"column":9}},"121":{"start":{"line":346,"column":21},"end":{"line":346,"column":22}},"122":{"start":{"line":347,"column":24},"end":{"line":347,"column":55}},"123":{"start":{"line":348,"column":10},"end":{"line":361,"column":11}},"124":{"start":{"line":349,"column":30},"end":{"line":349,"column":60}},"125":{"start":{"line":349,"column":50},"end":{"line":349,"column":59}},"126":{"start":{"line":350,"column":30},"end":{"line":354,"column":13}},"127":{"start":{"line":352,"column":56},"end":{"line":352,"column":73}},"128":{"start":{"line":353,"column":58},"end":{"line":353,"column":82}},"129":{"start":{"line":356,"column":37},"end":{"line":356,"column":83}},"130":{"start":{"line":357,"column":12},"end":{"line":360,"column":15}},"131":{"start":{"line":365,"column":6},"end":{"line":365,"column":32}},"132":{"start":{"line":367,"column":6},"end":{"line":367,"column":75}}},"fnMap":{"0":{"name":"(anonymous_0)","decl":{"start":{"line":14,"column":2},"end":{"line":14,"column":3}},"loc":{"start":{"line":14,"column":38},"end":{"line":20,"column":3}},"line":14},"1":{"name":"(anonymous_1)","decl":{"start":{"line":27,"column":36},"end":{"line":27,"column":37}},"loc":{"start":{"line":27,"column":42},"end":{"line":32,"column":1}},"line":27},"2":{"name":"(anonymous_2)","decl":{"start":{"line":42,"column":2},"end":{"line":42,"column":3}},"loc":{"start":{"line":42,"column":28},"end":{"line":59,"column":3}},"line":42},"3":{"name":"(anonymous_3)","decl":{"start":{"line":69,"column":2},"end":{"line":69,"column":3}},"loc":{"start":{"line":69,"column":37},"end":{"line":134,"column":3}},"line":69},"4":{"name":"(anonymous_4)","decl":{"start":{"line":143,"column":2},"end":{"line":143,"column":3}},"loc":{"start":{"line":143,"column":47},"end":{"line":151,"column":3}},"line":143},"5":{"name":"(anonymous_5)","decl":{"start":{"line":160,"column":2},"end":{"line":160,"column":3}},"loc":{"start":{"line":160,"column":50},"end":{"line":182,"column":3}},"line":160},"6":{"name":"(anonymous_6)","decl":{"start":{"line":190,"column":2},"end":{"line":190,"column":3}},"loc":{"start":{"line":190,"column":49},"end":{"line":252,"column":3}},"line":190},"7":{"name":"(anonymous_7)","decl":{"start":{"line":217,"column":39},"end":{"line":217,"column":40}},"loc":{"start":{"line":217,"column":49},"end":{"line":217,"column":66}},"line":217},"8":{"name":"(anonymous_8)","decl":{"start":{"line":225,"column":51},"end":{"line":225,"column":52}},"loc":{"start":{"line":225,"column":56},"end":{"line":225,"column":65}},"line":225},"9":{"name":"(anonymous_9)","decl":{"start":{"line":227,"column":69},"end":{"line":227,"column":70}},"loc":{"start":{"line":227,"column":74},"end":{"line":227,"column":93}},"line":227},"10":{"name":"(anonymous_10)","decl":{"start":{"line":263,"column":2},"end":{"line":263,"column":3}},"loc":{"start":{"line":
[...]
,"/Users/ancient0328/Development/MCPserver/HARCA/modules/memory-corpus/src/short-term/index.js": {"path":"/Users/ancient0328/Development/MCPserver/HARCA/modules/memory-corpus/src/short-term/index.js","statementMap":{"0":{"start":{"line":23,"column":24},"end":{"line":23,"column":50}},"1":{"start":{"line":24,"column":25},"end":{"line":27,"column":4}},"2":{"start":{"line":29,"column":2},"end":{"line":32,"column":4}}},"fnMap":{"0":{"name":"initializeShortTermMemory","decl":{"start":{"line":22,"column":16},"end":{"line":22,"column":41}},"loc":{"start":{"line":22,"column":56},"end":{"line":33,"column":1}},"line":22}},"branchMap":{"0":{"loc":{"start":{"line":22,"column":42},"end":{"line":22,"column":54}},"type":"default-arg","locations":[{"start":{"line":22,"column":52},"end":{"line":22,"column":54}}],"line":22}},"s":{"0":0,"1":0,"2":0},"f":{"0":0},"b":{"0":[0]},"inputSourceMap":null,"_coverageSchema":"1a1c01bbd47fc00a2c39e90264f33305004495a9","hash":"cb2fc0cd664d27d67d98bc078d32e4a980257ec3"}
,"/Users/ancient0328/Development/MCPserver/HARCA/modules/memory-corpus/src/short-term/working-memory.js": {"path":"/Users/ancient0328/Development/MCPserver/HARCA/modules/memory-corpus/src/short-term/working-memory.js","statementMap":{"0":{"start":{"line":16,"column":33},"end":{"line":22,"column":1}},"1":{"start":{"line":33,"column":4},"end":{"line":33,"column":82}},"2":{"start":{"line":36,"column":4},"end":{"line":36,"column":44}},"3":{"start":{"line":39,"column":4},"end":{"line":39,"column":49}},"4":{"start":{"line":42,"column":4},"end":{"line":42,"column":50}},"5":{"start":{"line":45,"column":4},"end":{"line":45,"column":54}},"6":{"start":{"line":55,"column":4},"end":{"line":55,"column":41}},"7":{"start":{"line":65,"column":4},"end":{"line":65,"column":56}},"8":{"start":{"line":80,"column":15},"end":{"line":80,"column":60}},"9":{"start":{"line":83,"column":22},"end":{"line":83,"column":75}},"10":{"start":{"line":86,"column":16},"end":{"line":86,"column":26}},"11":{"start":{"line":89,"column":23},"end":{"line":89,"column":59}},"12":{"start":{"line":92,"column":19},"end":{"line":104,"column":5}},"13":{"start":{"line":107,"column":21},"end":{"line":107,"column":42}},"14":{"start":{"line":108,"column":4},"end":{"line":108,"column":54}},"15":{"start":{"line":111,"column":4},"end":{"line":111,"column":44}},"16":{"start":{"line":114,"column":4},"end":{"line":114,"column":48}},"17":{"start":{"line":116,"column":4},"end":{"line":116,"column":14}},"18":{"start":{"line":129,"column":4},"end":{"line":133,"column":5}},"19":{"start":{"line":130,"column":23},"end":{"line":130,"column":50}},"20":{"start":{"line":131,"column":21},"end":{"line":131,"column":57}},"21":{"start":{"line":132,"column":6},"end":{"line":132,"column":36}},"22":{"start":{"line":136,"column":22},"end":{"line":136,"column":76}},"23":{"start":{"line":139,"column":23},"end":{"line":139,"column":58}},"24":{"start":{"line":140,"column":16},"end":{"line":140,"column":60}},"25":{"start":{"line":142,"column":4},"end":{"line":144,"column":5}},"26":{"start":{"line":143,"column":6},"end":{"line":143,"column":16}},"27":{"start":{"line":147,"column":21},"end":{"line":147,"column":23}},"28":{"start":{"line":148,"column":4},"end":{"line":154,"column":5}},"29":{"start":{"line":149,"column":23},"end":{"line":149,"column":44}},"30":{"start":{"line":150,"column":21},"end":{"line":150,"column":57}},"31":{"start":{"line":151,"column":6},"end":{"line":153,"column":7}},"32":{"start":{"line":152,"column":8},"end":{"line":152,"column":30}},"33":{"start":{"line":157,"column":4},"end":{"line":159,"column":5}},"34":{"start":{"line":158,"column":6},"end":{"line":158,"column":67}},"35":{"start":{"line":158,"column":39},"end":{"line":158,"column":65}},"36":{"start":{"line":161,"column":4},"end":{"line":161,"column":20}},"37":{"start":{"line":172,"column":21},"end":{"line":172,"column":42}},"38":{"start":{"line":173,"column":19},"end":{"line":173,"column":55}},"39":{"start":{"line":175,"column":4},"end":{"line":177,"column":5}},"40":{"start":{"line":176,"column":6},"end":{"line":176,"column":56}},"41":{"start":{"line":180,"column":26},"end":{"line":185,"column":5}},"42":{"start":{"line":188,"column":4},"end":{"line":188,"column":61}},"43":{"start":{"line":190,"column":4},"end":{"line":190,"column":25}},"44":{"start":{"line":199,"column":21},"end":{"line":199,"column":42}},"45":{"start":{"line":200,"column":19},"end":{"line":200,"column":55}},"46":{"start":{"line":202,"column":4},"end":{"line":204,"column":5}},"47":{"start":{"line":203,"column":6},"end":{"line":203,"column":19}},"48":{"start":{"line":207,"column":4},"end":{"line":207,"column":44}},"49":{"start":{"line":210,"column":4},"end":{"line":210,"column":57}},"50":{"start":{"line":212,"column":4},"end":{"line":212,"column":16}},"51":{"start":{"line":220,"column":4},"end":{"line":220,"column":38}},"52":{"start":{"line":228,"column":4},"end":{"line":228,"column":33}},"53":{"start":{"line":237,"column":28},"end":{"line":237,"column":75}},"54":{"start":{"line":238,"column":4},"end":{"line":238,"column":58}},"55":{"start":{"line":247,"column":28},"end":{"line":247,"column":75}},"56":{"start":{"line":248,"column":21},"end":{"line":248,"column":73}},"57":{"start":{"line":250,"column":23},"end":{"line":250,"column":24}},"58":{"start":{"line":251,"column":4},"end":{"line":256,"column":5}},"59":{"start":{"line":252,"column":22},"end":{"line":252,"column":50}},"60":{"start":{"line":253,"column":6},"end":{"line":255,"column":7}},"61":{"start":{"line":254,"column":8},"end":{"line":254,"column":23}},"62":{"start":{"line":259,"column":23},"end":{"line":259,"column":64}},"63":{"start":{"line":260,"column":4},"end":{"line":260,"column":46}},"64":{"start":{"line":262,"column":4},"end":{"line":262,"column":24}},"65":{"start":{"line":273,"column":23},"end":{"line":273,"column":58}},"66":{"start":{"line":274,"column":14},"end":{"line":274,"column":58}},"67":{"start":{"line":277,"column":4},"end":{"line":280,"column":5}},"68":{"start":{"line":278,"column":6},"end":{"line":278,"column":25}},"69":{"start":{"line":279,"column":6},"end":{"line":279,"column":67}},"70":{"start":{"line":291,"column":23},"end":{"line":291,"column":58}},"71":{"start":{"line":292,"column":14},"end":{"line":292,"column":58}},"72":{"start":{"line":295,"column":4},"end":{"line":295,"column":44}},"73":{"start":{"line":295,"column":27},"end":{"line":295,"column":42}},"74":{"start":{"line":297,"column":4},"end":{"line":301,"column":5}},"75":{"start":{"line":298,"column":6},"end":{"line":298,"column":67}},"76":{"start":{"line":300,"column":6},"end":{"line":300,"column":48}},"77":{"start":{"line":311,"column":23},"end":{"line":311,"column":58}},"78":{"start":{"line":312,"column":14},"end":{"line":312,"column":58}},"79":{"start":{"line":314,"column":4},"end":{"line":316,"column":5}},"80":{"start":{"line":315,"column":6},"end":{"line":315,"column":13}},"81":{"start":{"line":319,"column":21},"end":{"line":319,"column":67}},"82":{"start":{"line":322,"column":4},"end":{"line":322,"column":77}},"83":{"start":{"line":322,"column":28},"end":{"line":322,"column":75}},"84":{"start":{"line":325,"column":24},"end":{"line":325,"column":58}},"85":{"start":{"line":328,"column":4},"end":{"line":330,"column":5}},"86":{"start":{"line":328,"column":17},"end":{"line":328,"column":18}},"87":{"start":{"line":329,"column":6},"end":{"line":329,"column":40}}},"fnMap":{"0":{"name":"(anonymous_0)","decl":{"start":{"line":32,"column":2},"end":{"line":32,"column":3}},"loc":{"start":{"line":32,"column":28},"end":{"line":46,"column":3}},"line":32},"1":{"name":"(anonymous_1)","decl":{"start":{"line":54,"column":2},"end":{"line":54,"column":3}},"loc":{"start":{"line":54,"column":19},"end":{"line":56,"column":3}},"line":54},"2":{"name":"(anonymous_2)","decl":{"start":{"line":64,"column":2},"end":{"line":64,"column":3}},"loc":{"start":{"line":64,"column":33},"end":{"line":66,"column":3}},"line":64},"3":{"name":"(anonymous_3)","decl":{"start":{"line":78,"column":2},"end":{"line":78,"column":3}},"loc":{"start":{"line":78,"column":43},"end":{"line":117,"column":3}},"line":78},"4":{"name":"(anonymous_4)","decl":{"start":{"line":127,"column":2},"end":{"line":127,"column":3}},"loc":{"start":{"line":127,"column":29},"end":{"line":162,"column":3}},"line":127},"5":{"name":"(anonymous_5)","decl":{"start":{"line":158,"column":29},"end":{"line":158,"column":30}},"loc":{"start":{"line":158,"column":39},"end":{"line":158,"column":65}},"line":158},"6":{"name":"(anonymous_6)","decl":{"start":{"line":171,"column":2},"end":{"line":171,"column":3}},"loc":{"start":{"line":171,"column":48},"end":{"line":191,"column":3}},"line":171},"7":{"name":"(anonymous_7)","decl":{"start":{"line":198,"column":2},"end":{"line":198,"column":3}},"loc":{"start":{"line":198,"column":19},"end":{"line":213,"column":3}},"line":198},"8":{"name":"(anonymous_8)","decl":{"start":{"line":219,"column":2},"end":{"line":219,"column":3}},"loc":{"start":{"line":219,"column":31},"end":{"line":221,"column":3}},"line":219},"9":{"name":"(anonymous_9)","decl":{"start":{"line":227,"column":2},"end":{"line":227,"column":3}},"loc":{"start":{"line":227,"column":22},"end":{"line":229,"column":3}},"line":227},"10":{"name":"(anonymous_10)","decl":{"start":{"line":236,"column":2},"end":{"line":236,"column":3}},"loc":{"start":{"line":236,"column":38},"end":{"line":239,"column":3}},"line":236},"11":{"name":"(anonymous_11)","decl":{"start":{"line":246,"column":2},"end":{"line":246,"column":3}},"loc":{"start":{"line":246,"column":32},"end":{"line":263,"column":3}},"line":246},"12":{"name":"(anonymous_12)","decl":{"start":{"line":272,"column":2},"end":{"line":272,"column":3}},"loc":{"start":{"line":272,"column":43},"end":{"line":281,"column":3}},"line":272},"13":{"name":"(anonymous_13)","decl":{"start":{"line":290,"column":2},"end":{"line":290,"column":3}},"loc":{"start":{"line":290,"column":48},"end":{"line":302,"column":3}},"line":290},"14":{"name":"(anonymous_14)","decl":{"start":{"line":295,"column":21},"end":{"line":295,"column":22}},"loc":{"start":{"line":295,"column":27},"end":{"line":295,"column":42}},"line":295},"15":{"name":"(anonymous_15)","decl":{"start":{"line":310,"column":2},"end":{"line":310,"column":3}},"loc":{"start":{"line":310,"column":41},"end":{"line":331,"column":3}},"line":310},"16":{"name":"(anonymous_16)","decl":{"start":{"line":322,"column":18},"end":{"line":322,"column":19}},"loc":{"start":{"line":322,"column":28},"end":{"line":322,"column":75}},"line":322}},"branchMap":{"0":{"loc":{"start":{"line":32,"column":14},"end":{"line":32,"column":26}},"type":"default-arg","locations":[{"start":{"line":32,"column":24},"end":{"line":32,"column":26}}],"line":32},"1":{"loc":{"start":{"line":33,"column":23},"end":{"line":33,"column":81}},"type":"binary-expr","locations":[{"start":{"line":33,"column":23},"end":{"line":33,"column":42}},{"start":{"line":33,"column":46},"end":{"line":33,"column":81}}],"line":33},"2":{"loc":{"start":{"line":39,"column":22},"end":{"line":39,"column":48}},"type":"binary-expr","locations":[{"start":{"line":39,"column":22},"end":{"line":39,"column":40}},{"start":{"line":39,"column":44},"end":{"line":39,"column":48}}],"line":39},"3":{"loc":{"start":{"line":42,"column":23},"end":{"line":42,"column":49}},"type":"binary-expr","locations":[{"start":{"line":42,"column":23},"end":{"line":42,"column":42}},{"start":{"line":42,"column":46},"end":{"line":42,"column":49}}],"line":42},"4":{"loc":{"start":{"line":45,"column":28},"end":{"line":45,"column":53}},"type":"binary-expr","locations":[{"start":{"line":45,"column":28},"end":{"line":45,"column":45}},{"start":{"line":45,"column":49},"end":{"line":45,"column":53}}],"line":45},"5":{"loc":{"start":{"line":78,"column":20},"end":{"line":78,"column":41}},"type":"default-arg","locations":[{"start":{"line":78,"column":26},"end":{"line":78,"column":41}}],"line":78},"6":{"loc":{"start":{"line":80,"column":15},"end":{"line":80,"column":60}},"type":"binary-expr","locations":[{"start":{"line":80,"column":15},"end":{"line":80,"column":22}},{"start":{"line":80,"column":26},"end":{"line":80,"column":60}}],"line":80},"7":{"loc":{"start":{"line":83,"column":22},"end":{"line":83,"column":75}},"type":"binary-expr","locations":[{"start":{"line":83,"column":22},"end":{"line":83,"column":37}},{"start":{"line":83,"column":41},"end":{"line":83,"column":62}},{"start":{"line":83,"column":66},"end":{"line":83,"column":75}}],"line":83},"8":{"loc":{"start":{"line":95,"column":12},"end":{"line":95,"column":52}},"type":"binary-expr","locations":[{"start":{"line":95,"column":12},"end":{"line":95,"column":21}},{"start":{"line":95,"column":25},"end":{"line":95,"column":52}}],"line":95},"9":{"loc":{"start":{"line":99,"column":16},"end":{"line":99,"column":54}},"type":"binary-expr","locations":[{"start":{"line":99,"column":16},"end":{"line":99,"column":29}},{"start":{"line":99,"column":33},"end":{"line":99,"column":54}}],"line":99},"10":{"loc":{"start":{"line":100,"column":16},"end":{"line":103,"column":7}},"type":"binary-expr","locations":[{"start":{"line":100,"column":16},"end":{"line":100,"column":29}},{"start":{"line":100,"column":33},"end":{"line":103,"column":7}}],"line":100},"11":{"loc":{"start":{"line":127,"column":17},"end":{"line":127,"column":27}},"type":"default-arg","locations":[{"start":{"line":127,"column":25},"end":{"line":127,"column":27}}],"line":127},"12":{"loc":{"start":{"line":129,"column":4},"end":{"line":133,"column":5}},"type":"if","locations":[{"start":{"line":129,"column":4},"end":{"line":133,"column":5}},{"start":{},"end":{}}],"line":129},"13":{"loc":{"start":{"line":132,"column":13},"end":{"line":132,"column":35}},"type":"cond-expr","locations":[{"start":{"line":132,"column":22},"end":{"line":132,"column":30}},{"start":{"line":132,"column":33},"end":{"line":132,"column":35}}],"line":132},"14":{"loc":{"start":{"line":136,"column":22},"end":{"line":136,"column":76}},"type":"binary-expr","locations":[{"start":{"line":136,"column":22},"end":{"line":136,"column":38}},{"start":{"line":136,"column":42},"end":{"line":136,"column":63}},{"start":{"line":136,"column":67},"end":{"line":136,"column":76}}],"line":136},"15":{"loc":{"start":{"line":140,"column":16},"end":{"line":140,"column":60}},"type":"binary-expr","locations":[{"start":{"line":140,"column":16},"end":{"line":140,"column":54}},{"start":{"line":140,"column":58},"end":{"line":140,"column":60}}],"line":140},"16":{"loc":{"start":{"line":142,"column":4},"end":{"line":144,"column":5}},"type":"if","locations":[{"start":{"line":142,"column":4},"end":{"line":144,"column":5}},{"start":{},"end":{}}],"line":142},"17":{"loc":{"start":{"line":151,"column":6},"end":{"line":153,"column":7}},"type":"if","locations":[{"start":{"line":151,"column":6},"end":{"line":153,"column":7}},{"start":{},"end":{}}],"line":151},"18":{"loc":{"start":{"line":157,"column":4},"end":{"line":159,"column":5}},"type":"if","locations":[{"start":{"line":157,"column":4},"end":{"line":159,"column":5}},{"start":{},"end":{}}],"line":157},"19":{"loc":{"start":{"line":171,"column":25},"end":{"line":171,"column":46}},"type":"default-arg","locations":[{"start":{"line":171,"column":31},"end":{"line":171,"column":46}}],"line":171},"20":{"loc":{"start":{"line":175,"column":4},"end":{"line":177,"column":5}},"type":"if","locations":[{"start":{"line":175,"column":4},"end":{"line":177,"column":5}},{"start":{},"end":{}}],"line":175},"21":{"loc":{"start":{"line":202,"column":4},"end":{"line":204,"column":5}},"type":"if","locations":[{"start":{"line":202,"column":4},"end":{"line":204,"column":5}},{"start":{},"end":{}}],"line":202},"22":{"loc":{"start":{"line":237,"column":28},"end":{"line":237,"column":75}},"type":"binary-expr","locations":[{"start":{"line":237,"column":28},"end":{"line":237,"column":37}},{"start":{"line":237,"column":41},"end":{"line":237,"column":62}},{"start":{"line":237,"column":66},"end":{"line":237,"column":75}}],"line":237},"23":{"loc":{"start":{"line":247,"column":28},"end":{"line":247,"column":75}},"type":"binary-expr","locations":[{"start":{"line":247,"column":28},"end":{"line":247,"column":37}},{"start":{"line":247,"column":41},"end":{"line":247,"column":62}},{"start":{"line":247,"column":66},"end":{"line":247,"column":75}}],"line":247},"24":{"loc":{"start":{"line":253,"column":6},"end":{"line":255,"column":7}},"type":"if","locations":[{"start":{"line":253,"column":6},"end":{"line":255,"column":7}},{"start":{},"end":{}}],"line":253},"25":{"loc":{"start":{"line":274,"column":14},"end":{"line":274,"column":58}},"type":"binary-expr","locations":[{"start":{"line":274,"column":14},"end":{"line":274,"column":52}},{"start":{"line":274,"column":56},"end":{"line":274,"column":58}}],"line":274},"26":{"loc":{"start":{"line":277,"column":4},"end":{"line":280,"column":5}},"type":"if","locations":[{"start":{"line":277,"column":4},"end":{"line":280,"column":5}},{"start":{},"end":{}}],"line":277},"27":{"loc":{"start":{"line":292,"column":14},"end":{"line":292,"column":58}},"type":"binary-expr","locations":[{"start":{"line":292,"column":14},"end":{"line":292,"column":52}},{"start":{"line":292,"column":56},"end":{"line":292,"column":58}}],"line":292},"28":{"loc":{"start":{"line":297,"column":4},"end":{"line":301,"column":5}},"type":"if","locations":[{"start":{"line":297,"column":4},"end":{"line":301,"column":5}},{"start":{"line":299,"column":11},"end":{"line":301,"column":5}}],"line":297},"29":{"loc":{"start":{"line":312,"column":14},"end":{"line":312,"column":58}},"type":"binary-expr","locations":[{"start":{"line":312,"column":14},"end":{"line":312,"column":52}},{"start":{"line":312,"column":56},"end":{"line":312,"column":58}}],"line":312},"30":{"loc":{"start":{"line":314,"column":4},"end":{"line":316,"column":5}},"type":"if","locations":[{"start":{"line":314,"column":4},"end":{"line":316,"column":5}},{"start":{},"end":{}}],"line":314}},"s":{"0":1,"1":0,"2":0,"3":0,"4":0,"5":0,"6":0,"7":0,"8":0,"9":0,"10":0,"11":0,"12":0,"13":0,"14":0,"15":0,"16":0,"17":0,"18":0,"19":0,"20":0,"21":0,"22":0,"23":0,"24":0,"25":0,"26":0,"27":0,"28":0,"29":0,"30":0,"31":0,"32":0,"33":0,"34":0,"35":0,"36":0,"37":0,"38":0,"39":0,"40":0,"41":0,"42":0,"43":0,"44":0,"45":0,"46":0,"47":0,"48":0,"49":0,"50":0,"51":0,"52":0,"53":0,"54":0,"55":0,"56":0,"57":0,"58":0,"59":0,"60":0,"61":0,"62":0,"63":0,"64":0,"65":0,"66":0,"67":0,"68":0,"69":0,"70":0,"71":0,"72":0,"73":0,"74":0,"75":0,"76":0,"77":0,"78":0,"79":0,"80":0,"81":0,"82":0,"83":0,"84":0,"85":0,"86":0,"87":0},"f":{"0":0,"1":0,"2":0,"3":0,"4":0,"5":0,"6":0,"7":0,"8":0,"9":0,"10":0,"11":0,"12":0,"13":0,"14":0,"15":0,"16":0},"b":{"0":[0],"1":[0,0],"2":[0,0],"3":[0,0],"4":[0,0],"5":[0],"6":[0,0],"7":[0,0,0],"8":[0,0],"9":[0,0],"10":[0,0],"11":[0],"12":[0,0],"13":[0,0],"14":[0,0,0],"15":[0,0],"16":[0,0],"17":[0,0],"18":[0,0],"19":[0],"20":[0,0],"21":[0,0],"22":[0,0,0],"23":[0,0,0],"24":[0,0],"25":[0,0],"26":[0,0],"27":[0,0],"28":[0,0],"29":[0,0],"30":[0,0]},"inputSourceMap":null,"_coverageSchema":"1a1c01bbd47fc00a2c39e90264f33305004495a9","hash":"b8ea05fd20fe982e148b3cffaf57456afb3d0ff4"}
}
