TN:
SF:src/index.js
FN:27,(anonymous_0)
FN:43,(anonymous_1)
FN:52,(anonymous_2)
FN:62,(anonymous_3)
FN:71,(anonymous_4)
FN:81,(anonymous_5)
FN:94,(anonymous_6)
FN:104,(anonymous_7)
FN:114,(anonymous_8)
FN:123,(anonymous_9)
FN:132,(anonymous_10)
FN:135,(anonymous_11)
FN:146,(anonymous_12)
FN:155,(anonymous_13)
FN:163,(anonymous_14)
FN:171,(anonymous_15)
FN:179,(anonymous_16)
FN:188,(anonymous_17)
FN:202,(anonymous_18)
FNF:19
FNH:0
FNDA:0,(anonymous_0)
FNDA:0,(anonymous_1)
FNDA:0,(anonymous_2)
FNDA:0,(anonymous_3)
FNDA:0,(anonymous_4)
FNDA:0,(anonymous_5)
FNDA:0,(anonymous_6)
FNDA:0,(anonymous_7)
FNDA:0,(anonymous_8)
FNDA:0,(anonymous_9)
FNDA:0,(anonymous_10)
FNDA:0,(anonymous_11)
FNDA:0,(anonymous_12)
FNDA:0,(anonymous_13)
FNDA:0,(anonymous_14)
FNDA:0,(anonymous_15)
FNDA:0,(anonymous_16)
FNDA:0,(anonymous_17)
FNDA:0,(anonymous_18)
DA:28,0
DA:31,0
DA:32,0
DA:33,0
DA:35,0
DA:44,0
DA:53,0
DA:63,0
DA:72,0
DA:82,0
DA:95,0
DA:105,0
DA:115,0
DA:124,0
DA:133,0
DA:135,0
DA:147,0
DA:156,0
DA:164,0
DA:172,0
DA:180,0
DA:189,0
DA:190,0
DA:191,0
DA:192,0
DA:194,0
DA:203,0
DA:204,0
DA:206,0
DA:207,0
DA:208,0
DA:209,0
DA:211,0
DA:215,0
LF:34
LH:0
BRDA:27,0,0,0
BRDA:81,1,0,0
BRDA:81,2,0,0
BRDA:104,3,0,0
BRDA:114,4,0,0
BRDA:123,5,0,0
BRDA:132,6,0,0
BRDA:155,7,0,0
BRDA:208,8,0,0
BRDA:208,8,1,0
BRF:10
BRH:0
end_of_record
TN:
SF:src/memory-integration.js
FN:19,(anonymous_0)
FN:47,(anonymous_1)
FN:86,(anonymous_2)
FN:94,(anonymous_3)
FN:111,(anonymous_4)
FN:140,(anonymous_5)
FN:186,(anonymous_6)
FN:193,(anonymous_7)
FN:228,(anonymous_8)
FN:230,(anonymous_9)
FN:272,(anonymous_10)
FN:286,(anonymous_11)
FN:309,(anonymous_12)
FN:325,(anonymous_13)
FN:335,(anonymous_14)
FN:361,(anonymous_15)
FN:392,(anonymous_16)
FN:394,(anonymous_17)
FN:413,(anonymous_18)
FN:415,(anonymous_19)
FN:418,(anonymous_20)
FN:435,(anonymous_21)
FN:437,(anonymous_22)
FN:440,(anonymous_23)
FN:451,(anonymous_24)
FN:470,(anonymous_25)
FNF:26
FNH:7
FNDA:12,(anonymous_0)
FNDA:0,(anonymous_1)
FNDA:0,(anonymous_2)
FNDA:0,(anonymous_3)
FNDA:0,(anonymous_4)
FNDA:1,(anonymous_5)
FNDA:0,(anonymous_6)
FNDA:0,(anonymous_7)
FNDA:0,(anonymous_8)
FNDA:0,(anonymous_9)
FNDA:0,(anonymous_10)
FNDA:0,(anonymous_11)
FNDA:0,(anonymous_12)
FNDA:0,(anonymous_13)
FNDA:0,(anonymous_14)
FNDA:0,(anonymous_15)
FNDA:0,(anonymous_16)
FNDA:0,(anonymous_17)
FNDA:2,(anonymous_18)
FNDA:4,(anonymous_19)
FNDA:4,(anonymous_20)
FNDA:0,(anonymous_21)
FNDA:0,(anonymous_22)
FNDA:0,(anonymous_23)
FNDA:4,(anonymous_24)
FNDA:3,(anonymous_25)
DA:21,12
DA:22,12
DA:23,12
DA:24,12
DA:27,12
DA:48,0
DA:50,0
DA:51,0
DA:55,0
DA:58,0
DA:60,0
DA:62,0
DA:64,0
DA:65,0
DA:69,0
DA:70,0
DA:73,0
DA:75,0
DA:76,0
DA:87,0
DA:89,0
DA:90,0
DA:94,0
DA:95,0
DA:105,0
DA:108,0
DA:111,0
DA:121,0
DA:123,0
DA:128,0
DA:129,0
DA:142,1
DA:145,1
DA:148,1
DA:150,1
DA:152,2
DA:155,2
DA:158,2
DA:159,2
DA:162,2
DA:165,2
DA:166,1
DA:167,1
DA:168,1
DA:173,2
DA:176,1
DA:188,0
DA:189,0
DA:193,0
DA:194,0
DA:195,0
DA:196,0
DA:200,0
DA:203,0
DA:206,0
DA:210,0
DA:214,0
DA:218,0
DA:230,0
DA:233,0
DA:234,0
DA:237,0
DA:239,0
DA:242,0
DA:245,0
DA:248,0
DA:251,0
DA:254,0
DA:257,0
DA:262,0
DA:274,0
DA:277,0
DA:280,0
DA:283,0
DA:286,0
DA:295,0
DA:297,0
DA:311,0
DA:314,0
DA:317,0
DA:321,0
DA:325,0
DA:337,0
DA:345,0
DA:348,0
DA:362,0
DA:364,0
DA:369,0
DA:371,0
DA:374,0
DA:376,0
DA:394,0
DA:397,0
DA:399,0
DA:400,0
DA:404,0
DA:415,4
DA:418,4
DA:419,2
DA:426,2
DA:437,0
DA:440,0
DA:441,0
DA:452,4
DA:454,4
DA:456,1
DA:459,1
DA:472,3
DA:473,1
DA:477,2
DA:478,1
DA:482,1
DA:483,1
DA:486,1
DA:487,0
DA:491,1
DA:492,1
DA:495,1
DA:496,1
DA:497,3
DA:498,2
DA:503,1
DA:504,1
LF:123
LH:43
BRDA:19,0,0,0
BRDA:29,1,0,12
BRDA:29,1,1,0
BRDA:31,2,0,12
BRDA:31,2,1,0
BRDA:33,3,0,12
BRDA:33,3,1,12
BRDA:35,4,0,12
BRDA:35,4,1,12
BRDA:37,5,0,12
BRDA:37,5,1,12
BRDA:47,6,0,0
BRDA:50,7,0,0
BRDA:50,7,1,0
BRDA:50,8,0,0
BRDA:50,8,1,0
BRDA:62,9,0,0
BRDA:62,9,1,0
BRDA:86,10,0,0
BRDA:89,11,0,0
BRDA:89,11,1,0
BRDA:89,12,0,0
BRDA:89,12,1,0
BRDA:114,13,0,0
BRDA:114,13,1,0
BRDA:140,14,0,1
BRDA:142,15,0,1
BRDA:142,15,1,1
BRDA:165,16,0,1
BRDA:165,16,1,1
BRDA:186,17,0,0
BRDA:188,18,0,0
BRDA:188,18,1,0
BRDA:194,19,0,0
BRDA:194,19,1,0
BRDA:195,20,0,0
BRDA:195,20,1,0
BRDA:203,21,0,0
BRDA:203,21,1,0
BRDA:203,21,2,0
BRDA:203,21,3,0
BRDA:233,22,0,0
BRDA:233,22,1,0
BRDA:237,23,0,0
BRDA:237,23,1,0
BRDA:237,23,2,0
BRDA:237,23,3,0
BRDA:237,23,4,0
BRDA:237,23,5,0
BRDA:237,23,6,0
BRDA:272,24,0,0
BRDA:314,25,0,0
BRDA:314,25,1,0
BRDA:314,25,2,0
BRDA:345,26,0,0
BRDA:345,26,1,0
BRDA:361,27,0,0
BRDA:365,28,0,0
BRDA:365,28,1,0
BRDA:399,29,0,0
BRDA:399,29,1,0
BRDA:415,30,0,4
BRDA:415,30,1,1
BRDA:437,31,0,0
BRDA:437,31,1,0
BRDA:472,32,0,1
BRDA:472,32,1,2
BRDA:477,33,0,1
BRDA:477,33,1,1
BRDA:482,34,0,1
BRDA:482,34,1,0
BRDA:483,35,0,1
BRDA:483,35,1,0
BRDA:486,36,0,0
BRDA:486,36,1,1
BRDA:486,37,0,1
BRDA:486,37,1,1
BRDA:497,38,0,2
BRDA:497,38,1,1
BRF:79
BRH:26
end_of_record
TN:
SF:src/memory-manager.js
FN:12,(anonymous_0)
FN:16,(anonymous_1)
FN:20,(anonymous_2)
FN:25,(anonymous_3)
FN:29,(anonymous_4)
FN:38,(anonymous_5)
FN:44,(anonymous_6)
FN:49,(anonymous_7)
FN:53,(anonymous_8)
FN:54,(anonymous_9)
FN:60,(anonymous_10)
FN:87,(anonymous_11)
FN:91,(anonymous_12)
FN:95,(anonymous_13)
FN:100,(anonymous_14)
FN:110,(anonymous_15)
FN:118,(anonymous_16)
FN:135,(anonymous_17)
FN:152,(anonymous_18)
FN:161,(anonymous_19)
FN:184,(anonymous_20)
FN:219,(anonymous_21)
FN:249,(anonymous_22)
FN:274,(anonymous_23)
FN:287,(anonymous_24)
FN:305,(anonymous_25)
FNF:26
FNH:0
FNDA:0,(anonymous_0)
FNDA:0,(anonymous_1)
FNDA:0,(anonymous_2)
FNDA:0,(anonymous_3)
FNDA:0,(anonymous_4)
FNDA:0,(anonymous_5)
FNDA:0,(anonymous_6)
FNDA:0,(anonymous_7)
FNDA:0,(anonymous_8)
FNDA:0,(anonymous_9)
FNDA:0,(anonymous_10)
FNDA:0,(anonymous_11)
FNDA:0,(anonymous_12)
FNDA:0,(anonymous_13)
FNDA:0,(anonymous_14)
FNDA:0,(anonymous_15)
FNDA:0,(anonymous_16)
FNDA:0,(anonymous_17)
FNDA:0,(anonymous_18)
FNDA:0,(anonymous_19)
FNDA:0,(anonymous_20)
FNDA:0,(anonymous_21)
FNDA:0,(anonymous_22)
FNDA:0,(anonymous_23)
FNDA:0,(anonymous_24)
FNDA:0,(anonymous_25)
DA:13,0
DA:17,0
DA:21,0
DA:22,0
DA:26,0
DA:30,0
DA:31,0
DA:33,0
DA:34,0
DA:35,0
DA:39,0
DA:40,0
DA:41,0
DA:45,0
DA:48,0
DA:49,0
DA:52,0
DA:53,0
DA:54,0
DA:59,0
DA:60,0
DA:61,0
DA:62,0
DA:63,0
DA:66,0
DA:67,0
DA:72,0
DA:73,0
DA:74,0
DA:76,0
DA:88,0
DA:92,0
DA:96,0
DA:97,0
DA:101,0
DA:106,1
DA:107,1
DA:110,1
DA:111,0
DA:112,0
DA:114,0
DA:118,1
DA:119,0
DA:120,0
DA:122,0
DA:136,0
DA:137,0
DA:140,0
DA:143,0
DA:153,0
DA:162,0
DA:164,0
DA:167,0
DA:170,0
DA:171,0
DA:173,0
DA:175,0
DA:185,0
DA:187,0
DA:188,0
DA:190,0
DA:191,0
DA:195,0
DA:197,0
DA:198,0
DA:202,0
DA:205,0
DA:207,0
DA:209,0
DA:220,0
DA:222,0
DA:224,0
DA:225,0
DA:229,0
DA:232,0
DA:235,0
DA:236,0
DA:238,0
DA:240,0
DA:250,0
DA:252,0
DA:254,0
DA:255,0
DA:259,0
DA:260,0
DA:262,0
DA:264,0
DA:275,0
DA:276,0
DA:278,0
DA:288,0
DA:289,0
DA:290,0
DA:291,0
DA:292,0
DA:294,0
DA:296,0
DA:306,0
DA:307,0
DA:309,0
DA:310,0
DA:311,0
DA:312,0
DA:313,0
DA:315,0
DA:319,0
DA:321,0
LF:107
LH:4
BRDA:26,0,0,0
BRDA:26,0,1,0
BRDA:31,1,0,0
BRDA:31,1,1,0
BRDA:44,2,0,0
BRDA:44,3,0,0
BRDA:48,4,0,0
BRDA:48,4,1,0
BRDA:52,5,0,0
BRDA:52,5,1,0
BRDA:52,6,0,0
BRDA:52,6,1,0
BRDA:59,7,0,0
BRDA:59,7,1,0
BRDA:61,8,0,0
BRDA:61,8,1,0
BRDA:62,9,0,0
BRDA:62,9,1,0
BRDA:66,10,0,0
BRDA:66,10,1,0
BRDA:72,11,0,0
BRDA:72,11,1,0
BRDA:73,12,0,0
BRDA:73,12,1,0
BRDA:92,13,0,0
BRDA:92,13,1,0
BRDA:95,14,0,0
BRDA:111,15,0,0
BRDA:111,15,1,0
BRDA:119,16,0,0
BRDA:119,16,1,0
BRDA:135,17,0,0
BRDA:143,18,0,0
BRDA:143,18,1,0
BRDA:190,19,0,0
BRDA:190,19,1,0
BRDA:197,20,0,0
BRDA:197,20,1,0
BRDA:202,21,0,0
BRDA:202,21,1,0
BRDA:224,22,0,0
BRDA:224,22,1,0
BRDA:254,23,0,0
BRDA:254,23,1,0
BRDA:274,24,0,0
BRDA:274,25,0,0
BRDA:312,26,0,0
BRDA:312,26,1,0
BRF:48
BRH:0
end_of_record
TN:
SF:src/memory-model.js
FN:11,(anonymous_0)
FN:59,(anonymous_1)
FN:64,(anonymous_2)
FN:69,(anonymous_3)
FN:74,(anonymous_4)
FN:79,(anonymous_5)
FN:84,(anonymous_6)
FN:89,(anonymous_7)
FN:94,(anonymous_8)
FN:99,(anonymous_9)
FN:99,(anonymous_10)
FN:104,(anonymous_11)
FN:127,(anonymous_12)
FN:163,(anonymous_13)
FN:195,(anonymous_14)
FN:216,(anonymous_15)
FN:226,(anonymous_16)
FN:236,(anonymous_17)
FN:256,(anonymous_18)
FNF:19
FNH:0
FNDA:0,(anonymous_0)
FNDA:0,(anonymous_1)
FNDA:0,(anonymous_2)
FNDA:0,(anonymous_3)
FNDA:0,(anonymous_4)
FNDA:0,(anonymous_5)
FNDA:0,(anonymous_6)
FNDA:0,(anonymous_7)
FNDA:0,(anonymous_8)
FNDA:0,(anonymous_9)
FNDA:0,(anonymous_10)
FNDA:0,(anonymous_11)
FNDA:0,(anonymous_12)
FNDA:0,(anonymous_13)
FNDA:0,(anonymous_14)
FNDA:0,(anonymous_15)
FNDA:0,(anonymous_16)
FNDA:0,(anonymous_17)
FNDA:0,(anonymous_18)
DA:11,3
DA:12,0
DA:13,0
DA:20,3
DA:33,3
DA:43,3
DA:55,3
DA:59,0
DA:64,0
DA:69,0
DA:74,0
DA:79,0
DA:84,0
DA:89,0
DA:94,0
DA:99,0
DA:104,0
DA:129,0
DA:132,0
DA:133,0
DA:134,0
DA:137,0
DA:138,0
DA:139,0
DA:142,0
DA:143,0
DA:145,0
DA:146,0
DA:147,0
DA:151,0
DA:152,0
DA:153,0
DA:156,0
DA:164,0
DA:166,0
DA:167,0
DA:171,0
DA:173,0
DA:177,0
DA:178,0
DA:182,0
DA:197,0
DA:198,0
DA:199,0
DA:200,0
DA:201,0
DA:204,0
DA:207,0
DA:209,0
DA:217,0
DA:218,0
DA:219,0
DA:227,0
DA:228,0
DA:229,0
DA:237,0
DA:257,0
LF:57
LH:5
BRDA:12,0,0,0
BRDA:12,0,1,0
BRDA:64,1,0,0
BRDA:64,1,1,0
BRDA:74,2,0,0
BRDA:74,2,1,0
BRDA:99,3,0,0
BRDA:99,3,1,0
BRDA:104,4,0,0
BRDA:104,4,1,0
BRDA:129,5,0,0
BRDA:129,5,1,0
BRDA:138,6,0,0
BRDA:138,6,1,0
BRDA:139,7,0,0
BRDA:139,7,1,0
BRDA:142,8,0,0
BRDA:142,8,1,0
BRDA:145,9,0,0
BRDA:145,9,1,0
BRDA:151,10,0,0
BRDA:151,10,1,0
BRDA:152,11,0,0
BRDA:152,11,1,0
BRDA:153,12,0,0
BRDA:153,12,1,0
BRDA:166,13,0,0
BRDA:166,13,1,0
BRDA:166,14,0,0
BRDA:166,14,1,0
BRDA:166,14,2,0
BRDA:171,15,0,0
BRDA:171,15,1,0
BRDA:171,16,0,0
BRDA:171,16,1,0
BRDA:171,16,2,0
BRDA:172,17,0,0
BRDA:172,17,1,0
BRDA:177,18,0,0
BRDA:177,18,1,0
BRDA:177,19,0,0
BRDA:177,19,1,0
BRDA:177,19,2,0
BRDA:197,20,0,0
BRDA:197,20,1,0
BRDA:198,21,0,0
BRDA:198,21,1,0
BRDA:199,22,0,0
BRDA:199,22,1,0
BRDA:200,23,0,0
BRDA:200,23,1,0
BRDA:201,24,0,0
BRDA:201,24,1,0
BRF:53
BRH:0
end_of_record
TN:
SF:src/memory-optimizer.js
FN:14,(anonymous_0)
FN:27,(anonymous_1)
FN:42,(anonymous_2)
FN:69,(anonymous_3)
FN:143,(anonymous_4)
FN:160,(anonymous_5)
FN:190,(anonymous_6)
FN:217,(anonymous_7)
FN:225,(anonymous_8)
FN:227,(anonymous_9)
FN:263,(anonymous_10)
FN:279,(anonymous_11)
FN:284,(anonymous_12)
FN:285,(anonymous_13)
FN:308,(anonymous_14)
FN:343,(anonymous_15)
FN:349,(anonymous_16)
FN:352,(anonymous_17)
FN:353,(anonymous_18)
FNF:19
FNH:0
FNDA:0,(anonymous_0)
FNDA:0,(anonymous_1)
FNDA:0,(anonymous_2)
FNDA:0,(anonymous_3)
FNDA:0,(anonymous_4)
FNDA:0,(anonymous_5)
FNDA:0,(anonymous_6)
FNDA:0,(anonymous_7)
FNDA:0,(anonymous_8)
FNDA:0,(anonymous_9)
FNDA:0,(anonymous_10)
FNDA:0,(anonymous_11)
FNDA:0,(anonymous_12)
FNDA:0,(anonymous_13)
FNDA:0,(anonymous_14)
FNDA:0,(anonymous_15)
FNDA:0,(anonymous_16)
FNDA:0,(anonymous_17)
FNDA:0,(anonymous_18)
DA:15,0
DA:16,0
DA:19,0
DA:24,1
DA:27,1
DA:28,0
DA:29,0
DA:31,0
DA:43,0
DA:44,0
DA:45,0
DA:46,0
DA:49,0
DA:52,0
DA:55,0
DA:58,0
DA:70,0
DA:71,0
DA:72,0
DA:75,0
DA:76,0
DA:77,0
DA:79,0
DA:80,0
DA:84,0
DA:85,0
DA:88,0
DA:91,0
DA:94,0
DA:96,0
DA:97,0
DA:101,0
DA:104,0
DA:105,0
DA:106,0
DA:110,0
DA:112,0
DA:113,0
DA:114,0
DA:119,0
DA:120,0
DA:126,0
DA:130,0
DA:132,0
DA:144,0
DA:146,0
DA:149,0
DA:165,0
DA:168,0
DA:169,0
DA:171,0
DA:172,0
DA:173,0
DA:174,0
DA:178,0
DA:181,0
DA:191,0
DA:192,0
DA:193,0
DA:197,0
DA:198,0
DA:199,0
DA:200,0
DA:201,0
DA:203,0
DA:206,0
DA:207,0
DA:211,0
DA:212,0
DA:213,0
DA:217,0
DA:218,0
DA:219,0
DA:221,0
DA:224,0
DA:225,0
DA:227,0
DA:237,0
DA:240,0
DA:241,0
DA:244,0
DA:245,0
DA:248,0
DA:250,0
DA:264,0
DA:266,0
DA:269,0
DA:270,0
DA:277,0
DA:278,0
DA:279,0
DA:282,0
DA:284,0
DA:285,0
DA:289,0
DA:290,0
DA:293,0
DA:299,0
DA:309,0
DA:310,0
DA:311,0
DA:312,0
DA:315,0
DA:316,0
DA:317,0
DA:320,0
DA:325,0
DA:328,0
DA:329,0
DA:330,0
DA:331,0
DA:333,0
DA:337,0
DA:338,0
DA:339,0
DA:343,0
DA:346,0
DA:347,0
DA:348,0
DA:349,0
DA:350,0
DA:352,0
DA:353,0
DA:356,0
DA:357,0
DA:365,0
DA:367,0
LF:127
LH:2
BRDA:14,0,0,0
BRDA:15,1,0,0
BRDA:15,1,1,0
BRDA:16,2,0,0
BRDA:16,2,1,0
BRDA:28,3,0,0
BRDA:28,3,1,0
BRDA:42,4,0,0
BRDA:43,5,0,0
BRDA:43,5,1,0
BRDA:44,6,0,0
BRDA:44,6,1,0
BRDA:45,7,0,0
BRDA:45,7,1,0
BRDA:46,8,0,0
BRDA:46,8,1,0
BRDA:49,9,0,0
BRDA:49,9,1,0
BRDA:52,10,0,0
BRDA:52,10,1,0
BRDA:55,11,0,0
BRDA:55,11,1,0
BRDA:58,12,0,0
BRDA:58,12,1,0
BRDA:69,13,0,0
BRDA:71,14,0,0
BRDA:71,14,1,0
BRDA:72,15,0,0
BRDA:72,15,1,0
BRDA:76,16,0,0
BRDA:76,16,1,0
BRDA:79,17,0,0
BRDA:79,17,1,0
BRDA:79,18,0,0
BRDA:79,18,1,0
BRDA:96,19,0,0
BRDA:96,19,1,0
BRDA:105,20,0,0
BRDA:105,20,1,0
BRDA:105,21,0,0
BRDA:105,21,1,0
BRDA:112,22,0,0
BRDA:112,22,1,0
BRDA:119,23,0,0
BRDA:119,23,1,0
BRDA:173,24,0,0
BRDA:173,24,1,0
BRDA:190,25,0,0
BRDA:192,26,0,0
BRDA:192,26,1,0
BRDA:192,27,0,0
BRDA:192,27,1,0
BRDA:200,28,0,0
BRDA:200,28,1,0
BRDA:206,29,0,0
BRDA:206,29,1,0
BRDA:206,30,0,0
BRDA:206,30,1,0
BRDA:211,31,0,0
BRDA:211,31,1,0
BRDA:212,32,0,0
BRDA:212,32,1,0
BRDA:217,33,0,0
BRDA:217,33,1,0
BRDA:218,34,0,0
BRDA:218,34,1,0
BRDA:225,35,0,0
BRDA:225,35,1,0
BRDA:227,36,0,0
BRDA:227,36,1,0
BRDA:227,37,0,0
BRDA:227,37,1,0
BRDA:263,38,0,0
BRDA:269,39,0,0
BRDA:269,39,1,0
BRDA:283,40,0,0
BRDA:283,40,1,0
BRDA:284,41,0,0
BRDA:284,41,1,0
BRDA:285,42,0,0
BRDA:285,42,1,0
BRDA:308,43,0,0
BRDA:310,44,0,0
BRDA:310,44,1,0
BRDA:311,45,0,0
BRDA:311,45,1,0
BRDA:312,46,0,0
BRDA:312,46,1,0
BRDA:330,47,0,0
BRDA:330,47,1,0
BRDA:338,48,0,0
BRDA:338,48,1,0
BRDA:348,49,0,0
BRDA:348,49,1,0
BRDA:352,50,0,0
BRDA:352,50,1,0
BRDA:353,51,0,0
BRDA:353,51,1,0
BRF:98
BRH:0
end_of_record
TN:
SF:src/memory-reinforcement.js
FN:17,(anonymous_0)
FN:60,(anonymous_1)
FN:131,(anonymous_2)
FN:198,(anonymous_3)
FN:215,(anonymous_4)
FN:231,(anonymous_5)
FN:261,(anonymous_6)
FN:284,(anonymous_7)
FN:291,(anonymous_8)
FN:304,(anonymous_9)
FN:317,(anonymous_10)
FN:338,(anonymous_11)
FN:345,(anonymous_12)
FN:357,(anonymous_13)
FN:388,(anonymous_14)
FNF:15
FNH:9
FNDA:19,(anonymous_0)
FNDA:9,(anonymous_1)
FNDA:5,(anonymous_2)
FNDA:2,(anonymous_3)
FNDA:0,(anonymous_4)
FNDA:2,(anonymous_5)
FNDA:2,(anonymous_6)
FNDA:0,(anonymous_7)
FNDA:0,(anonymous_8)
FNDA:0,(anonymous_9)
FNDA:9,(anonymous_10)
FNDA:7,(anonymous_11)
FNDA:0,(anonymous_12)
FNDA:0,(anonymous_13)
FNDA:1,(anonymous_14)
DA:19,19
DA:20,19
DA:23,19
DA:43,19
DA:46,19
DA:49,19
DA:50,0
DA:61,9
DA:63,9
DA:67,9
DA:68,0
DA:72,9
DA:75,9
DA:76,1
DA:80,8
DA:81,8
DA:82,1
DA:86,7
DA:89,7
DA:92,7
DA:98,7
DA:99,0
DA:103,7
DA:106,7
DA:116,7
DA:118,7
DA:120,0
DA:121,0
DA:132,5
DA:134,5
DA:138,5
DA:139,0
DA:143,5
DA:146,5
DA:149,5
DA:150,0
DA:154,5
DA:157,5
DA:163,5
DA:164,0
DA:168,5
DA:178,5
DA:181,5
DA:182,1
DA:185,5
DA:187,0
DA:188,0
DA:199,2
DA:201,2
DA:202,4
DA:203,4
DA:206,2
DA:216,0
DA:218,0
DA:219,0
DA:220,0
DA:223,0
DA:232,2
DA:234,2
DA:237,2
DA:238,1
DA:242,1
DA:244,1
DA:245,2
DA:246,2
DA:249,1
DA:251,0
DA:252,0
DA:262,2
DA:264,2
DA:268,2
DA:269,0
DA:273,2
DA:275,0
DA:276,0
DA:286,0
DA:287,0
DA:291,0
DA:292,0
DA:293,0
DA:294,0
DA:296,0
DA:305,0
DA:306,0
DA:307,0
DA:319,9
DA:322,9
DA:323,7
DA:327,2
DA:330,2
DA:339,7
DA:342,7
DA:344,0
DA:345,0
DA:347,0
DA:358,0
DA:360,0
DA:361,0
DA:364,0
DA:375,0
DA:377,0
DA:378,0
DA:389,1
DA:391,1
DA:394,1
DA:395,1
DA:399,0
DA:401,0
DA:403,0
DA:406,0
DA:408,0
DA:409,0
DA:413,0
DA:415,0
DA:416,0
LF:115
LH:66
BRDA:17,0,0,0
BRDA:25,1,0,19
BRDA:25,1,1,0
BRDA:27,2,0,19
BRDA:27,2,1,0
BRDA:29,3,0,19
BRDA:29,3,1,0
BRDA:31,4,0,19
BRDA:31,4,1,0
BRDA:33,5,0,19
BRDA:33,5,1,0
BRDA:35,6,0,19
BRDA:35,6,1,19
BRDA:37,7,0,19
BRDA:37,7,1,0
BRDA:49,8,0,0
BRDA:49,8,1,19
BRDA:60,9,0,8
BRDA:63,10,0,1
BRDA:63,10,1,8
BRDA:67,11,0,0
BRDA:67,11,1,9
BRDA:75,12,0,1
BRDA:75,12,1,8
BRDA:80,13,0,8
BRDA:80,13,1,0
BRDA:81,14,0,1
BRDA:81,14,1,7
BRDA:81,15,0,8
BRDA:81,15,1,2
BRDA:86,16,0,7
BRDA:86,16,1,0
BRDA:89,17,0,7
BRDA:89,17,1,7
BRDA:98,18,0,0
BRDA:98,18,1,7
BRDA:111,19,0,7
BRDA:111,19,1,6
BRDA:131,20,0,5
BRDA:134,21,0,1
BRDA:134,21,1,4
BRDA:138,22,0,0
BRDA:138,22,1,5
BRDA:146,23,0,5
BRDA:146,23,1,0
BRDA:149,24,0,0
BRDA:149,24,1,5
BRDA:154,25,0,5
BRDA:154,25,1,5
BRDA:163,26,0,0
BRDA:163,26,1,5
BRDA:173,27,0,5
BRDA:173,27,1,5
BRDA:181,28,0,1
BRDA:181,28,1,4
BRDA:181,29,0,5
BRDA:181,29,1,1
BRDA:198,30,0,2
BRDA:215,31,0,0
BRDA:231,32,0,2
BRDA:237,33,0,1
BRDA:237,33,1,1
BRDA:237,34,0,2
BRDA:237,34,1,2
BRDA:264,35,0,1
BRDA:264,35,1,1
BRDA:268,36,0,0
BRDA:268,36,1,2
BRDA:273,37,0,2
BRDA:273,37,1,0
BRDA:286,38,0,0
BRDA:286,38,1,0
BRDA:305,39,0,0
BRDA:305,39,1,0
BRDA:322,40,0,7
BRDA:322,40,1,2
BRDA:342,41,0,0
BRDA:342,41,1,7
BRDA:357,42,0,0
BRDA:371,43,0,0
BRDA:371,43,1,0
BRDA:372,44,0,0
BRDA:372,44,1,0
BRDA:391,45,0,1
BRDA:391,45,1,0
BRDA:394,46,0,1
BRDA:394,46,1,0
BRDA:399,47,0,0
BRDA:399,47,1,0
BRDA:401,48,0,0
BRDA:401,48,1,0
BRDA:406,49,0,0
BRDA:406,49,1,0
BRF:93
BRH:56
end_of_record
TN:
SF:src/memory-search.js
FN:12,(anonymous_0)
FN:16,(anonymous_1)
FN:22,(anonymous_2)
FN:27,(anonymous_3)
FN:28,(anonymous_4)
FN:31,(anonymous_5)
FN:59,(anonymous_6)
FN:77,(anonymous_7)
FN:105,(anonymous_8)
FN:115,(anonymous_9)
FN:142,(anonymous_10)
FN:176,(anonymous_11)
FN:197,(anonymous_12)
FN:210,(anonymous_13)
FN:213,(anonymous_14)
FN:239,(anonymous_15)
FN:255,(anonymous_16)
FN:269,(anonymous_17)
FNF:18
FNH:0
FNDA:0,(anonymous_0)
FNDA:0,(anonymous_1)
FNDA:0,(anonymous_2)
FNDA:0,(anonymous_3)
FNDA:0,(anonymous_4)
FNDA:0,(anonymous_5)
FNDA:0,(anonymous_6)
FNDA:0,(anonymous_7)
FNDA:0,(anonymous_8)
FNDA:0,(anonymous_9)
FNDA:0,(anonymous_10)
FNDA:0,(anonymous_11)
FNDA:0,(anonymous_12)
FNDA:0,(anonymous_13)
FNDA:0,(anonymous_14)
FNDA:0,(anonymous_15)
FNDA:0,(anonymous_16)
FNDA:0,(anonymous_17)
DA:13,0
DA:17,0
DA:18,0
DA:22,0
DA:23,0
DA:24,0
DA:28,0
DA:32,0
DA:33,0
DA:36,0
DA:37,0
DA:38,0
DA:40,0
DA:41,0
DA:42,0
DA:43,0
DA:46,0
DA:47,0
DA:49,0
DA:51,0
DA:56,1
DA:59,1
DA:60,0
DA:61,0
DA:63,0
DA:78,0
DA:79,0
DA:80,0
DA:83,0
DA:86,0
DA:89,0
DA:92,0
DA:95,0
DA:106,0
DA:107,0
DA:116,0
DA:118,0
DA:119,0
DA:120,0
DA:124,0
DA:127,0
DA:129,0
DA:131,0
DA:143,0
DA:145,0
DA:146,0
DA:148,0
DA:149,0
DA:153,0
DA:156,0
DA:157,0
DA:159,0
DA:161,0
DA:164,0
DA:167,0
DA:168,0
DA:176,0
DA:179,0
DA:182,0
DA:184,0
DA:186,0
DA:198,0
DA:199,0
DA:200,0
DA:204,0
DA:205,0
DA:208,0
DA:209,0
DA:210,0
DA:213,0
DA:214,0
DA:215,0
DA:218,0
DA:219,0
DA:223,0
DA:225,0
DA:240,0
DA:242,0
DA:243,0
DA:244,0
DA:246,0
DA:247,0
DA:250,0
DA:253,0
DA:254,0
DA:255,0
DA:258,0
DA:259,0
DA:263,0
DA:264,0
DA:268,0
DA:269,0
DA:270,0
DA:271,0
DA:272,0
DA:275,0
DA:276,0
DA:281,0
DA:282,0
DA:285,0
DA:287,0
LF:101
LH:2
BRDA:17,0,0,0
BRDA:17,0,1,0
BRDA:32,1,0,0
BRDA:32,1,1,0
BRDA:32,2,0,0
BRDA:32,2,1,0
BRDA:33,3,0,0
BRDA:33,3,1,0
BRDA:49,4,0,0
BRDA:49,4,1,0
BRDA:49,5,0,0
BRDA:49,5,1,0
BRDA:60,6,0,0
BRDA:60,6,1,0
BRDA:77,7,0,0
BRDA:86,8,0,0
BRDA:86,8,1,0
BRDA:89,9,0,0
BRDA:89,9,1,0
BRDA:92,10,0,0
BRDA:92,10,1,0
BRDA:95,11,0,0
BRDA:95,11,1,0
BRDA:105,12,0,0
BRDA:119,13,0,0
BRDA:119,13,1,0
BRDA:142,14,0,0
BRDA:142,15,0,0
BRDA:148,16,0,0
BRDA:148,16,1,0
BRDA:167,17,0,0
BRDA:167,17,1,0
BRDA:167,18,0,0
BRDA:167,18,1,0
BRDA:197,19,0,0
BRDA:197,20,0,0
BRDA:199,21,0,0
BRDA:199,21,1,0
BRDA:199,22,0,0
BRDA:199,22,1,0
BRDA:210,23,0,0
BRDA:210,23,1,0
BRDA:215,24,0,0
BRDA:215,24,1,0
BRDA:218,25,0,0
BRDA:218,25,1,0
BRDA:239,26,0,0
BRDA:243,27,0,0
BRDA:243,27,1,0
BRDA:246,28,0,0
BRDA:246,28,1,0
BRDA:246,29,0,0
BRDA:246,29,1,0
BRDA:253,30,0,0
BRDA:253,30,1,0
BRDA:258,31,0,0
BRDA:258,31,1,0
BRDA:258,32,0,0
BRDA:258,32,1,0
BRDA:268,33,0,0
BRDA:268,33,1,0
BRDA:270,34,0,0
BRDA:270,34,1,0
BRDA:271,35,0,0
BRDA:271,35,1,0
BRDA:275,36,0,0
BRDA:275,36,1,0
BRDA:281,37,0,0
BRDA:281,37,1,0
BRDA:281,38,0,0
BRDA:281,38,1,0
BRF:71
BRH:0
end_of_record
TN:
SF:src/memory-system.js
FN:28,(anonymous_0)
FN:120,(anonymous_1)
FN:170,(anonymous_2)
FN:201,(anonymous_3)
FN:254,(anonymous_4)
FN:284,(anonymous_5)
FN:336,(anonymous_6)
FN:390,(anonymous_7)
FN:435,(anonymous_8)
FN:480,(anonymous_9)
FN:501,(anonymous_10)
FN:521,(anonymous_11)
FN:542,(anonymous_12)
FN:543,(anonymous_13)
FN:570,(anonymous_14)
FN:613,(anonymous_15)
FN:627,(anonymous_16)
FN:645,(anonymous_17)
FN:655,(anonymous_18)
FN:665,(anonymous_19)
FN:675,(anonymous_20)
FN:684,(anonymous_21)
FN:693,(anonymous_22)
FN:700,(anonymous_23)
FN:710,(anonymous_24)
FN:720,(anonymous_25)
FN:730,(anonymous_26)
FN:741,(anonymous_27)
FN:751,(anonymous_28)
FN:760,(anonymous_29)
FN:769,(anonymous_30)
FN:780,(anonymous_31)
FNF:32
FNH:0
FNDA:0,(anonymous_0)
FNDA:0,(anonymous_1)
FNDA:0,(anonymous_2)
FNDA:0,(anonymous_3)
FNDA:0,(anonymous_4)
FNDA:0,(anonymous_5)
FNDA:0,(anonymous_6)
FNDA:0,(anonymous_7)
FNDA:0,(anonymous_8)
FNDA:0,(anonymous_9)
FNDA:0,(anonymous_10)
FNDA:0,(anonymous_11)
FNDA:0,(anonymous_12)
FNDA:0,(anonymous_13)
FNDA:0,(anonymous_14)
FNDA:0,(anonymous_15)
FNDA:0,(anonymous_16)
FNDA:0,(anonymous_17)
FNDA:0,(anonymous_18)
FNDA:0,(anonymous_19)
FNDA:0,(anonymous_20)
FNDA:0,(anonymous_21)
FNDA:0,(anonymous_22)
FNDA:0,(anonymous_23)
FNDA:0,(anonymous_24)
FNDA:0,(anonymous_25)
FNDA:0,(anonymous_26)
FNDA:0,(anonymous_27)
FNDA:0,(anonymous_28)
FNDA:0,(anonymous_29)
FNDA:0,(anonymous_30)
FNDA:0,(anonymous_31)
DA:30,0
DA:31,0
DA:32,0
DA:35,0
DA:36,0
DA:37,0
DA:40,0
DA:41,0
DA:42,0
DA:45,0
DA:46,0
DA:47,0
DA:50,0
DA:57,0
DA:66,0
DA:77,0
DA:112,0
DA:121,0
DA:123,0
DA:124,0
DA:130,0
DA:132,0
DA:135,0
DA:136,0
DA:138,0
DA:140,0
DA:143,0
DA:144,0
DA:148,0
DA:152,0
DA:158,0
DA:160,0
DA:161,0
DA:171,0
DA:173,0
DA:175,0
DA:176,0
DA:179,0
DA:180,0
DA:184,0
DA:185,0
DA:188,0
DA:190,0
DA:191,0
DA:202,0
DA:204,0
DA:206,0
DA:207,0
DA:211,0
DA:212,0
DA:217,0
DA:218,0
DA:221,0
DA:222,0
DA:224,0
DA:225,0
DA:228,0
DA:229,0
DA:232,0
DA:236,0
DA:242,0
DA:244,0
DA:245,0
DA:255,0
DA:257,0
DA:258,0
DA:259,0
DA:261,0
DA:263,0
DA:265,0
DA:268,0
DA:270,0
DA:271,0
DA:285,0
DA:286,0
DA:287,0
DA:288,0
DA:289,0
DA:292,0
DA:299,0
DA:306,0
DA:314,0
DA:317,0
DA:320,0
DA:323,0
DA:325,0
DA:326,0
DA:337,0
DA:338,0
DA:339,0
DA:342,0
DA:345,0
DA:353,0
DA:359,0
DA:362,0
DA:363,0
DA:364,0
DA:365,0
DA:371,0
DA:374,0
DA:377,0
DA:379,0
DA:380,0
DA:391,0
DA:393,0
DA:394,0
DA:395,0
DA:399,0
DA:402,0
DA:408,0
DA:409,0
DA:413,0
DA:422,0
DA:424,0
DA:425,0
DA:436,0
DA:438,0
DA:441,0
DA:442,0
DA:446,0
DA:452,0
DA:453,0
DA:457,0
DA:466,0
DA:468,0
DA:469,0
DA:482,0
DA:483,0
DA:487,0
DA:488,0
DA:491,0
DA:503,0
DA:504,0
DA:508,0
DA:509,0
DA:512,0
DA:522,0
DA:523,0
DA:525,0
DA:526,0
DA:527,0
DA:528,0
DA:532,0
DA:543,0
DA:545,0
DA:546,0
DA:549,0
DA:550,0
DA:553,0
DA:554,0
DA:557,0
DA:558,0
DA:560,0
DA:572,0
DA:573,0
DA:576,0
DA:577,0
DA:580,0
DA:581,0
DA:584,0
DA:585,0
DA:588,0
DA:589,0
DA:593,0
DA:595,0
DA:596,0
DA:597,0
DA:598,0
DA:599,0
DA:601,0
DA:605,0
DA:614,0
DA:615,0
DA:618,0
DA:628,0
DA:630,0
DA:631,0
DA:632,0
DA:634,0
DA:646,0
DA:656,0
DA:666,0
DA:676,0
DA:685,0
DA:694,0
DA:701,0
DA:711,0
DA:721,0
DA:731,0
DA:742,0
DA:752,0
DA:761,0
DA:770,0
DA:781,0
LF:194
LH:0
BRDA:28,0,0,0
BRDA:30,1,0,0
BRDA:30,1,1,0
BRDA:31,2,0,0
BRDA:31,2,1,0
BRDA:32,3,0,0
BRDA:32,3,1,0
BRDA:50,4,0,0
BRDA:50,4,1,0
BRDA:57,5,0,0
BRDA:57,5,1,0
BRDA:66,6,0,0
BRDA:66,6,1,0
BRDA:81,7,0,0
BRDA:81,7,1,0
BRDA:83,8,0,0
BRDA:83,8,1,0
BRDA:85,9,0,0
BRDA:85,9,1,0
BRDA:87,10,0,0
BRDA:87,10,1,0
BRDA:93,11,0,0
BRDA:93,11,1,0
BRDA:95,12,0,0
BRDA:95,12,1,0
BRDA:97,13,0,0
BRDA:97,13,1,0
BRDA:103,14,0,0
BRDA:103,14,1,0
BRDA:105,15,0,0
BRDA:105,15,1,0
BRDA:107,16,0,0
BRDA:107,16,1,0
BRDA:123,17,0,0
BRDA:123,17,1,0
BRDA:124,18,0,0
BRDA:124,18,1,0
BRDA:130,19,0,0
BRDA:130,19,1,0
BRDA:135,20,0,0
BRDA:135,20,1,0
BRDA:138,21,0,0
BRDA:138,21,1,0
BRDA:143,22,0,0
BRDA:143,22,1,0
BRDA:175,23,0,0
BRDA:175,23,1,0
BRDA:179,24,0,0
BRDA:179,24,1,0
BRDA:184,25,0,0
BRDA:184,25,1,0
BRDA:206,26,0,0
BRDA:206,26,1,0
BRDA:211,27,0,0
BRDA:211,27,1,0
BRDA:212,28,0,0
BRDA:212,28,1,0
BRDA:212,28,2,0
BRDA:217,29,0,0
BRDA:217,29,1,0
BRDA:221,30,0,0
BRDA:221,30,1,0
BRDA:224,31,0,0
BRDA:224,31,1,0
BRDA:228,32,0,0
BRDA:228,32,1,0
BRDA:261,33,0,0
BRDA:261,33,1,0
BRDA:261,33,2,0
BRDA:263,34,0,0
BRDA:263,34,1,0
BRDA:284,35,0,0
BRDA:286,36,0,0
BRDA:286,36,1,0
BRDA:287,37,0,0
BRDA:287,37,1,0
BRDA:288,38,0,0
BRDA:288,38,1,0
BRDA:289,39,0,0
BRDA:289,39,1,0
BRDA:336,40,0,0
BRDA:338,41,0,0
BRDA:338,41,1,0
BRDA:339,42,0,0
BRDA:339,42,1,0
BRDA:349,43,0,0
BRDA:349,43,1,0
BRDA:364,44,0,0
BRDA:364,44,1,0
BRDA:364,45,0,0
BRDA:364,45,1,0
BRDA:393,46,0,0
BRDA:393,46,1,0
BRDA:394,47,0,0
BRDA:394,47,1,0
BRDA:399,48,0,0
BRDA:399,48,1,0
BRDA:408,49,0,0
BRDA:408,49,1,0
BRDA:438,50,0,0
BRDA:438,50,1,0
BRDA:441,51,0,0
BRDA:441,51,1,0
BRDA:452,52,0,0
BRDA:452,52,1,0
BRDA:482,53,0,0
BRDA:482,53,1,0
BRDA:482,54,0,0
BRDA:482,54,1,0
BRDA:487,55,0,0
BRDA:487,55,1,0
BRDA:503,56,0,0
BRDA:503,56,1,0
BRDA:503,57,0,0
BRDA:503,57,1,0
BRDA:508,58,0,0
BRDA:508,58,1,0
BRDA:508,59,0,0
BRDA:508,59,1,0
BRDA:526,60,0,0
BRDA:526,60,1,0
BRDA:545,61,0,0
BRDA:545,61,1,0
BRDA:546,62,0,0
BRDA:546,62,1,0
BRDA:549,63,0,0
BRDA:549,63,1,0
BRDA:550,64,0,0
BRDA:550,64,1,0
BRDA:553,65,0,0
BRDA:553,65,1,0
BRDA:554,66,0,0
BRDA:554,66,1,0
BRDA:572,67,0,0
BRDA:572,67,1,0
BRDA:576,68,0,0
BRDA:576,68,1,0
BRDA:580,69,0,0
BRDA:580,69,1,0
BRDA:584,70,0,0
BRDA:584,70,1,0
BRDA:588,71,0,0
BRDA:588,71,1,0
BRDA:595,72,0,0
BRDA:595,72,1,0
BRDA:596,73,0,0
BRDA:596,73,1,0
BRDA:597,74,0,0
BRDA:597,74,1,0
BRDA:598,75,0,0
BRDA:598,75,1,0
BRDA:614,76,0,0
BRDA:614,76,1,0
BRDA:627,77,0,0
BRDA:628,78,0,0
BRDA:628,78,1,0
BRDA:645,79,0,0
BRDA:655,80,0,0
BRDA:665,81,0,0
BRDA:675,82,0,0
BRDA:684,83,0,0
BRDA:710,84,0,0
BRDA:720,85,0,0
BRDA:730,86,0,0
BRDA:741,87,0,0
BRDA:769,88,0,0
BRDA:780,89,0,0
BRF:167
BRH:0
end_of_record
TN:
SF:src/sequential-thinking-integration.js
FN:19,(anonymous_0)
FN:57,(anonymous_1)
FN:113,(anonymous_2)
FN:160,(anonymous_3)
FN:201,(anonymous_4)
FN:287,(anonymous_5)
FN:351,(anonymous_6)
FN:385,(anonymous_7)
FN:394,(anonymous_8)
FN:398,(anonymous_9)
FN:402,(anonymous_10)
FN:417,(anonymous_11)
FN:441,(anonymous_12)
FN:477,(anonymous_13)
FN:488,(anonymous_14)
FN:539,(anonymous_15)
FN:564,(anonymous_16)
FN:611,(anonymous_17)
FN:639,(anonymous_18)
FN:697,(anonymous_19)
FNF:20
FNH:6
FNDA:9,(anonymous_0)
FNDA:0,(anonymous_1)
FNDA:0,(anonymous_2)
FNDA:0,(anonymous_3)
FNDA:2,(anonymous_4)
FNDA:2,(anonymous_5)
FNDA:2,(anonymous_6)
FNDA:0,(anonymous_7)
FNDA:0,(anonymous_8)
FNDA:0,(anonymous_9)
FNDA:0,(anonymous_10)
FNDA:0,(anonymous_11)
FNDA:0,(anonymous_12)
FNDA:0,(anonymous_13)
FNDA:3,(anonymous_14)
FNDA:0,(anonymous_15)
FNDA:0,(anonymous_16)
FNDA:0,(anonymous_17)
FNDA:2,(anonymous_18)
FNDA:0,(anonymous_19)
DA:21,9
DA:22,9
DA:23,9
DA:24,9
DA:25,9
DA:26,9
DA:29,9
DA:45,9
DA:48,9
DA:58,0
DA:60,0
DA:63,0
DA:77,0
DA:80,0
DA:83,0
DA:93,0
DA:99,0
DA:101,0
DA:102,0
DA:114,0
DA:116,0
DA:118,0
DA:119,0
DA:123,0
DA:124,0
DA:128,0
DA:131,0
DA:132,0
DA:136,0
DA:139,0
DA:142,0
DA:148,0
DA:151,0
DA:154,0
DA:160,0
DA:164,0
DA:165,0
DA:166,0
DA:169,0
DA:170,0
DA:174,0
DA:175,0
DA:178,0
DA:186,0
DA:189,0
DA:191,0
DA:202,2
DA:204,2
DA:206,2
DA:207,0
DA:211,2
DA:212,0
DA:220,2
DA:221,2
DA:224,2
DA:225,2
DA:226,2
DA:227,2
DA:230,2
DA:231,2
DA:232,2
DA:236,2
DA:247,2
DA:259,2
DA:260,0
DA:264,2
DA:266,2
DA:274,0
DA:277,0
DA:288,2
DA:290,2
DA:292,2
DA:293,1
DA:297,1
DA:298,0
DA:306,1
DA:307,1
DA:310,1
DA:311,1
DA:312,1
DA:313,1
DA:316,1
DA:328,1
DA:329,0
DA:332,1
DA:340,1
DA:342,1
DA:352,2
DA:354,2
DA:356,2
DA:357,1
DA:361,1
DA:375,1
DA:376,1
DA:386,0
DA:388,0
DA:391,0
DA:393,0
DA:394,0
DA:397,0
DA:398,0
DA:402,0
DA:403,0
DA:404,0
DA:407,0
DA:411,0
DA:412,0
DA:414,0
DA:417,0
DA:429,0
DA:430,0
DA:442,0
DA:444,0
DA:446,0
DA:447,0
DA:451,0
DA:454,0
DA:455,0
DA:459,0
DA:465,0
DA:467,0
DA:468,0
DA:478,0
DA:493,3
DA:495,3
DA:497,1
DA:508,1
DA:518,0
DA:528,1
DA:540,0
DA:542,0
DA:545,0
DA:550,0
DA:552,0
DA:553,0
DA:566,0
DA:569,0
DA:570,0
DA:573,0
DA:574,0
DA:577,0
DA:578,0
DA:582,0
DA:584,0
DA:585,0
DA:587,0
DA:588,0
DA:591,0
DA:592,0
DA:595,0
DA:596,0
DA:601,0
DA:612,0
DA:614,0
DA:625,0
DA:627,0
DA:628,0
DA:640,2
DA:642,2
DA:644,2
DA:645,0
DA:649,2
DA:652,2
DA:655,2
DA:668,2
DA:669,2
DA:681,2
DA:683,0
DA:684,0
DA:698,0
DA:700,0
DA:702,0
DA:703,0
DA:704,0
DA:708,0
DA:709,0
DA:712,0
DA:715,0
DA:726,0
LF:179
LH:64
BRDA:19,0,0,0
BRDA:31,1,0,9
BRDA:31,1,1,9
BRDA:33,2,0,9
BRDA:33,2,1,9
BRDA:35,3,0,9
BRDA:35,3,1,9
BRDA:41,4,0,9
BRDA:41,4,1,9
BRDA:57,5,0,0
BRDA:71,6,0,0
BRDA:71,6,1,0
BRDA:72,7,0,0
BRDA:72,7,1,0
BRDA:73,8,0,0
BRDA:73,8,1,0
BRDA:88,9,0,0
BRDA:88,9,1,0
BRDA:113,10,0,0
BRDA:118,11,0,0
BRDA:118,11,1,0
BRDA:123,12,0,0
BRDA:123,12,1,0
BRDA:123,13,0,0
BRDA:123,13,1,0
BRDA:131,14,0,0
BRDA:131,14,1,0
BRDA:169,15,0,0
BRDA:169,15,1,0
BRDA:174,16,0,0
BRDA:174,16,1,0
BRDA:174,17,0,0
BRDA:174,17,1,0
BRDA:183,18,0,0
BRDA:183,18,1,0
BRDA:206,19,0,0
BRDA:206,19,1,2
BRDA:211,20,0,0
BRDA:211,20,1,2
BRDA:211,21,0,2
BRDA:211,21,1,2
BRDA:231,22,0,2
BRDA:231,22,1,0
BRDA:237,23,0,2
BRDA:237,23,1,0
BRDA:241,24,0,2
BRDA:241,24,1,0
BRDA:242,25,0,2
BRDA:242,25,1,0
BRDA:249,26,0,2
BRDA:249,26,1,0
BRDA:259,27,0,0
BRDA:259,27,1,2
BRDA:292,28,0,1
BRDA:292,28,1,1
BRDA:297,29,0,0
BRDA:297,29,1,1
BRDA:297,30,0,1
BRDA:297,30,1,1
BRDA:318,31,0,1
BRDA:318,31,1,0
BRDA:328,32,0,0
BRDA:328,32,1,1
BRDA:356,33,0,1
BRDA:356,33,1,1
BRDA:367,34,0,1
BRDA:367,34,1,1
BRDA:385,35,0,0
BRDA:393,36,0,0
BRDA:393,36,1,0
BRDA:397,37,0,0
BRDA:397,37,1,0
BRDA:403,38,0,0
BRDA:403,38,1,0
BRDA:404,39,0,0
BRDA:404,39,1,0
BRDA:404,40,0,0
BRDA:404,40,1,0
BRDA:411,41,0,0
BRDA:411,41,1,0
BRDA:412,42,0,0
BRDA:412,42,1,0
BRDA:423,43,0,0
BRDA:423,43,1,0
BRDA:441,44,0,0
BRDA:446,45,0,0
BRDA:446,45,1,0
BRDA:454,46,0,0
BRDA:454,46,1,0
BRDA:488,47,0,0
BRDA:493,48,0,3
BRDA:493,48,1,0
BRDA:495,49,0,1
BRDA:495,49,1,0
BRDA:495,49,2,1
BRDA:495,49,3,0
BRDA:495,49,4,1
BRDA:523,50,0,0
BRDA:523,50,1,0
BRDA:569,51,0,0
BRDA:569,51,1,0
BRDA:573,52,0,0
BRDA:573,52,1,0
BRDA:577,53,0,0
BRDA:577,53,1,0
BRDA:584,54,0,0
BRDA:584,54,1,0
BRDA:587,55,0,0
BRDA:587,55,1,0
BRDA:591,56,0,0
BRDA:591,56,1,0
BRDA:595,57,0,0
BRDA:595,57,1,0
BRDA:644,58,0,0
BRDA:644,58,1,2
BRDA:649,59,0,0
BRDA:649,59,1,2
BRDA:652,60,0,2
BRDA:652,60,1,0
BRDA:663,61,0,2
BRDA:663,61,1,2
BRDA:668,62,0,2
BRDA:668,62,1,0
BRDA:702,63,0,0
BRDA:702,63,1,0
BRDA:708,64,0,0
BRDA:708,64,1,0
BRDA:722,65,0,0
BRDA:722,65,1,0
BRF:129
BRH:39
end_of_record
TN:
SF:src/long-term/index.js
FN:23,initializeLongTermMemory
FNF:1
FNH:0
FNDA:0,initializeLongTermMemory
DA:24,0
DA:25,0
DA:30,0
LF:3
LH:0
BRDA:23,0,0,0
BRF:1
BRH:0
end_of_record
TN:
SF:src/long-term/knowledge-base.js
FN:32,(anonymous_0)
FN:63,(anonymous_1)
FN:73,(anonymous_2)
FN:87,(anonymous_3)
FN:143,(anonymous_4)
FN:177,(anonymous_5)
FN:233,(anonymous_6)
FN:264,(anonymous_7)
FN:273,(anonymous_8)
FN:281,(anonymous_9)
FN:294,(anonymous_10)
FN:307,(anonymous_11)
FN:313,(anonymous_12)
FN:337,(anonymous_13)
FN:345,(anonymous_14)
FN:357,(anonymous_15)
FN:364,(anonymous_16)
FN:377,(anonymous_17)
FN:393,(anonymous_18)
FN:406,(anonymous_19)
FN:431,(anonymous_20)
FN:459,(anonymous_21)
FN:528,(anonymous_22)
FN:556,(anonymous_23)
FN:559,(anonymous_24)
FN:568,(anonymous_25)
FN:586,(anonymous_26)
FN:602,(anonymous_27)
FN:620,(anonymous_28)
FN:625,(anonymous_29)
FN:641,(anonymous_30)
FN:649,(anonymous_31)
FNF:32
FNH:0
FNDA:0,(anonymous_0)
FNDA:0,(anonymous_1)
FNDA:0,(anonymous_2)
FNDA:0,(anonymous_3)
FNDA:0,(anonymous_4)
FNDA:0,(anonymous_5)
FNDA:0,(anonymous_6)
FNDA:0,(anonymous_7)
FNDA:0,(anonymous_8)
FNDA:0,(anonymous_9)
FNDA:0,(anonymous_10)
FNDA:0,(anonymous_11)
FNDA:0,(anonymous_12)
FNDA:0,(anonymous_13)
FNDA:0,(anonymous_14)
FNDA:0,(anonymous_15)
FNDA:0,(anonymous_16)
FNDA:0,(anonymous_17)
FNDA:0,(anonymous_18)
FNDA:0,(anonymous_19)
FNDA:0,(anonymous_20)
FNDA:0,(anonymous_21)
FNDA:0,(anonymous_22)
FNDA:0,(anonymous_23)
FNDA:0,(anonymous_24)
FNDA:0,(anonymous_25)
FNDA:0,(anonymous_26)
FNDA:0,(anonymous_27)
FNDA:0,(anonymous_28)
FNDA:0,(anonymous_29)
FNDA:0,(anonymous_30)
FNDA:0,(anonymous_31)
DA:16,1
DA:33,0
DA:34,0
DA:37,0
DA:40,0
DA:43,0
DA:46,0
DA:47,0
DA:50,0
DA:64,0
DA:74,0
DA:89,0
DA:92,0
DA:95,0
DA:98,0
DA:101,0
DA:121,0
DA:127,0
DA:128,0
DA:131,0
DA:132,0
DA:135,0
DA:145,0
DA:146,0
DA:148,0
DA:149,0
DA:153,0
DA:155,0
DA:156,0
DA:160,0
DA:166,0
DA:168,0
DA:179,0
DA:181,0
DA:182,0
DA:186,0
DA:194,0
DA:195,0
DA:199,0
DA:201,0
DA:202,0
DA:203,0
DA:208,0
DA:209,0
DA:210,0
DA:216,0
DA:222,0
DA:223,0
DA:225,0
DA:235,0
DA:237,0
DA:238,0
DA:242,0
DA:244,0
DA:246,0
DA:247,0
DA:250,0
DA:251,0
DA:255,0
DA:266,0
DA:269,0
DA:273,0
DA:278,0
DA:281,0
DA:296,0
DA:297,0
DA:299,0
DA:301,0
DA:307,0
DA:308,0
DA:309,0
DA:313,0
DA:320,0
DA:321,0
DA:322,0
DA:323,0
DA:324,0
DA:328,0
DA:339,0
DA:345,0
DA:359,0
DA:364,0
DA:378,0
DA:394,0
DA:407,0
DA:409,0
DA:410,0
DA:414,0
DA:416,0
DA:432,0
DA:434,0
DA:435,0
DA:439,0
DA:441,0
DA:461,0
DA:462,0
DA:464,0
DA:465,0
DA:469,0
DA:472,0
DA:475,0
DA:497,0
DA:500,0
DA:510,0
DA:520,0
DA:529,0
DA:531,0
DA:532,0
DA:535,0
DA:537,0
DA:538,0
DA:539,0
DA:540,0
DA:547,0
DA:559,0
DA:569,0
DA:577,0
DA:587,0
DA:592,0
DA:603,0
DA:604,0
DA:607,0
DA:608,0
DA:609,0
DA:621,0
DA:622,0
DA:625,0
DA:627,0
DA:628,0
DA:630,0
DA:642,0
DA:643,0
DA:646,0
DA:647,0
DA:649,0
LF:135
LH:1
BRDA:32,0,0,0
BRDA:33,1,0,0
BRDA:33,1,1,0
BRDA:34,2,0,0
BRDA:34,2,1,0
BRDA:40,3,0,0
BRDA:40,3,1,0
BRDA:43,4,0,0
BRDA:43,4,1,0
BRDA:46,5,0,0
BRDA:46,5,1,0
BRDA:47,6,0,0
BRDA:47,6,1,0
BRDA:51,7,0,0
BRDA:51,7,1,0
BRDA:52,8,0,0
BRDA:52,8,1,0
BRDA:89,9,0,0
BRDA:89,9,1,0
BRDA:104,10,0,0
BRDA:104,10,1,0
BRDA:105,11,0,0
BRDA:105,11,1,0
BRDA:108,12,0,0
BRDA:108,12,1,0
BRDA:109,13,0,0
BRDA:109,13,1,0
BRDA:110,14,0,0
BRDA:110,14,1,0
BRDA:112,15,0,0
BRDA:112,15,1,0
BRDA:113,16,0,0
BRDA:113,16,1,0
BRDA:114,17,0,0
BRDA:114,17,1,0
BRDA:115,18,0,0
BRDA:115,18,1,0
BRDA:148,19,0,0
BRDA:148,19,1,0
BRDA:155,20,0,0
BRDA:155,20,1,0
BRDA:181,21,0,0
BRDA:181,21,1,0
BRDA:194,22,0,0
BRDA:194,22,1,0
BRDA:194,23,0,0
BRDA:194,23,1,0
BRDA:199,24,0,0
BRDA:199,24,1,0
BRDA:199,25,0,0
BRDA:199,25,1,0
BRDA:202,26,0,0
BRDA:202,26,1,0
BRDA:209,27,0,0
BRDA:209,27,1,0
BRDA:237,28,0,0
BRDA:237,28,1,0
BRDA:244,29,0,0
BRDA:244,29,1,0
BRDA:264,30,0,0
BRDA:273,31,0,0
BRDA:273,31,1,0
BRDA:284,32,0,0
BRDA:284,32,1,0
BRDA:294,33,0,0
BRDA:297,34,0,0
BRDA:297,34,1,0
BRDA:299,35,0,0
BRDA:299,35,1,0
BRDA:308,36,0,0
BRDA:308,36,1,0
BRDA:323,37,0,0
BRDA:323,37,1,0
BRDA:337,38,0,0
BRDA:357,39,0,0
BRDA:377,40,0,0
BRDA:377,41,0,0
BRDA:409,42,0,0
BRDA:409,42,1,0
BRDA:420,43,0,0
BRDA:420,43,1,0
BRDA:434,44,0,0
BRDA:434,44,1,0
BRDA:445,45,0,0
BRDA:445,45,1,0
BRDA:459,46,0,0
BRDA:464,47,0,0
BRDA:464,47,1,0
BRDA:464,48,0,0
BRDA:464,48,1,0
BRDA:504,49,0,0
BRDA:504,49,1,0
BRDA:514,50,0,0
BRDA:514,50,1,0
BRDA:531,51,0,0
BRDA:531,51,1,0
BRDA:531,52,0,0
BRDA:531,52,1,0
BRDA:539,53,0,0
BRDA:539,53,1,0
BRDA:577,54,0,0
BRDA:577,54,1,0
BRDA:592,55,0,0
BRDA:592,55,1,0
BRDA:604,56,0,0
BRDA:604,56,1,0
BRDA:607,57,0,0
BRDA:607,57,1,0
BRDA:622,58,0,0
BRDA:622,58,1,0
BRDA:627,59,0,0
BRDA:627,59,1,0
BRDA:642,60,0,0
BRDA:642,60,1,0
BRF:114
BRH:0
end_of_record
TN:
SF:src/long-term/rule-engine.js
FN:51,(anonymous_0)
FN:73,(anonymous_1)
FN:108,(anonymous_2)
FN:129,(anonymous_3)
FN:164,(anonymous_4)
FN:173,(anonymous_5)
FN:195,(anonymous_6)
FN:202,(anonymous_7)
FN:204,(anonymous_8)
FN:212,(anonymous_9)
FN:239,(anonymous_10)
FN:252,(anonymous_11)
FN:265,(anonymous_12)
FN:284,(anonymous_13)
FN:305,(anonymous_14)
FN:353,(anonymous_15)
FN:425,(anonymous_16)
FN:461,(anonymous_17)
FN:489,(anonymous_18)
FN:511,(anonymous_19)
FN:540,(anonymous_20)
FN:575,(anonymous_21)
FN:614,(anonymous_22)
FN:634,(anonymous_23)
FN:695,(anonymous_24)
FN:697,(anonymous_25)
FN:720,(anonymous_26)
FN:730,(anonymous_27)
FN:735,(anonymous_28)
FN:738,(anonymous_29)
FN:743,(anonymous_30)
FN:748,(anonymous_31)
FNF:32
FNH:0
FNDA:0,(anonymous_0)
FNDA:0,(anonymous_1)
FNDA:0,(anonymous_2)
FNDA:0,(anonymous_3)
FNDA:0,(anonymous_4)
FNDA:0,(anonymous_5)
FNDA:0,(anonymous_6)
FNDA:0,(anonymous_7)
FNDA:0,(anonymous_8)
FNDA:0,(anonymous_9)
FNDA:0,(anonymous_10)
FNDA:0,(anonymous_11)
FNDA:0,(anonymous_12)
FNDA:0,(anonymous_13)
FNDA:0,(anonymous_14)
FNDA:0,(anonymous_15)
FNDA:0,(anonymous_16)
FNDA:0,(anonymous_17)
FNDA:0,(anonymous_18)
FNDA:0,(anonymous_19)
FNDA:0,(anonymous_20)
FNDA:0,(anonymous_21)
FNDA:0,(anonymous_22)
FNDA:0,(anonymous_23)
FNDA:0,(anonymous_24)
FNDA:0,(anonymous_25)
FNDA:0,(anonymous_26)
FNDA:0,(anonymous_27)
FNDA:0,(anonymous_28)
FNDA:0,(anonymous_29)
FNDA:0,(anonymous_30)
FNDA:0,(anonymous_31)
DA:15,1
DA:33,1
DA:52,0
DA:55,0
DA:58,0
DA:61,0
DA:75,0
DA:78,0
DA:89,0
DA:109,0
DA:111,0
DA:112,0
DA:115,0
DA:116,0
DA:118,0
DA:119,0
DA:130,0
DA:132,0
DA:133,0
DA:137,0
DA:143,0
DA:146,0
DA:156,0
DA:165,0
DA:174,0
DA:176,0
DA:177,0
DA:178,0
DA:179,0
DA:180,0
DA:190,0
DA:195,0
DA:203,0
DA:204,0
DA:214,0
DA:216,0
DA:219,0
DA:220,0
DA:222,0
DA:223,0
DA:231,0
DA:240,0
DA:241,0
DA:244,0
DA:253,0
DA:254,0
DA:257,0
DA:266,0
DA:268,0
DA:269,0
DA:270,0
DA:272,0
DA:286,0
DA:288,0
DA:289,0
DA:293,0
DA:295,0
DA:306,0
DA:307,0
DA:311,0
DA:314,0
DA:316,0
DA:317,0
DA:319,0
DA:320,0
DA:323,0
DA:324,0
DA:327,0
DA:331,0
DA:333,0
DA:334,0
DA:337,0
DA:338,0
DA:343,0
DA:354,0
DA:357,0
DA:360,0
DA:362,0
DA:365,0
DA:368,0
DA:371,0
DA:374,0
DA:375,0
DA:377,0
DA:378,0
DA:380,0
DA:383,0
DA:384,0
DA:386,0
DA:387,0
DA:389,0
DA:392,0
DA:395,0
DA:398,0
DA:399,0
DA:400,0
DA:402,0
DA:403,0
DA:407,0
DA:410,0
DA:413,0
DA:414,0
DA:426,0
DA:427,0
DA:430,0
DA:433,0
DA:434,0
DA:435,0
DA:436,0
DA:442,0
DA:443,0
DA:451,0
DA:462,0
DA:464,0
DA:466,0
DA:469,0
DA:470,0
DA:473,0
DA:474,0
DA:477,0
DA:478,0
DA:479,0
DA:481,0
DA:482,0
DA:485,0
DA:486,0
DA:487,0
DA:489,0
DA:490,0
DA:493,0
DA:494,0
DA:497,0
DA:500,0
DA:513,0
DA:514,0
DA:518,0
DA:519,0
DA:521,0
DA:522,0
DA:523,0
DA:526,0
DA:529,0
DA:542,0
DA:543,0
DA:547,0
DA:548,0
DA:551,0
DA:552,0
DA:554,0
DA:555,0
DA:558,0
DA:562,0
DA:563,0
DA:565,0
DA:576,0
DA:578,0
DA:581,0
DA:584,0
DA:587,0
DA:590,0
DA:593,0
DA:596,0
DA:597,0
DA:598,0
DA:601,0
DA:615,0
DA:617,0
DA:618,0
DA:621,0
DA:622,0
DA:624,0
DA:635,0
DA:636,0
DA:639,0
DA:640,0
DA:643,0
DA:644,0
DA:648,0
DA:649,0
DA:650,0
DA:652,0
DA:655,0
DA:656,0
DA:659,0
DA:660,0
DA:663,0
DA:666,0
DA:672,0
DA:673,0
DA:674,0
DA:675,0
DA:678,0
DA:679,0
DA:682,0
DA:685,0
DA:697,0
DA:698,0
DA:699,0
DA:702,0
DA:703,0
DA:704,0
DA:705,0
DA:706,0
DA:707,0
DA:708,0
DA:710,0
DA:720,0
DA:721,0
DA:722,0
DA:725,0
DA:726,0
DA:730,0
DA:731,0
DA:732,0
DA:735,0
DA:738,0
DA:739,0
DA:740,0
DA:743,0
DA:744,0
DA:748,0
DA:749,0
DA:750,0
DA:752,0
DA:754,0
DA:756,0
DA:757,0
DA:759,0
DA:760,0
DA:762,0
DA:763,0
DA:766,0
DA:767,0
DA:770,0
LF:234
LH:2
BRDA:51,0,0,0
BRDA:52,1,0,0
BRDA:52,1,1,0
BRDA:80,2,0,0
BRDA:80,2,1,0
BRDA:83,3,0,0
BRDA:83,3,1,0
BRDA:85,4,0,0
BRDA:85,4,1,0
BRDA:92,5,0,0
BRDA:92,5,1,0
BRDA:93,6,0,0
BRDA:93,6,1,0
BRDA:111,7,0,0
BRDA:111,7,1,0
BRDA:111,8,0,0
BRDA:111,8,1,0
BRDA:132,9,0,0
BRDA:132,9,1,0
BRDA:173,10,0,0
BRDA:222,11,0,0
BRDA:222,11,1,0
BRDA:240,12,0,0
BRDA:240,12,1,0
BRDA:253,13,0,0
BRDA:253,13,1,0
BRDA:265,14,0,0
BRDA:266,15,0,0
BRDA:266,15,1,0
BRDA:288,16,0,0
BRDA:288,16,1,0
BRDA:306,17,0,0
BRDA:306,17,1,0
BRDA:306,18,0,0
BRDA:306,18,1,0
BRDA:311,19,0,0
BRDA:311,19,1,0
BRDA:316,20,0,0
BRDA:316,20,1,0
BRDA:319,21,0,0
BRDA:319,21,1,0
BRDA:319,22,0,0
BRDA:319,22,1,0
BRDA:323,23,0,0
BRDA:323,23,1,0
BRDA:323,24,0,0
BRDA:323,24,1,0
BRDA:333,25,0,0
BRDA:333,25,1,0
BRDA:333,26,0,0
BRDA:333,26,1,0
BRDA:337,27,0,0
BRDA:337,27,1,0
BRDA:337,28,0,0
BRDA:337,28,1,0
BRDA:360,29,0,0
BRDA:360,29,1,0
BRDA:360,29,2,0
BRDA:360,29,3,0
BRDA:360,29,4,0
BRDA:360,29,5,0
BRDA:360,29,6,0
BRDA:360,29,7,0
BRDA:360,29,8,0
BRDA:360,29,9,0
BRDA:360,29,10,0
BRDA:360,29,11,0
BRDA:374,30,0,0
BRDA:374,30,1,0
BRDA:377,31,0,0
BRDA:377,31,1,0
BRDA:383,32,0,0
BRDA:383,32,1,0
BRDA:386,33,0,0
BRDA:386,33,1,0
BRDA:392,34,0,0
BRDA:392,34,1,0
BRDA:395,35,0,0
BRDA:395,35,1,0
BRDA:407,36,0,0
BRDA:407,36,1,0
BRDA:410,37,0,0
BRDA:410,37,1,0
BRDA:426,38,0,0
BRDA:426,38,1,0
BRDA:426,39,0,0
BRDA:426,39,1,0
BRDA:464,40,0,0
BRDA:464,40,1,0
BRDA:464,40,2,0
BRDA:464,40,3,0
BRDA:464,40,4,0
BRDA:464,40,5,0
BRDA:464,40,6,0
BRDA:464,40,7,0
BRDA:469,41,0,0
BRDA:469,41,1,0
BRDA:470,42,0,0
BRDA:470,42,1,0
BRDA:473,43,0,0
BRDA:473,43,1,0
BRDA:474,44,0,0
BRDA:474,44,1,0
BRDA:477,45,0,0
BRDA:477,45,1,0
BRDA:478,46,0,0
BRDA:478,46,1,0
BRDA:486,47,0,0
BRDA:486,47,1,0
BRDA:513,48,0,0
BRDA:513,48,1,0
BRDA:522,49,0,0
BRDA:522,49,1,0
BRDA:522,50,0,0
BRDA:522,50,1,0
BRDA:542,51,0,0
BRDA:542,51,1,0
BRDA:554,52,0,0
BRDA:554,52,1,0
BRDA:554,53,0,0
BRDA:554,53,1,0
BRDA:576,54,0,0
BRDA:576,54,1,0
BRDA:576,54,2,0
BRDA:576,54,3,0
BRDA:576,54,4,0
BRDA:576,54,5,0
BRDA:576,54,6,0
BRDA:596,55,0,0
BRDA:596,55,1,0
BRDA:614,56,0,0
BRDA:617,57,0,0
BRDA:617,57,1,0
BRDA:635,58,0,0
BRDA:635,58,1,0
BRDA:639,59,0,0
BRDA:639,59,1,0
BRDA:639,60,0,0
BRDA:639,60,1,0
BRDA:643,61,0,0
BRDA:643,61,1,0
BRDA:643,62,0,0
BRDA:643,62,1,0
BRDA:648,63,0,0
BRDA:648,63,1,0
BRDA:650,64,0,0
BRDA:650,64,1,0
BRDA:655,65,0,0
BRDA:655,65,1,0
BRDA:659,66,0,0
BRDA:659,66,1,0
BRDA:663,67,0,0
BRDA:663,67,1,0
BRDA:663,68,0,0
BRDA:663,68,1,0
BRDA:663,68,2,0
BRDA:672,69,0,0
BRDA:672,69,1,0
BRDA:674,70,0,0
BRDA:674,70,1,0
BRDA:678,71,0,0
BRDA:678,71,1,0
BRDA:682,72,0,0
BRDA:682,72,1,0
BRDA:682,73,0,0
BRDA:682,73,1,0
BRDA:682,73,2,0
BRDA:698,74,0,0
BRDA:698,74,1,0
BRDA:699,75,0,0
BRDA:699,75,1,0
BRDA:721,76,0,0
BRDA:721,76,1,0
BRDA:725,77,0,0
BRDA:725,77,1,0
BRDA:731,78,0,0
BRDA:731,78,1,0
BRDA:732,79,0,0
BRDA:732,79,1,0
BRDA:735,80,0,0
BRDA:735,80,1,0
BRDA:739,81,0,0
BRDA:739,81,1,0
BRDA:739,82,0,0
BRDA:739,82,1,0
BRDA:743,83,0,0
BRDA:743,83,1,0
BRDA:749,84,0,0
BRDA:749,84,1,0
BRDA:750,85,0,0
BRDA:750,85,1,0
BRDA:754,86,0,0
BRDA:754,86,1,0
BRDA:754,86,2,0
BRDA:754,86,3,0
BRDA:754,86,4,0
BRF:196
BRH:0
end_of_record
TN:
SF:src/mid-term/episodic-memory.js
FN:32,(anonymous_0)
FN:52,(anonymous_1)
FN:62,(anonymous_2)
FN:72,(anonymous_3)
FN:88,(anonymous_4)
FN:139,(anonymous_5)
FN:165,(anonymous_6)
FN:196,(anonymous_7)
FN:232,(anonymous_8)
FN:262,(anonymous_9)
FN:275,(anonymous_10)
FN:279,(anonymous_11)
FN:293,(anonymous_12)
FN:316,(anonymous_13)
FN:329,(anonymous_14)
FN:374,(anonymous_15)
FN:387,(anonymous_16)
FN:431,(anonymous_17)
FN:449,(anonymous_18)
FN:454,(anonymous_19)
FN:470,(anonymous_20)
FN:488,(anonymous_21)
FN:493,(anonymous_22)
FN:508,(anonymous_23)
FNF:24
FNH:0
FNDA:0,(anonymous_0)
FNDA:0,(anonymous_1)
FNDA:0,(anonymous_2)
FNDA:0,(anonymous_3)
FNDA:0,(anonymous_4)
FNDA:0,(anonymous_5)
FNDA:0,(anonymous_6)
FNDA:0,(anonymous_7)
FNDA:0,(anonymous_8)
FNDA:0,(anonymous_9)
FNDA:0,(anonymous_10)
FNDA:0,(anonymous_11)
FNDA:0,(anonymous_12)
FNDA:0,(anonymous_13)
FNDA:0,(anonymous_14)
FNDA:0,(anonymous_15)
FNDA:0,(anonymous_16)
FNDA:0,(anonymous_17)
FNDA:0,(anonymous_18)
FNDA:0,(anonymous_19)
FNDA:0,(anonymous_20)
FNDA:0,(anonymous_21)
FNDA:0,(anonymous_22)
FNDA:0,(anonymous_23)
DA:16,1
DA:33,0
DA:34,0
DA:37,0
DA:40,0
DA:43,0
DA:53,0
DA:63,0
DA:73,0
DA:90,0
DA:93,0
DA:96,0
DA:99,0
DA:115,0
DA:118,0
DA:119,0
DA:122,0
DA:123,0
DA:127,0
DA:128,0
DA:131,0
DA:141,0
DA:142,0
DA:144,0
DA:145,0
DA:149,0
DA:151,0
DA:153,0
DA:156,0
DA:167,0
DA:169,0
DA:170,0
DA:174,0
DA:182,0
DA:185,0
DA:186,0
DA:188,0
DA:198,0
DA:200,0
DA:201,0
DA:205,0
DA:207,0
DA:209,0
DA:210,0
DA:213,0
DA:214,0
DA:218,0
DA:219,0
DA:223,0
DA:234,0
DA:235,0
DA:239,0
DA:240,0
DA:244,0
DA:245,0
DA:246,0
DA:250,0
DA:263,0
DA:276,0
DA:279,0
DA:281,0
DA:294,0
DA:318,0
DA:319,0
DA:321,0
DA:323,0
DA:329,0
DA:330,0
DA:331,0
DA:334,0
DA:335,0
DA:336,0
DA:340,0
DA:344,0
DA:345,0
DA:346,0
DA:347,0
DA:349,0
DA:350,0
DA:351,0
DA:352,0
DA:353,0
DA:357,0
DA:358,0
DA:363,0
DA:376,0
DA:377,0
DA:379,0
DA:381,0
DA:387,0
DA:388,0
DA:389,0
DA:392,0
DA:393,0
DA:394,0
DA:398,0
DA:402,0
DA:403,0
DA:404,0
DA:405,0
DA:407,0
DA:408,0
DA:409,0
DA:410,0
DA:411,0
DA:415,0
DA:416,0
DA:421,0
DA:432,0
DA:433,0
DA:436,0
DA:437,0
DA:438,0
DA:450,0
DA:451,0
DA:454,0
DA:456,0
DA:457,0
DA:459,0
DA:471,0
DA:472,0
DA:475,0
DA:476,0
DA:477,0
DA:489,0
DA:490,0
DA:493,0
DA:495,0
DA:496,0
DA:498,0
DA:509,0
DA:513,0
DA:514,0
DA:518,0
DA:519,0
DA:520,0
DA:521,0
DA:525,0
LF:138
LH:1
BRDA:32,0,0,0
BRDA:33,1,0,0
BRDA:33,1,1,0
BRDA:34,2,0,0
BRDA:34,2,1,0
BRDA:40,3,0,0
BRDA:40,3,1,0
BRDA:43,4,0,0
BRDA:43,4,1,0
BRDA:90,5,0,0
BRDA:90,5,1,0
BRDA:102,6,0,0
BRDA:102,6,1,0
BRDA:103,7,0,0
BRDA:103,7,1,0
BRDA:104,8,0,0
BRDA:104,8,1,0
BRDA:105,9,0,0
BRDA:105,9,1,0
BRDA:108,10,0,0
BRDA:108,10,1,0
BRDA:109,11,0,0
BRDA:109,11,1,0
BRDA:110,12,0,0
BRDA:110,12,1,0
BRDA:111,13,0,0
BRDA:111,13,1,0
BRDA:122,14,0,0
BRDA:122,14,1,0
BRDA:127,15,0,0
BRDA:127,15,1,0
BRDA:144,16,0,0
BRDA:144,16,1,0
BRDA:151,17,0,0
BRDA:151,17,1,0
BRDA:169,18,0,0
BRDA:169,18,1,0
BRDA:200,19,0,0
BRDA:200,19,1,0
BRDA:207,20,0,0
BRDA:207,20,1,0
BRDA:213,21,0,0
BRDA:213,21,1,0
BRDA:218,22,0,0
BRDA:218,22,1,0
BRDA:232,23,0,0
BRDA:232,24,0,0
BRDA:234,25,0,0
BRDA:234,25,1,0
BRDA:234,26,0,0
BRDA:234,26,1,0
BRDA:234,26,2,0
BRDA:239,27,0,0
BRDA:239,27,1,0
BRDA:239,28,0,0
BRDA:239,28,1,0
BRDA:244,29,0,0
BRDA:244,29,1,0
BRDA:246,30,0,0
BRDA:246,30,1,0
BRDA:252,31,0,0
BRDA:252,31,1,0
BRDA:262,32,0,0
BRDA:275,33,0,0
BRDA:293,34,0,0
BRDA:316,35,0,0
BRDA:316,36,0,0
BRDA:319,37,0,0
BRDA:319,37,1,0
BRDA:321,38,0,0
BRDA:321,38,1,0
BRDA:330,39,0,0
BRDA:330,39,1,0
BRDA:347,40,0,0
BRDA:347,40,1,0
BRDA:351,41,0,0
BRDA:351,41,1,0
BRDA:351,42,0,0
BRDA:351,42,1,0
BRDA:357,43,0,0
BRDA:357,43,1,0
BRDA:374,44,0,0
BRDA:374,45,0,0
BRDA:377,46,0,0
BRDA:377,46,1,0
BRDA:379,47,0,0
BRDA:379,47,1,0
BRDA:388,48,0,0
BRDA:388,48,1,0
BRDA:405,49,0,0
BRDA:405,49,1,0
BRDA:409,50,0,0
BRDA:409,50,1,0
BRDA:409,51,0,0
BRDA:409,51,1,0
BRDA:415,52,0,0
BRDA:415,52,1,0
BRDA:433,53,0,0
BRDA:433,53,1,0
BRDA:436,54,0,0
BRDA:436,54,1,0
BRDA:451,55,0,0
BRDA:451,55,1,0
BRDA:456,56,0,0
BRDA:456,56,1,0
BRDA:472,57,0,0
BRDA:472,57,1,0
BRDA:475,58,0,0
BRDA:475,58,1,0
BRDA:490,59,0,0
BRDA:490,59,1,0
BRDA:495,60,0,0
BRDA:495,60,1,0
BRDA:513,61,0,0
BRDA:513,61,1,0
BRDA:520,62,0,0
BRDA:520,62,1,0
BRDA:520,63,0,0
BRDA:520,63,1,0
BRF:119
BRH:0
end_of_record
TN:
SF:src/mid-term/index.js
FN:22,initializeMidTermMemory
FNF:1
FNH:0
FNDA:0,initializeMidTermMemory
DA:23,0
DA:24,0
DA:29,0
LF:3
LH:0
BRDA:22,0,0,0
BRF:1
BRH:0
end_of_record
TN:
SF:src/mid-term/user-profile.js
FN:33,(anonymous_0)
FN:54,(anonymous_1)
FN:65,(anonymous_2)
FN:74,(anonymous_3)
FN:144,(anonymous_4)
FN:216,(anonymous_5)
FN:241,(anonymous_6)
FN:268,(anonymous_7)
FN:297,(anonymous_8)
FN:313,(anonymous_9)
FN:354,(anonymous_10)
FN:375,(anonymous_11)
FNF:12
FNH:0
FNDA:0,(anonymous_0)
FNDA:0,(anonymous_1)
FNDA:0,(anonymous_2)
FNDA:0,(anonymous_3)
FNDA:0,(anonymous_4)
FNDA:0,(anonymous_5)
FNDA:0,(anonymous_6)
FNDA:0,(anonymous_7)
FNDA:0,(anonymous_8)
FNDA:0,(anonymous_9)
FNDA:0,(anonymous_10)
FNDA:0,(anonymous_11)
DA:17,1
DA:34,0
DA:35,0
DA:36,0
DA:39,0
DA:42,0
DA:45,0
DA:55,0
DA:66,0
DA:76,0
DA:77,0
DA:79,0
DA:80,0
DA:84,0
DA:90,0
DA:98,0
DA:99,0
DA:100,0
DA:101,0
DA:103,0
DA:104,0
DA:107,0
DA:115,0
DA:116,0
DA:119,0
DA:120,0
DA:123,0
DA:128,0
DA:130,0
DA:146,0
DA:149,0
DA:152,0
DA:162,0
DA:170,0
DA:172,0
DA:173,0
DA:175,0
DA:181,0
DA:183,0
DA:199,0
DA:203,0
DA:204,0
DA:206,0
DA:218,0
DA:219,0
DA:221,0
DA:222,0
DA:226,0
DA:228,0
DA:229,0
DA:232,0
DA:243,0
DA:244,0
DA:246,0
DA:247,0
DA:251,0
DA:253,0
DA:256,0
DA:258,0
DA:270,0
DA:276,0
DA:277,0
DA:281,0
DA:282,0
DA:286,0
DA:287,0
DA:289,0
DA:299,0
DA:305,0
DA:311,0
DA:312,0
DA:313,0
DA:314,0
DA:317,0
DA:321,0
DA:322,0
DA:323,0
DA:324,0
DA:326,0
DA:330,0
DA:336,0
DA:345,0
DA:355,0
DA:356,0
DA:357,0
DA:365,0
DA:377,0
DA:380,0
DA:383,0
DA:384,0
DA:386,0
DA:389,0
DA:393,0
DA:402,0
LF:94
LH:1
BRDA:33,0,0,0
BRDA:34,1,0,0
BRDA:34,1,1,0
BRDA:35,2,0,0
BRDA:35,2,1,0
BRDA:36,3,0,0
BRDA:36,3,1,0
BRDA:42,4,0,0
BRDA:42,4,1,0
BRDA:45,5,0,0
BRDA:45,5,1,0
BRDA:79,6,0,0
BRDA:79,6,1,0
BRDA:101,7,0,0
BRDA:101,7,1,0
BRDA:103,8,0,0
BRDA:103,8,1,0
BRDA:109,9,0,0
BRDA:109,9,1,0
BRDA:111,10,0,0
BRDA:111,10,1,0
BRDA:115,11,0,0
BRDA:115,11,1,0
BRDA:115,12,0,0
BRDA:115,12,1,0
BRDA:119,13,0,0
BRDA:119,13,1,0
BRDA:119,14,0,0
BRDA:119,14,1,0
BRDA:144,15,0,0
BRDA:155,16,0,0
BRDA:155,16,1,0
BRDA:156,17,0,0
BRDA:156,17,1,0
BRDA:157,18,0,0
BRDA:157,18,1,0
BRDA:165,19,0,0
BRDA:165,19,1,0
BRDA:170,20,0,0
BRDA:170,20,1,0
BRDA:192,21,0,0
BRDA:192,21,1,0
BRDA:194,22,0,0
BRDA:194,22,1,0
BRDA:204,23,0,0
BRDA:204,23,1,0
BRDA:216,24,0,0
BRDA:221,25,0,0
BRDA:221,25,1,0
BRDA:221,26,0,0
BRDA:221,26,1,0
BRDA:228,27,0,0
BRDA:228,27,1,0
BRDA:228,28,0,0
BRDA:228,28,1,0
BRDA:246,29,0,0
BRDA:246,29,1,0
BRDA:253,30,0,0
BRDA:253,30,1,0
BRDA:268,31,0,0
BRDA:276,32,0,0
BRDA:276,32,1,0
BRDA:311,33,0,0
BRDA:311,33,1,0
BRDA:321,34,0,0
BRDA:321,34,1,0
BRDA:323,35,0,0
BRDA:323,35,1,0
BRDA:354,36,0,0
BRDA:359,37,0,0
BRDA:359,37,1,0
BRDA:360,38,0,0
BRDA:360,38,1,0
BRDA:375,39,0,0
BRDA:386,40,0,0
BRDA:386,40,1,0
BRDA:389,41,0,0
BRDA:389,41,1,0
BRDA:389,42,0,0
BRDA:389,42,1,0
BRDA:389,42,2,0
BRDA:391,43,0,0
BRDA:391,43,1,0
BRF:83
BRH:0
end_of_record
TN:
SF:src/short-term/context-manager.js
FN:30,(anonymous_0)
FN:49,(anonymous_1)
FN:91,(anonymous_2)
FN:115,(anonymous_3)
FN:154,(anonymous_4)
FN:188,(anonymous_5)
FN:212,(anonymous_6)
FN:222,(anonymous_7)
FN:230,(anonymous_8)
FN:243,(anonymous_9)
FN:265,(anonymous_10)
FN:272,(anonymous_11)
FN:282,(anonymous_12)
FN:288,(anonymous_13)
FN:294,(anonymous_14)
FN:302,(anonymous_15)
FN:333,(anonymous_16)
FNF:17
FNH:0
FNDA:0,(anonymous_0)
FNDA:0,(anonymous_1)
FNDA:0,(anonymous_2)
FNDA:0,(anonymous_3)
FNDA:0,(anonymous_4)
FNDA:0,(anonymous_5)
FNDA:0,(anonymous_6)
FNDA:0,(anonymous_7)
FNDA:0,(anonymous_8)
FNDA:0,(anonymous_9)
FNDA:0,(anonymous_10)
FNDA:0,(anonymous_11)
FNDA:0,(anonymous_12)
FNDA:0,(anonymous_13)
FNDA:0,(anonymous_14)
FNDA:0,(anonymous_15)
FNDA:0,(anonymous_16)
DA:15,1
DA:31,0
DA:34,0
DA:37,0
DA:40,0
DA:51,0
DA:54,0
DA:67,0
DA:78,0
DA:81,0
DA:83,0
DA:92,0
DA:97,0
DA:98,0
DA:101,0
DA:102,0
DA:104,0
DA:105,0
DA:116,0
DA:118,0
DA:119,0
DA:123,0
DA:133,0
DA:138,0
DA:139,0
DA:144,0
DA:156,0
DA:158,0
DA:159,0
DA:163,0
DA:175,0
DA:179,0
DA:190,0
DA:192,0
DA:193,0
DA:197,0
DA:201,0
DA:202,0
DA:205,0
DA:209,0
DA:212,0
DA:214,0
DA:223,0
DA:231,0
DA:232,0
DA:233,0
DA:235,0
DA:244,0
DA:246,0
DA:247,0
DA:251,0
DA:254,0
DA:256,0
DA:267,0
DA:272,0
DA:273,0
DA:274,0
DA:275,0
DA:277,0
DA:282,0
DA:285,0
DA:288,0
DA:289,0
DA:290,0
DA:292,0
DA:294,0
DA:304,0
DA:306,0
DA:307,0
DA:311,0
DA:314,0
DA:315,0
DA:318,0
DA:319,0
DA:320,0
DA:324,0
DA:334,0
LF:77
LH:1
BRDA:30,0,0,0
BRDA:31,1,0,0
BRDA:31,1,1,0
BRDA:37,2,0,0
BRDA:37,2,1,0
BRDA:40,3,0,0
BRDA:40,3,1,0
BRDA:49,4,0,0
BRDA:49,5,0,0
BRDA:97,6,0,0
BRDA:97,6,1,0
BRDA:115,7,0,0
BRDA:118,8,0,0
BRDA:118,8,1,0
BRDA:138,9,0,0
BRDA:138,9,1,0
BRDA:154,10,0,0
BRDA:158,11,0,0
BRDA:158,11,1,0
BRDA:164,12,0,0
BRDA:164,12,1,0
BRDA:188,13,0,0
BRDA:192,14,0,0
BRDA:192,14,1,0
BRDA:201,15,0,0
BRDA:201,15,1,0
BRDA:222,16,0,0
BRDA:223,17,0,0
BRDA:223,17,1,0
BRDA:246,18,0,0
BRDA:246,18,1,0
BRDA:265,19,0,0
BRDA:265,20,0,0
BRDA:306,21,0,0
BRDA:306,21,1,0
BRDA:314,22,0,0
BRDA:314,22,1,0
BRDA:318,23,0,0
BRDA:318,23,1,0
BRDA:318,24,0,0
BRDA:318,24,1,0
BRF:41
BRH:0
end_of_record
TN:
SF:src/short-term/index.js
FN:22,initializeShortTermMemory
FNF:1
FNH:0
FNDA:0,initializeShortTermMemory
DA:23,0
DA:24,0
DA:29,0
LF:3
LH:0
BRDA:22,0,0,0
BRF:1
BRH:0
end_of_record
TN:
SF:src/short-term/working-memory.js
FN:32,(anonymous_0)
FN:54,(anonymous_1)
FN:64,(anonymous_2)
FN:78,(anonymous_3)
FN:127,(anonymous_4)
FN:158,(anonymous_5)
FN:171,(anonymous_6)
FN:198,(anonymous_7)
FN:219,(anonymous_8)
FN:227,(anonymous_9)
FN:236,(anonymous_10)
FN:246,(anonymous_11)
FN:272,(anonymous_12)
FN:290,(anonymous_13)
FN:295,(anonymous_14)
FN:310,(anonymous_15)
FN:322,(anonymous_16)
FNF:17
FNH:0
FNDA:0,(anonymous_0)
FNDA:0,(anonymous_1)
FNDA:0,(anonymous_2)
FNDA:0,(anonymous_3)
FNDA:0,(anonymous_4)
FNDA:0,(anonymous_5)
FNDA:0,(anonymous_6)
FNDA:0,(anonymous_7)
FNDA:0,(anonymous_8)
FNDA:0,(anonymous_9)
FNDA:0,(anonymous_10)
FNDA:0,(anonymous_11)
FNDA:0,(anonymous_12)
FNDA:0,(anonymous_13)
FNDA:0,(anonymous_14)
FNDA:0,(anonymous_15)
FNDA:0,(anonymous_16)
DA:16,1
DA:33,0
DA:36,0
DA:39,0
DA:42,0
DA:45,0
DA:55,0
DA:65,0
DA:80,0
DA:83,0
DA:86,0
DA:89,0
DA:92,0
DA:107,0
DA:108,0
DA:111,0
DA:114,0
DA:116,0
DA:129,0
DA:130,0
DA:131,0
DA:132,0
DA:136,0
DA:139,0
DA:140,0
DA:142,0
DA:143,0
DA:147,0
DA:148,0
DA:149,0
DA:150,0
DA:151,0
DA:152,0
DA:157,0
DA:158,0
DA:161,0
DA:172,0
DA:173,0
DA:175,0
DA:176,0
DA:180,0
DA:188,0
DA:190,0
DA:199,0
DA:200,0
DA:202,0
DA:203,0
DA:207,0
DA:210,0
DA:212,0
DA:220,0
DA:228,0
DA:237,0
DA:238,0
DA:247,0
DA:248,0
DA:250,0
DA:251,0
DA:252,0
DA:253,0
DA:254,0
DA:259,0
DA:260,0
DA:262,0
DA:273,0
DA:274,0
DA:277,0
DA:278,0
DA:279,0
DA:291,0
DA:292,0
DA:295,0
DA:297,0
DA:298,0
DA:300,0
DA:311,0
DA:312,0
DA:314,0
DA:315,0
DA:319,0
DA:322,0
DA:325,0
DA:328,0
DA:329,0
LF:84
LH:1
BRDA:32,0,0,0
BRDA:33,1,0,0
BRDA:33,1,1,0
BRDA:39,2,0,0
BRDA:39,2,1,0
BRDA:42,3,0,0
BRDA:42,3,1,0
BRDA:45,4,0,0
BRDA:45,4,1,0
BRDA:78,5,0,0
BRDA:80,6,0,0
BRDA:80,6,1,0
BRDA:83,7,0,0
BRDA:83,7,1,0
BRDA:83,7,2,0
BRDA:95,8,0,0
BRDA:95,8,1,0
BRDA:99,9,0,0
BRDA:99,9,1,0
BRDA:100,10,0,0
BRDA:100,10,1,0
BRDA:127,11,0,0
BRDA:129,12,0,0
BRDA:129,12,1,0
BRDA:132,13,0,0
BRDA:132,13,1,0
BRDA:136,14,0,0
BRDA:136,14,1,0
BRDA:136,14,2,0
BRDA:140,15,0,0
BRDA:140,15,1,0
BRDA:142,16,0,0
BRDA:142,16,1,0
BRDA:151,17,0,0
BRDA:151,17,1,0
BRDA:157,18,0,0
BRDA:157,18,1,0
BRDA:171,19,0,0
BRDA:175,20,0,0
BRDA:175,20,1,0
BRDA:202,21,0,0
BRDA:202,21,1,0
BRDA:237,22,0,0
BRDA:237,22,1,0
BRDA:237,22,2,0
BRDA:247,23,0,0
BRDA:247,23,1,0
BRDA:247,23,2,0
BRDA:253,24,0,0
BRDA:253,24,1,0
BRDA:274,25,0,0
BRDA:274,25,1,0
BRDA:277,26,0,0
BRDA:277,26,1,0
BRDA:292,27,0,0
BRDA:292,27,1,0
BRDA:297,28,0,0
BRDA:297,28,1,0
BRDA:312,29,0,0
BRDA:312,29,1,0
BRDA:314,30,0,0
BRDA:314,30,1,0
BRF:62
BRH:0
end_of_record
